<?xml version="1.0" encoding="utf-8"?>
<coverage line-rate="0.46659999999999996" branch-rate="0.311" version="1.9" timestamp="1788741927" lines-covered="1280" lines-valid="2743" branches-covered="158" branches-valid="508">
  <sources>
    <source>C:\</source>
  </sources>
  <packages>
    <package name="Erp.FiscalPT" line-rate="0.20670000000000002" branch-rate="0.2352" complexity="252">
      <classes>
        <class name="Erp.FiscalPT.FiscalRounding" filename="Git\erp\src\Shared\Erp.FiscalPT\FiscalRounding.cs" line-rate="1" branch-rate="1" complexity="1">
          <methods>
            <method name="Amount" signature="(System.Decimal)" line-rate="1" branch-rate="1" complexity="1">
              <lines>
                <line number="12" hits="187" branch="False" />
              </lines>
            </method>
          </methods>
          <lines>
            <line number="12" hits="187" branch="False" />
          </lines>
        </class>
        <class name="Erp.FiscalPT.Signing.DocumentSignatureString" filename="Git\erp\src\Shared\Erp.FiscalPT\Signing\DocumentSignatureString.cs" line-rate="0" branch-rate="0" complexity="2">
          <methods>
            <method name="Build" signature="(System.DateOnly,System.DateTime,System.String,System.Decimal,System.String)" line-rate="0" branch-rate="0" complexity="2">
              <lines>
                <line number="22" hits="0" branch="False" />
                <line number="23" hits="0" branch="False" />
                <line number="25" hits="0" branch="True" condition-coverage="0% (0/2)">
                  <conditions>
                    <condition number="176" type="jump" coverage="0%" />
                  </conditions>
                </line>
                <line number="26" hits="0" branch="False" />
                <line number="27" hits="0" branch="False" />
                <line number="28" hits="0" branch="False" />
                <line number="29" hits="0" branch="False" />
                <line number="30" hits="0" branch="False" />
                <line number="31" hits="0" branch="False" />
                <line number="32" hits="0" branch="False" />
                <line number="33" hits="0" branch="False" />
                <line number="34" hits="0" branch="False" />
                <line number="35" hits="0" branch="False" />
              </lines>
            </method>
          </methods>
          <lines>
            <line number="22" hits="0" branch="False" />
            <line number="23" hits="0" branch="False" />
            <line number="25" hits="0" branch="True" condition-coverage="0% (0/2)">
              <conditions>
                <condition number="176" type="jump" coverage="0%" />
              </conditions>
            </line>
            <line number="26" hits="0" branch="False" />
            <line number="27" hits="0" branch="False" />
            <line number="28" hits="0" branch="False" />
            <line number="29" hits="0" branch="False" />
            <line number="30" hits="0" branch="False" />
            <line number="31" hits="0" branch="False" />
            <line number="32" hits="0" branch="False" />
            <line number="33" hits="0" branch="False" />
            <line number="34" hits="0" branch="False" />
            <line number="35" hits="0" branch="False" />
          </lines>
        </class>
        <class name="Erp.FiscalPT.Signing.RsaDocumentSigner" filename="Git\erp\src\Shared\Erp.FiscalPT\Signing\RsaDocumentSigner.cs" line-rate="0.2758" branch-rate="0.1666" complexity="9">
          <methods>
            <method name="Sign" signature="(System.String,System.Security.Cryptography.RSA)" line-rate="0" branch-rate="1" complexity="1">
              <lines>
                <line number="16" hits="0" branch="False" />
                <line number="17" hits="0" branch="False" />
                <line number="18" hits="0" branch="False" />
                <line number="20" hits="0" branch="False" />
                <line number="21" hits="0" branch="False" />
                <line number="23" hits="0" branch="False" />
                <line number="24" hits="0" branch="False" />
              </lines>
            </method>
            <method name="Verify" signature="(System.String,System.String,System.Security.Cryptography.RSA)" line-rate="0" branch-rate="0" complexity="4">
              <lines>
                <line number="27" hits="0" branch="False" />
                <line number="28" hits="0" branch="False" />
                <line number="30" hits="0" branch="True" condition-coverage="0% (0/4)">
                  <conditions>
                    <condition number="19" type="jump" coverage="0%" />
                    <condition number="32" type="jump" coverage="0%" />
                  </conditions>
                </line>
                <line number="31" hits="0" branch="False" />
                <line number="35" hits="0" branch="False" />
                <line number="36" hits="0" branch="False" />
                <line number="37" hits="0" branch="False" />
                <line number="38" hits="0" branch="False" />
                <line number="39" hits="0" branch="False" />
                <line number="40" hits="0" branch="False" />
                <line number="43" hits="0" branch="False" />
                <line number="44" hits="0" branch="False" />
                <line number="45" hits="0" branch="False" />
              </lines>
            </method>
            <method name="ExtractPrintableHash" signature="(System.String)" line-rate="0.8571" branch-rate="0.5" complexity="2">
              <lines>
                <line number="52" hits="56" branch="False" />
                <line number="53" hits="56" branch="False" />
                <line number="55" hits="56" branch="False" />
                <line number="56" hits="56" branch="True" condition-coverage="50% (1/2)">
                  <conditions>
                    <condition number="59" type="jump" coverage="50%" />
                  </conditions>
                </line>
                <line number="57" hits="0" branch="False" />
                <line number="59" hits="280" branch="False" />
                <line number="60" hits="56" branch="False" />
              </lines>
            </method>
            <method name="ExtractQrCodeHash" signature="(System.String)" line-rate="1" branch-rate="1" complexity="1">
              <lines>
                <line number="64" hits="25" branch="False" />
              </lines>
            </method>
            <method name=".cctor" signature="()" line-rate="1" branch-rate="1" complexity="1">
              <lines>
                <line number="13" hits="1" branch="False" />
              </lines>
            </method>
          </methods>
          <lines>
            <line number="16" hits="0" branch="False" />
            <line number="17" hits="0" branch="False" />
            <line number="18" hits="0" branch="False" />
            <line number="20" hits="0" branch="False" />
            <line number="21" hits="0" branch="False" />
            <line number="23" hits="0" branch="False" />
            <line number="24" hits="0" branch="False" />
            <line number="27" hits="0" branch="False" />
            <line number="28" hits="0" branch="False" />
            <line number="30" hits="0" branch="True" condition-coverage="0% (0/4)">
              <conditions>
                <condition number="19" type="jump" coverage="0%" />
                <condition number="32" type="jump" coverage="0%" />
              </conditions>
            </line>
            <line number="31" hits="0" branch="False" />
            <line number="35" hits="0" branch="False" />
            <line number="36" hits="0" branch="False" />
            <line number="37" hits="0" branch="False" />
            <line number="38" hits="0" branch="False" />
            <line number="39" hits="0" branch="False" />
            <line number="40" hits="0" branch="False" />
            <line number="43" hits="0" branch="False" />
            <line number="44" hits="0" branch="False" />
            <line number="45" hits="0" branch="False" />
            <line number="52" hits="56" branch="False" />
            <line number="53" hits="56" branch="False" />
            <line number="55" hits="56" branch="False" />
            <line number="56" hits="56" branch="True" condition-coverage="50% (1/2)">
              <conditions>
                <condition number="59" type="jump" coverage="50%" />
              </conditions>
            </line>
            <line number="57" hits="0" branch="False" />
            <line number="59" hits="280" branch="False" />
            <line number="60" hits="56" branch="False" />
            <line number="64" hits="25" branch="False" />
            <line number="13" hits="1" branch="False" />
          </lines>
        </class>
        <class name="Erp.FiscalPT.Saft.SaftAddress" filename="Git\erp\src\Shared\Erp.FiscalPT\Saft\SaftAddress.cs" line-rate="0" branch-rate="1" complexity="4">
          <methods>
            <method name="get_AddressDetail" signature="()" line-rate="0" branch-rate="1" complexity="1">
              <lines>
                <line number="6" hits="0" branch="False" />
              </lines>
            </method>
            <method name="get_City" signature="()" line-rate="0" branch-rate="1" complexity="1">
              <lines>
                <line number="8" hits="0" branch="False" />
              </lines>
            </method>
            <method name="get_PostalCode" signature="()" line-rate="0" branch-rate="1" complexity="1">
              <lines>
                <line number="10" hits="0" branch="False" />
              </lines>
            </method>
            <method name="get_Country" signature="()" line-rate="0" branch-rate="1" complexity="1">
              <lines>
                <line number="12" hits="0" branch="False" />
              </lines>
            </method>
          </methods>
          <lines>
            <line number="6" hits="0" branch="False" />
            <line number="8" hits="0" branch="False" />
            <line number="10" hits="0" branch="False" />
            <line number="12" hits="0" branch="False" />
          </lines>
        </class>
        <class name="Erp.FiscalPT.Saft.SaftAuditFile" filename="Git\erp\src\Shared\Erp.FiscalPT\Saft\SaftAuditFile.cs" line-rate="0" branch-rate="1" complexity="7">
          <methods>
            <method name="get_Header" signature="()" line-rate="0" branch-rate="1" complexity="1">
              <lines>
                <line number="9" hits="0" branch="False" />
              </lines>
            </method>
            <method name="get_Customers" signature="()" line-rate="0" branch-rate="1" complexity="1">
              <lines>
                <line number="11" hits="0" branch="False" />
              </lines>
            </method>
            <method name="get_Products" signature="()" line-rate="0" branch-rate="1" complexity="1">
              <lines>
                <line number="13" hits="0" branch="False" />
              </lines>
            </method>
            <method name="get_TaxTable" signature="()" line-rate="0" branch-rate="1" complexity="1">
              <lines>
                <line number="15" hits="0" branch="False" />
              </lines>
            </method>
            <method name="get_Invoices" signature="()" line-rate="0" branch-rate="1" complexity="1">
              <lines>
                <line number="17" hits="0" branch="False" />
              </lines>
            </method>
            <method name="get_StockMovements" signature="()" line-rate="0" branch-rate="1" complexity="1">
              <lines>
                <line number="19" hits="0" branch="False" />
              </lines>
            </method>
            <method name="get_Payments" signature="()" line-rate="0" branch-rate="1" complexity="1">
              <lines>
                <line number="21" hits="0" branch="False" />
              </lines>
            </method>
          </methods>
          <lines>
            <line number="9" hits="0" branch="False" />
            <line number="11" hits="0" branch="False" />
            <line number="13" hits="0" branch="False" />
            <line number="15" hits="0" branch="False" />
            <line number="17" hits="0" branch="False" />
            <line number="19" hits="0" branch="False" />
            <line number="21" hits="0" branch="False" />
          </lines>
        </class>
        <class name="Erp.FiscalPT.Saft.SaftConstants" filename="Git\erp\src\Shared\Erp.FiscalPT\Saft\SaftConstants.cs" line-rate="0" branch-rate="1" complexity="2">
          <methods>
            <method name="IsDebitDocument" signature="(System.String)" line-rate="0" branch-rate="1" complexity="1">
              <lines>
                <line number="41" hits="0" branch="False" />
              </lines>
            </method>
            <method name=".cctor" signature="()" line-rate="0" branch-rate="1" complexity="1">
              <lines>
                <line number="37" hits="0" branch="False" />
              </lines>
            </method>
          </methods>
          <lines>
            <line number="41" hits="0" branch="False" />
            <line number="37" hits="0" branch="False" />
          </lines>
        </class>
        <class name="Erp.FiscalPT.Saft.SaftCustomer" filename="Git\erp\src\Shared\Erp.FiscalPT\Saft\SaftCustomer.cs" line-rate="0" branch-rate="1" complexity="6">
          <methods>
            <method name="get_CustomerId" signature="()" line-rate="0" branch-rate="1" complexity="1">
              <lines>
                <line number="6" hits="0" branch="False" />
              </lines>
            </method>
            <method name="get_AccountId" signature="()" line-rate="0" branch-rate="1" complexity="1">
              <lines>
                <line number="9" hits="0" branch="False" />
              </lines>
            </method>
            <method name="get_CustomerTaxId" signature="()" line-rate="0" branch-rate="1" complexity="1">
              <lines>
                <line number="11" hits="0" branch="False" />
              </lines>
            </method>
            <method name="get_CompanyName" signature="()" line-rate="0" branch-rate="1" complexity="1">
              <lines>
                <line number="13" hits="0" branch="False" />
              </lines>
            </method>
            <method name="get_BillingAddress" signature="()" line-rate="0" branch-rate="1" complexity="1">
              <lines>
                <line number="15" hits="0" branch="False" />
              </lines>
            </method>
            <method name="get_SelfBilling" signature="()" line-rate="0" branch-rate="1" complexity="1">
              <lines>
                <line number="18" hits="0" branch="False" />
              </lines>
            </method>
          </methods>
          <lines>
            <line number="6" hits="0" branch="False" />
            <line number="9" hits="0" branch="False" />
            <line number="11" hits="0" branch="False" />
            <line number="13" hits="0" branch="False" />
            <line number="15" hits="0" branch="False" />
            <line number="18" hits="0" branch="False" />
          </lines>
        </class>
        <class name="Erp.FiscalPT.Saft.SaftDocumentStatus" filename="Git\erp\src\Shared\Erp.FiscalPT\Saft\SaftDocumentStatus.cs" line-rate="0" branch-rate="1" complexity="5">
          <methods>
            <method name="get_Status" signature="()" line-rate="0" branch-rate="1" complexity="1">
              <lines>
                <line number="10" hits="0" branch="False" />
              </lines>
            </method>
            <method name="get_StatusDate" signature="()" line-rate="0" branch-rate="1" complexity="1">
              <lines>
                <line number="12" hits="0" branch="False" />
              </lines>
            </method>
            <method name="get_Reason" signature="()" line-rate="0" branch-rate="1" complexity="1">
              <lines>
                <line number="15" hits="0" branch="False" />
              </lines>
            </method>
            <method name="get_SourceId" signature="()" line-rate="0" branch-rate="1" complexity="1">
              <lines>
                <line number="18" hits="0" branch="False" />
              </lines>
            </method>
            <method name="get_SourceBilling" signature="()" line-rate="0" branch-rate="1" complexity="1">
              <lines>
                <line number="21" hits="0" branch="False" />
              </lines>
            </method>
          </methods>
          <lines>
            <line number="10" hits="0" branch="False" />
            <line number="12" hits="0" branch="False" />
            <line number="15" hits="0" branch="False" />
            <line number="18" hits="0" branch="False" />
            <line number="21" hits="0" branch="False" />
          </lines>
        </class>
        <class name="Erp.FiscalPT.Saft.SaftDocumentTotals" filename="Git\erp\src\Shared\Erp.FiscalPT\Saft\SaftDocumentTotals.cs" line-rate="0" branch-rate="1" complexity="3">
          <methods>
            <method name="get_TaxPayable" signature="()" line-rate="0" branch-rate="1" complexity="1">
              <lines>
                <line number="6" hits="0" branch="False" />
              </lines>
            </method>
            <method name="get_NetTotal" signature="()" line-rate="0" branch-rate="1" complexity="1">
              <lines>
                <line number="8" hits="0" branch="False" />
              </lines>
            </method>
            <method name="get_GrossTotal" signature="()" line-rate="0" branch-rate="1" complexity="1">
              <lines>
                <line number="10" hits="0" branch="False" />
              </lines>
            </method>
          </methods>
          <lines>
            <line number="6" hits="0" branch="False" />
            <line number="8" hits="0" branch="False" />
            <line number="10" hits="0" branch="False" />
          </lines>
        </class>
        <class name="Erp.FiscalPT.Saft.SaftHeader" filename="Git\erp\src\Shared\Erp.FiscalPT\Saft\SaftHeader.cs" line-rate="0" branch-rate="1" complexity="16">
          <methods>
            <method name="get_CompanyId" signature="()" line-rate="0" branch-rate="1" complexity="1">
              <lines>
                <line number="10" hits="0" branch="False" />
              </lines>
            </method>
            <method name="get_TaxRegistrationNumber" signature="()" line-rate="0" branch-rate="1" complexity="1">
              <lines>
                <line number="13" hits="0" branch="False" />
              </lines>
            </method>
            <method name="get_CompanyName" signature="()" line-rate="0" branch-rate="1" complexity="1">
              <lines>
                <line number="15" hits="0" branch="False" />
              </lines>
            </method>
            <method name="get_BusinessName" signature="()" line-rate="0" branch-rate="1" complexity="1">
              <lines>
                <line number="17" hits="0" branch="False" />
              </lines>
            </method>
            <method name="get_CompanyAddress" signature="()" line-rate="0" branch-rate="1" complexity="1">
              <lines>
                <line number="19" hits="0" branch="False" />
              </lines>
            </method>
            <method name="get_FiscalYear" signature="()" line-rate="0" branch-rate="1" complexity="1">
              <lines>
                <line number="21" hits="0" branch="False" />
              </lines>
            </method>
            <method name="get_StartDate" signature="()" line-rate="0" branch-rate="1" complexity="1">
              <lines>
                <line number="23" hits="0" branch="False" />
              </lines>
            </method>
            <method name="get_EndDate" signature="()" line-rate="0" branch-rate="1" complexity="1">
              <lines>
                <line number="25" hits="0" branch="False" />
              </lines>
            </method>
            <method name="get_DateCreated" signature="()" line-rate="0" branch-rate="1" complexity="1">
              <lines>
                <line number="27" hits="0" branch="False" />
              </lines>
            </method>
            <method name="get_ProductCompanyTaxId" signature="()" line-rate="0" branch-rate="1" complexity="1">
              <lines>
                <line number="30" hits="0" branch="False" />
              </lines>
            </method>
            <method name="get_SoftwareCertificateNumber" signature="()" line-rate="0" branch-rate="1" complexity="1">
              <lines>
                <line number="33" hits="0" branch="False" />
              </lines>
            </method>
            <method name="get_ProductId" signature="()" line-rate="0" branch-rate="1" complexity="1">
              <lines>
                <line number="36" hits="0" branch="False" />
              </lines>
            </method>
            <method name="get_ProductVersion" signature="()" line-rate="0" branch-rate="1" complexity="1">
              <lines>
                <line number="38" hits="0" branch="False" />
              </lines>
            </method>
            <method name="get_Telephone" signature="()" line-rate="0" branch-rate="1" complexity="1">
              <lines>
                <line number="40" hits="0" branch="False" />
              </lines>
            </method>
            <method name="get_Email" signature="()" line-rate="0" branch-rate="1" complexity="1">
              <lines>
                <line number="42" hits="0" branch="False" />
              </lines>
            </method>
            <method name="get_HeaderComment" signature="()" line-rate="0" branch-rate="1" complexity="1">
              <lines>
                <line number="44" hits="0" branch="False" />
              </lines>
            </method>
          </methods>
          <lines>
            <line number="10" hits="0" branch="False" />
            <line number="13" hits="0" branch="False" />
            <line number="15" hits="0" branch="False" />
            <line number="17" hits="0" branch="False" />
            <line number="19" hits="0" branch="False" />
            <line number="21" hits="0" branch="False" />
            <line number="23" hits="0" branch="False" />
            <line number="25" hits="0" branch="False" />
            <line number="27" hits="0" branch="False" />
            <line number="30" hits="0" branch="False" />
            <line number="33" hits="0" branch="False" />
            <line number="36" hits="0" branch="False" />
            <line number="38" hits="0" branch="False" />
            <line number="40" hits="0" branch="False" />
            <line number="42" hits="0" branch="False" />
            <line number="44" hits="0" branch="False" />
          </lines>
        </class>
        <class name="Erp.FiscalPT.Saft.SaftInvoice" filename="Git\erp\src\Shared\Erp.FiscalPT\Saft\SaftInvoice.cs" line-rate="0" branch-rate="1" complexity="16">
          <methods>
            <method name="get_InvoiceNo" signature="()" line-rate="0" branch-rate="1" complexity="1">
              <lines>
                <line number="6" hits="0" branch="False" />
              </lines>
            </method>
            <method name="get_Atcud" signature="()" line-rate="0" branch-rate="1" complexity="1">
              <lines>
                <line number="8" hits="0" branch="False" />
              </lines>
            </method>
            <method name="get_DocumentStatus" signature="()" line-rate="0" branch-rate="1" complexity="1">
              <lines>
                <line number="10" hits="0" branch="False" />
              </lines>
            </method>
            <method name="get_Hash" signature="()" line-rate="0" branch-rate="1" complexity="1">
              <lines>
                <line number="12" hits="0" branch="False" />
              </lines>
            </method>
            <method name="get_HashControl" signature="()" line-rate="0" branch-rate="1" complexity="1">
              <lines>
                <line number="14" hits="0" branch="False" />
              </lines>
            </method>
            <method name="get_Period" signature="()" line-rate="0" branch-rate="1" complexity="1">
              <lines>
                <line number="17" hits="0" branch="False" />
              </lines>
            </method>
            <method name="get_InvoiceDate" signature="()" line-rate="0" branch-rate="1" complexity="1">
              <lines>
                <line number="19" hits="0" branch="False" />
              </lines>
            </method>
            <method name="get_InvoiceType" signature="()" line-rate="0" branch-rate="1" complexity="1">
              <lines>
                <line number="22" hits="0" branch="False" />
              </lines>
            </method>
            <method name="get_SelfBilling" signature="()" line-rate="0" branch-rate="1" complexity="1">
              <lines>
                <line number="24" hits="0" branch="False" />
              </lines>
            </method>
            <method name="get_CashVatScheme" signature="()" line-rate="0" branch-rate="1" complexity="1">
              <lines>
                <line number="26" hits="0" branch="False" />
              </lines>
            </method>
            <method name="get_ThirdPartiesBilling" signature="()" line-rate="0" branch-rate="1" complexity="1">
              <lines>
                <line number="28" hits="0" branch="False" />
              </lines>
            </method>
            <method name="get_SourceId" signature="()" line-rate="0" branch-rate="1" complexity="1">
              <lines>
                <line number="30" hits="0" branch="False" />
              </lines>
            </method>
            <method name="get_SystemEntryDate" signature="()" line-rate="0" branch-rate="1" complexity="1">
              <lines>
                <line number="32" hits="0" branch="False" />
              </lines>
            </method>
            <method name="get_CustomerId" signature="()" line-rate="0" branch-rate="1" complexity="1">
              <lines>
                <line number="34" hits="0" branch="False" />
              </lines>
            </method>
            <method name="get_Lines" signature="()" line-rate="0" branch-rate="1" complexity="1">
              <lines>
                <line number="36" hits="0" branch="False" />
              </lines>
            </method>
            <method name="get_Totals" signature="()" line-rate="0" branch-rate="1" complexity="1">
              <lines>
                <line number="38" hits="0" branch="False" />
              </lines>
            </method>
          </methods>
          <lines>
            <line number="6" hits="0" branch="False" />
            <line number="8" hits="0" branch="False" />
            <line number="10" hits="0" branch="False" />
            <line number="12" hits="0" branch="False" />
            <line number="14" hits="0" branch="False" />
            <line number="17" hits="0" branch="False" />
            <line number="19" hits="0" branch="False" />
            <line number="22" hits="0" branch="False" />
            <line number="24" hits="0" branch="False" />
            <line number="26" hits="0" branch="False" />
            <line number="28" hits="0" branch="False" />
            <line number="30" hits="0" branch="False" />
            <line number="32" hits="0" branch="False" />
            <line number="34" hits="0" branch="False" />
            <line number="36" hits="0" branch="False" />
            <line number="38" hits="0" branch="False" />
          </lines>
        </class>
        <class name="Erp.FiscalPT.Saft.SaftInvoiceLine" filename="Git\erp\src\Shared\Erp.FiscalPT\Saft\SaftInvoiceLine.cs" line-rate="0" branch-rate="1" complexity="12">
          <methods>
            <method name="get_LineNumber" signature="()" line-rate="0" branch-rate="1" complexity="1">
              <lines>
                <line number="6" hits="0" branch="False" />
              </lines>
            </method>
            <method name="get_ProductCode" signature="()" line-rate="0" branch-rate="1" complexity="1">
              <lines>
                <line number="8" hits="0" branch="False" />
              </lines>
            </method>
            <method name="get_ProductDescription" signature="()" line-rate="0" branch-rate="1" complexity="1">
              <lines>
                <line number="10" hits="0" branch="False" />
              </lines>
            </method>
            <method name="get_Quantity" signature="()" line-rate="0" branch-rate="1" complexity="1">
              <lines>
                <line number="12" hits="0" branch="False" />
              </lines>
            </method>
            <method name="get_UnitOfMeasure" signature="()" line-rate="0" branch-rate="1" complexity="1">
              <lines>
                <line number="14" hits="0" branch="False" />
              </lines>
            </method>
            <method name="get_UnitPrice" signature="()" line-rate="0" branch-rate="1" complexity="1">
              <lines>
                <line number="16" hits="0" branch="False" />
              </lines>
            </method>
            <method name="get_TaxPointDate" signature="()" line-rate="0" branch-rate="1" complexity="1">
              <lines>
                <line number="19" hits="0" branch="False" />
              </lines>
            </method>
            <method name="get_Description" signature="()" line-rate="0" branch-rate="1" complexity="1">
              <lines>
                <line number="21" hits="0" branch="False" />
              </lines>
            </method>
            <method name="get_Amount" signature="()" line-rate="0" branch-rate="1" complexity="1">
              <lines>
                <line number="24" hits="0" branch="False" />
              </lines>
            </method>
            <method name="get_Tax" signature="()" line-rate="0" branch-rate="1" complexity="1">
              <lines>
                <line number="26" hits="0" branch="False" />
              </lines>
            </method>
            <method name="get_TaxExemptionReason" signature="()" line-rate="0" branch-rate="1" complexity="1">
              <lines>
                <line number="29" hits="0" branch="False" />
              </lines>
            </method>
            <method name="get_TaxExemptionCode" signature="()" line-rate="0" branch-rate="1" complexity="1">
              <lines>
                <line number="32" hits="0" branch="False" />
              </lines>
            </method>
          </methods>
          <lines>
            <line number="6" hits="0" branch="False" />
            <line number="8" hits="0" branch="False" />
            <line number="10" hits="0" branch="False" />
            <line number="12" hits="0" branch="False" />
            <line number="14" hits="0" branch="False" />
            <line number="16" hits="0" branch="False" />
            <line number="19" hits="0" branch="False" />
            <line number="21" hits="0" branch="False" />
            <line number="24" hits="0" branch="False" />
            <line number="26" hits="0" branch="False" />
            <line number="29" hits="0" branch="False" />
            <line number="32" hits="0" branch="False" />
          </lines>
        </class>
        <class name="Erp.FiscalPT.Saft.SaftPayment" filename="Git\erp\src\Shared\Erp.FiscalPT\Saft\SaftPayment.cs" line-rate="0" branch-rate="1" complexity="13">
          <methods>
            <method name="get_PaymentRefNo" signature="()" line-rate="0" branch-rate="1" complexity="1">
              <lines>
                <line number="6" hits="0" branch="False" />
              </lines>
            </method>
            <method name="get_Atcud" signature="()" line-rate="0" branch-rate="1" complexity="1">
              <lines>
                <line number="8" hits="0" branch="False" />
              </lines>
            </method>
            <method name="get_Period" signature="()" line-rate="0" branch-rate="1" complexity="1">
              <lines>
                <line number="10" hits="0" branch="False" />
              </lines>
            </method>
            <method name="get_TransactionDate" signature="()" line-rate="0" branch-rate="1" complexity="1">
              <lines>
                <line number="12" hits="0" branch="False" />
              </lines>
            </method>
            <method name="get_PaymentType" signature="()" line-rate="0" branch-rate="1" complexity="1">
              <lines>
                <line number="15" hits="0" branch="False" />
              </lines>
            </method>
            <method name="get_Description" signature="()" line-rate="0" branch-rate="1" complexity="1">
              <lines>
                <line number="17" hits="0" branch="False" />
              </lines>
            </method>
            <method name="get_DocumentStatus" signature="()" line-rate="0" branch-rate="1" complexity="1">
              <lines>
                <line number="19" hits="0" branch="False" />
              </lines>
            </method>
            <method name="get_PaymentMethods" signature="()" line-rate="0" branch-rate="1" complexity="1">
              <lines>
                <line number="21" hits="0" branch="False" />
              </lines>
            </method>
            <method name="get_SourceId" signature="()" line-rate="0" branch-rate="1" complexity="1">
              <lines>
                <line number="23" hits="0" branch="False" />
              </lines>
            </method>
            <method name="get_SystemEntryDate" signature="()" line-rate="0" branch-rate="1" complexity="1">
              <lines>
                <line number="25" hits="0" branch="False" />
              </lines>
            </method>
            <method name="get_CustomerId" signature="()" line-rate="0" branch-rate="1" complexity="1">
              <lines>
                <line number="27" hits="0" branch="False" />
              </lines>
            </method>
            <method name="get_Lines" signature="()" line-rate="0" branch-rate="1" complexity="1">
              <lines>
                <line number="29" hits="0" branch="False" />
              </lines>
            </method>
            <method name="get_Totals" signature="()" line-rate="0" branch-rate="1" complexity="1">
              <lines>
                <line number="31" hits="0" branch="False" />
              </lines>
            </method>
          </methods>
          <lines>
            <line number="6" hits="0" branch="False" />
            <line number="8" hits="0" branch="False" />
            <line number="10" hits="0" branch="False" />
            <line number="12" hits="0" branch="False" />
            <line number="15" hits="0" branch="False" />
            <line number="17" hits="0" branch="False" />
            <line number="19" hits="0" branch="False" />
            <line number="21" hits="0" branch="False" />
            <line number="23" hits="0" branch="False" />
            <line number="25" hits="0" branch="False" />
            <line number="27" hits="0" branch="False" />
            <line number="29" hits="0" branch="False" />
            <line number="31" hits="0" branch="False" />
          </lines>
        </class>
        <class name="Erp.FiscalPT.Saft.SaftPaymentLine" filename="Git\erp\src\Shared\Erp.FiscalPT\Saft\SaftPaymentLine.cs" line-rate="0" branch-rate="1" complexity="4">
          <methods>
            <method name="get_LineNumber" signature="()" line-rate="0" branch-rate="1" complexity="1">
              <lines>
                <line number="6" hits="0" branch="False" />
              </lines>
            </method>
            <method name="get_OriginatingOn" signature="()" line-rate="0" branch-rate="1" complexity="1">
              <lines>
                <line number="9" hits="0" branch="False" />
              </lines>
            </method>
            <method name="get_InvoiceDate" signature="()" line-rate="0" branch-rate="1" complexity="1">
              <lines>
                <line number="11" hits="0" branch="False" />
              </lines>
            </method>
            <method name="get_Amount" signature="()" line-rate="0" branch-rate="1" complexity="1">
              <lines>
                <line number="14" hits="0" branch="False" />
              </lines>
            </method>
          </methods>
          <lines>
            <line number="6" hits="0" branch="False" />
            <line number="9" hits="0" branch="False" />
            <line number="11" hits="0" branch="False" />
            <line number="14" hits="0" branch="False" />
          </lines>
        </class>
        <class name="Erp.FiscalPT.Saft.SaftPaymentMethod" filename="Git\erp\src\Shared\Erp.FiscalPT\Saft\SaftPaymentMethod.cs" line-rate="0" branch-rate="1" complexity="3">
          <methods>
            <method name="get_PaymentMechanism" signature="()" line-rate="0" branch-rate="1" complexity="1">
              <lines>
                <line number="7" hits="0" branch="False" />
              </lines>
            </method>
            <method name="get_PaymentAmount" signature="()" line-rate="0" branch-rate="1" complexity="1">
              <lines>
                <line number="9" hits="0" branch="False" />
              </lines>
            </method>
            <method name="get_PaymentDate" signature="()" line-rate="0" branch-rate="1" complexity="1">
              <lines>
                <line number="11" hits="0" branch="False" />
              </lines>
            </method>
          </methods>
          <lines>
            <line number="7" hits="0" branch="False" />
            <line number="9" hits="0" branch="False" />
            <line number="11" hits="0" branch="False" />
          </lines>
        </class>
        <class name="Erp.FiscalPT.Saft.SaftProduct" filename="Git\erp\src\Shared\Erp.FiscalPT\Saft\SaftProduct.cs" line-rate="0" branch-rate="1" complexity="4">
          <methods>
            <method name="get_ProductType" signature="()" line-rate="0" branch-rate="1" complexity="1">
              <lines>
                <line number="7" hits="0" branch="False" />
              </lines>
            </method>
            <method name="get_ProductCode" signature="()" line-rate="0" branch-rate="1" complexity="1">
              <lines>
                <line number="9" hits="0" branch="False" />
              </lines>
            </method>
            <method name="get_ProductDescription" signature="()" line-rate="0" branch-rate="1" complexity="1">
              <lines>
                <line number="11" hits="0" branch="False" />
              </lines>
            </method>
            <method name="get_ProductNumberCode" signature="()" line-rate="0" branch-rate="1" complexity="1">
              <lines>
                <line number="14" hits="0" branch="False" />
              </lines>
            </method>
          </methods>
          <lines>
            <line number="7" hits="0" branch="False" />
            <line number="9" hits="0" branch="False" />
            <line number="11" hits="0" branch="False" />
            <line number="14" hits="0" branch="False" />
          </lines>
        </class>
        <class name="Erp.FiscalPT.Saft.SaftShippingPoint" filename="Git\erp\src\Shared\Erp.FiscalPT\Saft\SaftShippingPoint.cs" line-rate="0" branch-rate="1" complexity="3">
          <methods>
            <method name="get_WarehouseId" signature="()" line-rate="0" branch-rate="1" complexity="1">
              <lines>
                <line number="6" hits="0" branch="False" />
              </lines>
            </method>
            <method name="get_LocationId" signature="()" line-rate="0" branch-rate="1" complexity="1">
              <lines>
                <line number="8" hits="0" branch="False" />
              </lines>
            </method>
            <method name="get_Address" signature="()" line-rate="0" branch-rate="1" complexity="1">
              <lines>
                <line number="10" hits="0" branch="False" />
              </lines>
            </method>
          </methods>
          <lines>
            <line number="6" hits="0" branch="False" />
            <line number="8" hits="0" branch="False" />
            <line number="10" hits="0" branch="False" />
          </lines>
        </class>
        <class name="Erp.FiscalPT.Saft.SaftStockMovement" filename="Git\erp\src\Shared\Erp.FiscalPT\Saft\SaftStockMovement.cs" line-rate="0" branch-rate="1" complexity="20">
          <methods>
            <method name="get_DocumentNumber" signature="()" line-rate="0" branch-rate="1" complexity="1">
              <lines>
                <line number="6" hits="0" branch="False" />
              </lines>
            </method>
            <method name="get_Atcud" signature="()" line-rate="0" branch-rate="1" complexity="1">
              <lines>
                <line number="8" hits="0" branch="False" />
              </lines>
            </method>
            <method name="get_DocumentStatus" signature="()" line-rate="0" branch-rate="1" complexity="1">
              <lines>
                <line number="10" hits="0" branch="False" />
              </lines>
            </method>
            <method name="get_Hash" signature="()" line-rate="0" branch-rate="1" complexity="1">
              <lines>
                <line number="12" hits="0" branch="False" />
              </lines>
            </method>
            <method name="get_HashControl" signature="()" line-rate="0" branch-rate="1" complexity="1">
              <lines>
                <line number="14" hits="0" branch="False" />
              </lines>
            </method>
            <method name="get_Period" signature="()" line-rate="0" branch-rate="1" complexity="1">
              <lines>
                <line number="16" hits="0" branch="False" />
              </lines>
            </method>
            <method name="get_MovementDate" signature="()" line-rate="0" branch-rate="1" complexity="1">
              <lines>
                <line number="18" hits="0" branch="False" />
              </lines>
            </method>
            <method name="get_MovementType" signature="()" line-rate="0" branch-rate="1" complexity="1">
              <lines>
                <line number="21" hits="0" branch="False" />
              </lines>
            </method>
            <method name="get_SystemEntryDate" signature="()" line-rate="0" branch-rate="1" complexity="1">
              <lines>
                <line number="23" hits="0" branch="False" />
              </lines>
            </method>
            <method name="get_PartyId" signature="()" line-rate="0" branch-rate="1" complexity="1">
              <lines>
                <line number="26" hits="0" branch="False" />
              </lines>
            </method>
            <method name="get_PartyIsSupplier" signature="()" line-rate="0" branch-rate="1" complexity="1">
              <lines>
                <line number="28" hits="0" branch="False" />
              </lines>
            </method>
            <method name="get_SourceId" signature="()" line-rate="0" branch-rate="1" complexity="1">
              <lines>
                <line number="30" hits="0" branch="False" />
              </lines>
            </method>
            <method name="get_MovementComments" signature="()" line-rate="0" branch-rate="1" complexity="1">
              <lines>
                <line number="32" hits="0" branch="False" />
              </lines>
            </method>
            <method name="get_ShipTo" signature="()" line-rate="0" branch-rate="1" complexity="1">
              <lines>
                <line number="34" hits="0" branch="False" />
              </lines>
            </method>
            <method name="get_ShipFrom" signature="()" line-rate="0" branch-rate="1" complexity="1">
              <lines>
                <line number="36" hits="0" branch="False" />
              </lines>
            </method>
            <method name="get_MovementStartTime" signature="()" line-rate="0" branch-rate="1" complexity="1">
              <lines>
                <line number="38" hits="0" branch="False" />
              </lines>
            </method>
            <method name="get_MovementEndTime" signature="()" line-rate="0" branch-rate="1" complexity="1">
              <lines>
                <line number="40" hits="0" branch="False" />
              </lines>
            </method>
            <method name="get_AtDocCodeId" signature="()" line-rate="0" branch-rate="1" complexity="1">
              <lines>
                <line number="43" hits="0" branch="False" />
              </lines>
            </method>
            <method name="get_Lines" signature="()" line-rate="0" branch-rate="1" complexity="1">
              <lines>
                <line number="45" hits="0" branch="False" />
              </lines>
            </method>
            <method name="get_Totals" signature="()" line-rate="0" branch-rate="1" complexity="1">
              <lines>
                <line number="47" hits="0" branch="False" />
              </lines>
            </method>
          </methods>
          <lines>
            <line number="6" hits="0" branch="False" />
            <line number="8" hits="0" branch="False" />
            <line number="10" hits="0" branch="False" />
            <line number="12" hits="0" branch="False" />
            <line number="14" hits="0" branch="False" />
            <line number="16" hits="0" branch="False" />
            <line number="18" hits="0" branch="False" />
            <line number="21" hits="0" branch="False" />
            <line number="23" hits="0" branch="False" />
            <line number="26" hits="0" branch="False" />
            <line number="28" hits="0" branch="False" />
            <line number="30" hits="0" branch="False" />
            <line number="32" hits="0" branch="False" />
            <line number="34" hits="0" branch="False" />
            <line number="36" hits="0" branch="False" />
            <line number="38" hits="0" branch="False" />
            <line number="40" hits="0" branch="False" />
            <line number="43" hits="0" branch="False" />
            <line number="45" hits="0" branch="False" />
            <line number="47" hits="0" branch="False" />
          </lines>
        </class>
        <class name="Erp.FiscalPT.Saft.SaftStockMovementLine" filename="Git\erp\src\Shared\Erp.FiscalPT\Saft\SaftStockMovementLine.cs" line-rate="0" branch-rate="1" complexity="11">
          <methods>
            <method name="get_LineNumber" signature="()" line-rate="0" branch-rate="1" complexity="1">
              <lines>
                <line number="6" hits="0" branch="False" />
              </lines>
            </method>
            <method name="get_ProductCode" signature="()" line-rate="0" branch-rate="1" complexity="1">
              <lines>
                <line number="8" hits="0" branch="False" />
              </lines>
            </method>
            <method name="get_ProductDescription" signature="()" line-rate="0" branch-rate="1" complexity="1">
              <lines>
                <line number="10" hits="0" branch="False" />
              </lines>
            </method>
            <method name="get_Quantity" signature="()" line-rate="0" branch-rate="1" complexity="1">
              <lines>
                <line number="12" hits="0" branch="False" />
              </lines>
            </method>
            <method name="get_UnitOfMeasure" signature="()" line-rate="0" branch-rate="1" complexity="1">
              <lines>
                <line number="14" hits="0" branch="False" />
              </lines>
            </method>
            <method name="get_UnitPrice" signature="()" line-rate="0" branch-rate="1" complexity="1">
              <lines>
                <line number="16" hits="0" branch="False" />
              </lines>
            </method>
            <method name="get_Description" signature="()" line-rate="0" branch-rate="1" complexity="1">
              <lines>
                <line number="18" hits="0" branch="False" />
              </lines>
            </method>
            <method name="get_Amount" signature="()" line-rate="0" branch-rate="1" complexity="1">
              <lines>
                <line number="20" hits="0" branch="False" />
              </lines>
            </method>
            <method name="get_Tax" signature="()" line-rate="0" branch-rate="1" complexity="1">
              <lines>
                <line number="22" hits="0" branch="False" />
              </lines>
            </method>
            <method name="get_TaxExemptionReason" signature="()" line-rate="0" branch-rate="1" complexity="1">
              <lines>
                <line number="24" hits="0" branch="False" />
              </lines>
            </method>
            <method name="get_TaxExemptionCode" signature="()" line-rate="0" branch-rate="1" complexity="1">
              <lines>
                <line number="26" hits="0" branch="False" />
              </lines>
            </method>
          </methods>
          <lines>
            <line number="6" hits="0" branch="False" />
            <line number="8" hits="0" branch="False" />
            <line number="10" hits="0" branch="False" />
            <line number="12" hits="0" branch="False" />
            <line number="14" hits="0" branch="False" />
            <line number="16" hits="0" branch="False" />
            <line number="18" hits="0" branch="False" />
            <line number="20" hits="0" branch="False" />
            <line number="22" hits="0" branch="False" />
            <line number="24" hits="0" branch="False" />
            <line number="26" hits="0" branch="False" />
          </lines>
        </class>
        <class name="Erp.FiscalPT.Saft.SaftTax" filename="Git\erp\src\Shared\Erp.FiscalPT\Saft\SaftTax.cs" line-rate="0" branch-rate="1" complexity="4">
          <methods>
            <method name="get_TaxType" signature="()" line-rate="0" branch-rate="1" complexity="1">
              <lines>
                <line number="6" hits="0" branch="False" />
              </lines>
            </method>
            <method name="get_TaxCountryRegion" signature="()" line-rate="0" branch-rate="1" complexity="1">
              <lines>
                <line number="8" hits="0" branch="False" />
              </lines>
            </method>
            <method name="get_TaxCode" signature="()" line-rate="0" branch-rate="1" complexity="1">
              <lines>
                <line number="10" hits="0" branch="False" />
              </lines>
            </method>
            <method name="get_TaxPercentage" signature="()" line-rate="0" branch-rate="1" complexity="1">
              <lines>
                <line number="12" hits="0" branch="False" />
              </lines>
            </method>
          </methods>
          <lines>
            <line number="6" hits="0" branch="False" />
            <line number="8" hits="0" branch="False" />
            <line number="10" hits="0" branch="False" />
            <line number="12" hits="0" branch="False" />
          </lines>
        </class>
        <class name="Erp.FiscalPT.Saft.SaftTaxTableEntry" filename="Git\erp\src\Shared\Erp.FiscalPT\Saft\SaftTaxTableEntry.cs" line-rate="0" branch-rate="1" complexity="5">
          <methods>
            <method name="get_TaxType" signature="()" line-rate="0" branch-rate="1" complexity="1">
              <lines>
                <line number="9" hits="0" branch="False" />
              </lines>
            </method>
            <method name="get_TaxCountryRegion" signature="()" line-rate="0" branch-rate="1" complexity="1">
              <lines>
                <line number="11" hits="0" branch="False" />
              </lines>
            </method>
            <method name="get_TaxCode" signature="()" line-rate="0" branch-rate="1" complexity="1">
              <lines>
                <line number="13" hits="0" branch="False" />
              </lines>
            </method>
            <method name="get_Description" signature="()" line-rate="0" branch-rate="1" complexity="1">
              <lines>
                <line number="15" hits="0" branch="False" />
              </lines>
            </method>
            <method name="get_TaxPercentage" signature="()" line-rate="0" branch-rate="1" complexity="1">
              <lines>
                <line number="18" hits="0" branch="False" />
              </lines>
            </method>
          </methods>
          <lines>
            <line number="9" hits="0" branch="False" />
            <line number="11" hits="0" branch="False" />
            <line number="13" hits="0" branch="False" />
            <line number="15" hits="0" branch="False" />
            <line number="18" hits="0" branch="False" />
          </lines>
        </class>
        <class name="Erp.FiscalPT.Saft.SaftXmlWriter" filename="Git\erp\src\Shared\Erp.FiscalPT\Saft\SaftXmlWriter.cs" line-rate="0" branch-rate="0" complexity="52">
          <methods>
            <method name="Build" signature="(Erp.FiscalPT.Saft.SaftAuditFile)" line-rate="0" branch-rate="1" complexity="1">
              <lines>
                <line number="18" hits="0" branch="False" />
                <line number="19" hits="0" branch="False" />
                <line number="21" hits="0" branch="False" />
                <line number="22" hits="0" branch="False" />
                <line number="23" hits="0" branch="False" />
                <line number="24" hits="0" branch="False" />
                <line number="26" hits="0" branch="False" />
                <line number="27" hits="0" branch="False" />
              </lines>
            </method>
            <method name="Serialize" signature="(Erp.FiscalPT.Saft.SaftAuditFile)" line-rate="0" branch-rate="1" complexity="1">
              <lines>
                <line number="31" hits="0" branch="False" />
                <line number="32" hits="0" branch="False" />
                <line number="33" hits="0" branch="False" />
                <line number="34" hits="0" branch="False" />
                <line number="35" hits="0" branch="False" />
                <line number="36" hits="0" branch="False" />
                <line number="38" hits="0" branch="False" />
                <line number="39" hits="0" branch="False" />
              </lines>
            </method>
            <method name="BuildFileName" signature="(Erp.FiscalPT.Saft.SaftHeader)" line-rate="0" branch-rate="1" complexity="1">
              <lines>
                <line number="46" hits="0" branch="False" />
              </lines>
            </method>
            <method name="BuildHeader" signature="(Erp.FiscalPT.Saft.SaftHeader)" line-rate="0" branch-rate="1" complexity="1">
              <lines>
                <line number="49" hits="0" branch="False" />
                <line number="50" hits="0" branch="False" />
                <line number="51" hits="0" branch="False" />
                <line number="52" hits="0" branch="False" />
                <line number="53" hits="0" branch="False" />
                <line number="54" hits="0" branch="False" />
                <line number="55" hits="0" branch="False" />
                <line number="56" hits="0" branch="False" />
                <line number="57" hits="0" branch="False" />
                <line number="58" hits="0" branch="False" />
                <line number="59" hits="0" branch="False" />
                <line number="60" hits="0" branch="False" />
                <line number="61" hits="0" branch="False" />
                <line number="62" hits="0" branch="False" />
                <line number="63" hits="0" branch="False" />
                <line number="64" hits="0" branch="False" />
                <line number="65" hits="0" branch="False" />
                <line number="66" hits="0" branch="False" />
                <line number="67" hits="0" branch="False" />
                <line number="68" hits="0" branch="False" />
                <line number="69" hits="0" branch="False" />
                <line number="70" hits="0" branch="False" />
                <line number="71" hits="0" branch="False" />
              </lines>
            </method>
            <method name="BuildMasterFiles" signature="(Erp.FiscalPT.Saft.SaftAuditFile)" line-rate="0" branch-rate="0" complexity="6">
              <lines>
                <line number="74" hits="0" branch="False" />
                <line number="75" hits="0" branch="False" />
                <line number="77" hits="0" branch="True" condition-coverage="0% (0/2)">
                  <conditions>
                    <condition number="257" type="jump" coverage="0%" />
                  </conditions>
                </line>
                <line number="78" hits="0" branch="False" />
                <line number="79" hits="0" branch="False" />
                <line number="80" hits="0" branch="False" />
                <line number="81" hits="0" branch="False" />
                <line number="82" hits="0" branch="False" />
                <line number="83" hits="0" branch="False" />
                <line number="84" hits="0" branch="False" />
                <line number="85" hits="0" branch="False" />
                <line number="86" hits="0" branch="False" />
                <line number="88" hits="0" branch="True" condition-coverage="0% (0/2)">
                  <conditions>
                    <condition number="465" type="jump" coverage="0%" />
                  </conditions>
                </line>
                <line number="89" hits="0" branch="False" />
                <line number="90" hits="0" branch="False" />
                <line number="91" hits="0" branch="False" />
                <line number="92" hits="0" branch="False" />
                <line number="93" hits="0" branch="False" />
                <line number="94" hits="0" branch="False" />
                <line number="95" hits="0" branch="False" />
                <line number="98" hits="0" branch="False" />
                <line number="100" hits="0" branch="True" condition-coverage="0% (0/2)">
                  <conditions>
                    <condition number="731" type="jump" coverage="0%" />
                  </conditions>
                </line>
                <line number="101" hits="0" branch="False" />
                <line number="102" hits="0" branch="False" />
                <line number="103" hits="0" branch="False" />
                <line number="104" hits="0" branch="False" />
                <line number="105" hits="0" branch="False" />
                <line number="106" hits="0" branch="False" />
                <line number="107" hits="0" branch="False" />
                <line number="108" hits="0" branch="False" />
                <line number="110" hits="0" branch="False" />
                <line number="112" hits="0" branch="False" />
                <line number="113" hits="0" branch="False" />
              </lines>
            </method>
            <method name="BuildSourceDocuments" signature="(Erp.FiscalPT.Saft.SaftAuditFile)" line-rate="0" branch-rate="0" complexity="6">
              <lines>
                <line number="116" hits="0" branch="False" />
                <line number="117" hits="0" branch="False" />
                <line number="119" hits="0" branch="True" condition-coverage="0% (0/2)">
                  <conditions>
                    <condition number="38" type="jump" coverage="0%" />
                  </conditions>
                </line>
                <line number="120" hits="0" branch="False" />
                <line number="122" hits="0" branch="True" condition-coverage="0% (0/2)">
                  <conditions>
                    <condition number="74" type="jump" coverage="0%" />
                  </conditions>
                </line>
                <line number="123" hits="0" branch="False" />
                <line number="125" hits="0" branch="True" condition-coverage="0% (0/2)">
                  <conditions>
                    <condition number="110" type="jump" coverage="0%" />
                  </conditions>
                </line>
                <line number="126" hits="0" branch="False" />
                <line number="128" hits="0" branch="False" />
                <line number="129" hits="0" branch="False" />
              </lines>
            </method>
            <method name="BuildSalesInvoices" signature="(System.Collections.Generic.IReadOnlyList`1&lt;Erp.FiscalPT.Saft.SaftInvoice&gt;)" line-rate="0" branch-rate="0" complexity="2">
              <lines>
                <line number="132" hits="0" branch="False" />
                <line number="134" hits="0" branch="False" />
                <line number="136" hits="0" branch="False" />
                <line number="137" hits="0" branch="False" />
                <line number="139" hits="0" branch="False" />
                <line number="140" hits="0" branch="False" />
                <line number="142" hits="0" branch="False" />
                <line number="143" hits="0" branch="False" />
                <line number="144" hits="0" branch="False" />
                <line number="145" hits="0" branch="False" />
                <line number="147" hits="0" branch="True" condition-coverage="0% (0/2)">
                  <conditions>
                    <condition number="352" type="jump" coverage="0%" />
                  </conditions>
                </line>
                <line number="148" hits="0" branch="False" />
                <line number="150" hits="0" branch="False" />
                <line number="151" hits="0" branch="False" />
              </lines>
            </method>
            <method name="BuildInvoice" signature="(Erp.FiscalPT.Saft.SaftInvoice)" line-rate="0" branch-rate="0" complexity="4">
              <lines>
                <line number="154" hits="0" branch="False" />
                <line number="155" hits="0" branch="True" condition-coverage="0% (0/2)">
                  <conditions>
                    <condition number="12" type="jump" coverage="0%" />
                  </conditions>
                </line>
                <line number="157" hits="0" branch="False" />
                <line number="158" hits="0" branch="False" />
                <line number="159" hits="0" branch="False" />
                <line number="160" hits="0" branch="False" />
                <line number="161" hits="0" branch="False" />
                <line number="162" hits="0" branch="False" />
                <line number="163" hits="0" branch="False" />
                <line number="164" hits="0" branch="False" />
                <line number="165" hits="0" branch="False" />
                <line number="166" hits="0" branch="False" />
                <line number="167" hits="0" branch="False" />
                <line number="168" hits="0" branch="False" />
                <line number="169" hits="0" branch="False" />
                <line number="170" hits="0" branch="False" />
                <line number="171" hits="0" branch="False" />
                <line number="172" hits="0" branch="False" />
                <line number="173" hits="0" branch="False" />
                <line number="174" hits="0" branch="False" />
                <line number="175" hits="0" branch="False" />
                <line number="176" hits="0" branch="False" />
                <line number="177" hits="0" branch="False" />
                <line number="179" hits="0" branch="True" condition-coverage="0% (0/2)">
                  <conditions>
                    <condition number="1092" type="jump" coverage="0%" />
                  </conditions>
                </line>
                <line number="180" hits="0" branch="False" />
                <line number="181" hits="0" branch="False" />
                <line number="182" hits="0" branch="False" />
                <line number="183" hits="0" branch="False" />
                <line number="184" hits="0" branch="False" />
                <line number="185" hits="0" branch="False" />
                <line number="186" hits="0" branch="False" />
                <line number="187" hits="0" branch="False" />
                <line number="188" hits="0" branch="False" />
                <line number="189" hits="0" branch="False" />
                <line number="190" hits="0" branch="False" />
                <line number="191" hits="0" branch="False" />
                <line number="192" hits="0" branch="False" />
                <line number="193" hits="0" branch="False" />
                <line number="194" hits="0" branch="False" />
                <line number="196" hits="0" branch="False" />
                <line number="198" hits="0" branch="False" />
                <line number="199" hits="0" branch="False" />
              </lines>
            </method>
            <method name="BuildMovementOfGoods" signature="(System.Collections.Generic.IReadOnlyList`1&lt;Erp.FiscalPT.Saft.SaftStockMovement&gt;)" line-rate="0" branch-rate="0" complexity="2">
              <lines>
                <line number="202" hits="0" branch="False" />
                <line number="203" hits="0" branch="False" />
                <line number="205" hits="0" branch="False" />
                <line number="206" hits="0" branch="False" />
                <line number="207" hits="0" branch="False" />
                <line number="208" hits="0" branch="False" />
                <line number="210" hits="0" branch="True" condition-coverage="0% (0/2)">
                  <conditions>
                    <condition number="273" type="jump" coverage="0%" />
                  </conditions>
                </line>
                <line number="211" hits="0" branch="False" />
                <line number="213" hits="0" branch="False" />
                <line number="214" hits="0" branch="False" />
              </lines>
            </method>
            <method name="BuildStockMovement" signature="(Erp.FiscalPT.Saft.SaftStockMovement)" line-rate="0" branch-rate="0" complexity="6">
              <lines>
                <line number="217" hits="0" branch="False" />
                <line number="218" hits="0" branch="True" condition-coverage="0% (0/4)">
                  <conditions>
                    <condition number="478" type="jump" coverage="0%" />
                    <condition number="616" type="jump" coverage="0%" />
                  </conditions>
                </line>
                <line number="219" hits="0" branch="False" />
                <line number="220" hits="0" branch="False" />
                <line number="221" hits="0" branch="False" />
                <line number="222" hits="0" branch="False" />
                <line number="223" hits="0" branch="False" />
                <line number="224" hits="0" branch="False" />
                <line number="225" hits="0" branch="False" />
                <line number="226" hits="0" branch="False" />
                <line number="227" hits="0" branch="False" />
                <line number="228" hits="0" branch="False" />
                <line number="229" hits="0" branch="False" />
                <line number="230" hits="0" branch="False" />
                <line number="231" hits="0" branch="False" />
                <line number="232" hits="0" branch="False" />
                <line number="233" hits="0" branch="False" />
                <line number="234" hits="0" branch="False" />
                <line number="235" hits="0" branch="False" />
                <line number="236" hits="0" branch="False" />
                <line number="237" hits="0" branch="False" />
                <line number="238" hits="0" branch="False" />
                <line number="239" hits="0" branch="False" />
                <line number="240" hits="0" branch="False" />
                <line number="241" hits="0" branch="False" />
                <line number="242" hits="0" branch="False" />
                <line number="244" hits="0" branch="True" condition-coverage="0% (0/2)">
                  <conditions>
                    <condition number="1095" type="jump" coverage="0%" />
                  </conditions>
                </line>
                <line number="245" hits="0" branch="False" />
                <line number="246" hits="0" branch="False" />
                <line number="247" hits="0" branch="False" />
                <line number="248" hits="0" branch="False" />
                <line number="249" hits="0" branch="False" />
                <line number="250" hits="0" branch="False" />
                <line number="251" hits="0" branch="False" />
                <line number="252" hits="0" branch="False" />
                <line number="253" hits="0" branch="False" />
                <line number="254" hits="0" branch="False" />
                <line number="255" hits="0" branch="False" />
                <line number="256" hits="0" branch="False" />
                <line number="257" hits="0" branch="False" />
                <line number="258" hits="0" branch="False" />
                <line number="260" hits="0" branch="False" />
                <line number="262" hits="0" branch="False" />
                <line number="263" hits="0" branch="False" />
              </lines>
            </method>
            <method name="BuildPayments" signature="(System.Collections.Generic.IReadOnlyList`1&lt;Erp.FiscalPT.Saft.SaftPayment&gt;)" line-rate="0" branch-rate="0" complexity="2">
              <lines>
                <line number="266" hits="0" branch="False" />
                <line number="267" hits="0" branch="False" />
                <line number="269" hits="0" branch="False" />
                <line number="270" hits="0" branch="False" />
                <line number="271" hits="0" branch="False" />
                <line number="272" hits="0" branch="False" />
                <line number="274" hits="0" branch="True" condition-coverage="0% (0/2)">
                  <conditions>
                    <condition number="239" type="jump" coverage="0%" />
                  </conditions>
                </line>
                <line number="275" hits="0" branch="False" />
                <line number="277" hits="0" branch="False" />
                <line number="278" hits="0" branch="False" />
              </lines>
            </method>
            <method name="BuildPayment" signature="(Erp.FiscalPT.Saft.SaftPayment)" line-rate="0" branch-rate="0" complexity="4">
              <lines>
                <line number="281" hits="0" branch="False" />
                <line number="282" hits="0" branch="False" />
                <line number="283" hits="0" branch="False" />
                <line number="284" hits="0" branch="False" />
                <line number="285" hits="0" branch="False" />
                <line number="286" hits="0" branch="False" />
                <line number="287" hits="0" branch="False" />
                <line number="288" hits="0" branch="False" />
                <line number="289" hits="0" branch="False" />
                <line number="290" hits="0" branch="False" />
                <line number="291" hits="0" branch="False" />
                <line number="292" hits="0" branch="False" />
                <line number="293" hits="0" branch="False" />
                <line number="294" hits="0" branch="False" />
                <line number="296" hits="0" branch="True" condition-coverage="0% (0/2)">
                  <conditions>
                    <condition number="559" type="jump" coverage="0%" />
                  </conditions>
                </line>
                <line number="297" hits="0" branch="False" />
                <line number="298" hits="0" branch="False" />
                <line number="299" hits="0" branch="False" />
                <line number="300" hits="0" branch="False" />
                <line number="301" hits="0" branch="False" />
                <line number="302" hits="0" branch="False" />
                <line number="304" hits="0" branch="False" />
                <line number="305" hits="0" branch="False" />
                <line number="306" hits="0" branch="False" />
                <line number="308" hits="0" branch="True" condition-coverage="0% (0/2)">
                  <conditions>
                    <condition number="912" type="jump" coverage="0%" />
                  </conditions>
                </line>
                <line number="309" hits="0" branch="False" />
                <line number="310" hits="0" branch="False" />
                <line number="311" hits="0" branch="False" />
                <line number="312" hits="0" branch="False" />
                <line number="313" hits="0" branch="False" />
                <line number="314" hits="0" branch="False" />
                <line number="315" hits="0" branch="False" />
                <line number="316" hits="0" branch="False" />
                <line number="318" hits="0" branch="False" />
                <line number="320" hits="0" branch="False" />
                <line number="321" hits="0" branch="False" />
              </lines>
            </method>
            <method name="BuildTax" signature="(Erp.FiscalPT.Saft.SaftTax)" line-rate="0" branch-rate="1" complexity="1">
              <lines>
                <line number="324" hits="0" branch="False" />
                <line number="325" hits="0" branch="False" />
                <line number="326" hits="0" branch="False" />
                <line number="327" hits="0" branch="False" />
                <line number="328" hits="0" branch="False" />
              </lines>
            </method>
            <method name="BuildTotals" signature="(Erp.FiscalPT.Saft.SaftDocumentTotals)" line-rate="0" branch-rate="1" complexity="1">
              <lines>
                <line number="331" hits="0" branch="False" />
                <line number="332" hits="0" branch="False" />
                <line number="333" hits="0" branch="False" />
                <line number="334" hits="0" branch="False" />
              </lines>
            </method>
            <method name="BuildShippingPoint" signature="(System.String,Erp.FiscalPT.Saft.SaftShippingPoint)" line-rate="0" branch-rate="1" complexity="1">
              <lines>
                <line number="337" hits="0" branch="False" />
                <line number="338" hits="0" branch="False" />
                <line number="339" hits="0" branch="False" />
                <line number="340" hits="0" branch="False" />
                <line number="341" hits="0" branch="False" />
                <line number="342" hits="0" branch="False" />
              </lines>
            </method>
            <method name="BuildAddress" signature="(System.String,Erp.FiscalPT.Saft.SaftAddress)" line-rate="0" branch-rate="0" complexity="2">
              <lines>
                <line number="345" hits="0" branch="False" />
                <line number="346" hits="0" branch="True" condition-coverage="0% (0/2)">
                  <conditions>
                    <condition number="148" type="jump" coverage="0%" />
                  </conditions>
                </line>
                <line number="347" hits="0" branch="False" />
                <line number="348" hits="0" branch="False" />
                <line number="349" hits="0" branch="False" />
                <line number="350" hits="0" branch="False" />
                <line number="351" hits="0" branch="False" />
                <line number="352" hits="0" branch="False" />
                <line number="353" hits="0" branch="False" />
              </lines>
            </method>
            <method name="Optional" signature="(System.String,System.String)" line-rate="0" branch-rate="0" complexity="2">
              <lines>
                <line number="357" hits="0" branch="True" condition-coverage="0% (0/2)">
                  <conditions>
                    <condition number="6" type="jump" coverage="0%" />
                  </conditions>
                </line>
              </lines>
            </method>
            <method name="Fallback" signature="(System.String)" line-rate="0" branch-rate="0" complexity="2">
              <lines>
                <line number="361" hits="0" branch="True" condition-coverage="0% (0/2)">
                  <conditions>
                    <condition number="6" type="jump" coverage="0%" />
                  </conditions>
                </line>
              </lines>
            </method>
            <method name="Flag" signature="(System.Boolean)" line-rate="0" branch-rate="0" complexity="2">
              <lines>
                <line number="363" hits="0" branch="True" condition-coverage="0% (0/2)">
                  <conditions>
                    <condition number="1" type="jump" coverage="0%" />
                  </conditions>
                </line>
              </lines>
            </method>
            <method name="Money" signature="(System.Decimal)" line-rate="0" branch-rate="1" complexity="1">
              <lines>
                <line number="365" hits="0" branch="False" />
              </lines>
            </method>
            <method name="Quantity" signature="(System.Decimal)" line-rate="0" branch-rate="1" complexity="1">
              <lines>
                <line number="367" hits="0" branch="False" />
              </lines>
            </method>
            <method name="Date" signature="(System.DateOnly)" line-rate="0" branch-rate="1" complexity="1">
              <lines>
                <line number="369" hits="0" branch="False" />
              </lines>
            </method>
            <method name="DateTimeValue" signature="(System.DateTime)" line-rate="0" branch-rate="1" complexity="1">
              <lines>
                <line number="372" hits="0" branch="False" />
              </lines>
            </method>
            <method name=".cctor" signature="()" line-rate="0" branch-rate="1" complexity="1">
              <lines>
                <line number="14" hits="0" branch="False" />
              </lines>
            </method>
          </methods>
          <lines>
            <line number="18" hits="0" branch="False" />
            <line number="19" hits="0" branch="False" />
            <line number="21" hits="0" branch="False" />
            <line number="22" hits="0" branch="False" />
            <line number="23" hits="0" branch="False" />
            <line number="24" hits="0" branch="False" />
            <line number="26" hits="0" branch="False" />
            <line number="27" hits="0" branch="False" />
            <line number="31" hits="0" branch="False" />
            <line number="32" hits="0" branch="False" />
            <line number="33" hits="0" branch="False" />
            <line number="34" hits="0" branch="False" />
            <line number="35" hits="0" branch="False" />
            <line number="36" hits="0" branch="False" />
            <line number="38" hits="0" branch="False" />
            <line number="39" hits="0" branch="False" />
            <line number="46" hits="0" branch="False" />
            <line number="49" hits="0" branch="False" />
            <line number="50" hits="0" branch="False" />
            <line number="51" hits="0" branch="False" />
[...]
              <conditions>
                <condition number="1243" type="jump" coverage="0%" />
              </conditions>
            </line>
            <line number="449" hits="0" branch="False" />
            <line number="450" hits="0" branch="False" />
            <line number="451" hits="0" branch="True" condition-coverage="0% (0/4)">
              <conditions>
                <condition number="1271" type="jump" coverage="0%" />
                <condition number="1293" type="jump" coverage="0%" />
              </conditions>
            </line>
            <line number="452" hits="0" branch="False" />
            <line number="453" hits="0" branch="True" condition-coverage="0% (0/2)">
              <conditions>
                <condition number="1308" type="jump" coverage="0%" />
              </conditions>
            </line>
            <line number="454" hits="0" branch="True" condition-coverage="0% (0/2)">
              <conditions>
                <condition number="1330" type="jump" coverage="0%" />
              </conditions>
            </line>
            <line number="455" hits="0" branch="False" />
            <line number="456" hits="0" branch="False" />
            <line number="458" hits="0" branch="False" />
            <line number="459" hits="0" branch="True" condition-coverage="0% (0/2)">
              <conditions>
                <condition number="1387" type="jump" coverage="0%" />
              </conditions>
            </line>
            <line number="460" hits="0" branch="False" />
            <line number="461" hits="0" branch="False" />
            <line number="462" hits="0" branch="False" />
            <line number="463" hits="0" branch="False" />
            <line number="464" hits="0" branch="False" />
            <line number="465" hits="0" branch="False" />
            <line number="467" hits="0" branch="False" />
            <line number="468" hits="0" branch="True" condition-coverage="0% (0/2)">
              <conditions>
                <condition number="1426" type="jump" coverage="0%" />
              </conditions>
            </line>
            <line number="469" hits="0" branch="False" />
            <line number="470" hits="0" branch="False" />
            <line number="471" hits="0" branch="True" condition-coverage="0% (0/4)">
              <conditions>
                <condition number="1447" type="jump" coverage="0%" />
                <condition number="1469" type="jump" coverage="0%" />
              </conditions>
            </line>
            <line number="472" hits="0" branch="False" />
            <line number="473" hits="0" branch="False" />
            <line number="474" hits="0" branch="False" />
            <line number="475" hits="0" branch="False" />
            <line number="476" hits="0" branch="False" />
            <line number="477" hits="0" branch="False" />
            <line number="478" hits="0" branch="False" />
            <line number="480" hits="0" branch="False" />
            <line number="481" hits="0" branch="False" />
            <line number="484" hits="0" branch="False" />
            <line number="485" hits="0" branch="True" condition-coverage="0% (0/2)">
              <conditions>
                <condition number="14" type="jump" coverage="0%" />
              </conditions>
            </line>
            <line number="486" hits="0" branch="False" />
            <line number="487" hits="0" branch="True" condition-coverage="0% (0/2)">
              <conditions>
                <condition number="35" type="jump" coverage="0%" />
              </conditions>
            </line>
            <line number="488" hits="0" branch="False" />
            <line number="489" hits="0" branch="False" />
            <line number="492" hits="0" branch="False" />
            <line number="493" hits="0" branch="False" />
            <line number="496" hits="0" branch="True" condition-coverage="0% (0/2)">
              <conditions>
                <condition number="72" type="jump" coverage="0%" />
              </conditions>
            </line>
            <line number="497" hits="0" branch="False" />
            <line number="498" hits="0" branch="False" />
            <line number="501" hits="0" branch="False" />
            <line number="502" hits="0" branch="False" />
            <line number="504" hits="0" branch="False" />
          </lines>
        </class>
        <class name="Microsoft.AspNetCore.OpenApi.Generated.&lt;OpenApiXmlCommentSupport_generated&gt;FE77902C9643BBE7F0608E9A7D485C74D86C5D520BC2ED994CE68D43979888699__XmlCommentSchemaTransformer" filename="ErpPortugal\tests\ErpPortugal.Sales.Tests\obj\Debug\net10.0\Microsoft.AspNetCore.OpenApi.SourceGenerators\Microsoft.AspNetCore.OpenApi.SourceGenerators.XmlCommentGenerator\OpenApiXmlCommentSupport.generated.cs" line-rate="0" branch-rate="0" complexity="34">
          <methods>
            <method name="TransformAsync" signature="(Microsoft.OpenApi.OpenApiSchema,Microsoft.AspNetCore.OpenApi.OpenApiSchemaTransformerContext,System.Threading.CancellationToken)" line-rate="0" branch-rate="0" complexity="34">
              <lines>
                <line number="511" hits="0" branch="False" />
                <line number="513" hits="0" branch="True" condition-coverage="0% (0/2)">
                  <conditions>
                    <condition number="36" type="jump" coverage="0%" />
                  </conditions>
                </line>
                <line number="514" hits="0" branch="False" />
                <line number="515" hits="0" branch="False" />
                <line number="516" hits="0" branch="True" condition-coverage="0% (0/4)">
                  <conditions>
                    <condition number="59" type="jump" coverage="0%" />
                    <condition number="79" type="jump" coverage="0%" />
                  </conditions>
                </line>
                <line number="517" hits="0" branch="False" />
                <line number="518" hits="0" branch="False" />
                <line number="519" hits="0" branch="False" />
                <line number="520" hits="0" branch="False" />
                <line number="522" hits="0" branch="True" condition-coverage="0% (0/4)">
                  <conditions>
                    <condition number="107" type="jump" coverage="0%" />
                    <condition number="133" type="jump" coverage="0%" />
                  </conditions>
                </line>
                <line number="523" hits="0" branch="False" />
                <line number="525" hits="0" branch="True" condition-coverage="0% (0/2)">
                  <conditions>
                    <condition number="166" type="jump" coverage="0%" />
                  </conditions>
                </line>
                <line number="526" hits="0" branch="False" />
                <line number="527" hits="0" branch="False" />
                <line number="528" hits="0" branch="True" condition-coverage="0% (0/4)">
                  <conditions>
                    <condition number="188" type="jump" coverage="0%" />
                    <condition number="212" type="jump" coverage="0%" />
                  </conditions>
                </line>
                <line number="529" hits="0" branch="False" />
                <line number="530" hits="0" branch="False" />
                <line number="531" hits="0" branch="False" />
                <line number="532" hits="0" branch="True" condition-coverage="0% (0/2)">
                  <conditions>
                    <condition number="250" type="jump" coverage="0%" />
                  </conditions>
                </line>
                <line number="533" hits="0" branch="False" />
                <line number="534" hits="0" branch="False" />
                <line number="535" hits="0" branch="False" />
                <line number="536" hits="0" branch="True" condition-coverage="0% (0/6)">
                  <conditions>
                    <condition number="269" type="jump" coverage="0%" />
                    <condition number="289" type="jump" coverage="0%" />
                    <condition number="310" type="jump" coverage="0%" />
                  </conditions>
                </line>
                <line number="537" hits="0" branch="False" />
                <line number="538" hits="0" branch="False" />
                <line number="539" hits="0" branch="False" />
                <line number="541" hits="0" branch="False" />
                <line number="542" hits="0" branch="True" condition-coverage="0% (0/4)">
                  <conditions>
                    <condition number="330" type="jump" coverage="0%" />
                    <condition number="352" type="jump" coverage="0%" />
                  </conditions>
                </line>
                <line number="543" hits="0" branch="False" />
                <line number="544" hits="0" branch="False" />
                <line number="545" hits="0" branch="False" />
                <line number="546" hits="0" branch="False" />
                <line number="548" hits="0" branch="False" />
                <line number="550" hits="0" branch="True" condition-coverage="0% (0/2)">
                  <conditions>
                    <condition number="388" type="jump" coverage="0%" />
                  </conditions>
                </line>
                <line number="551" hits="0" branch="False" />
                <line number="552" hits="0" branch="False" />
                <line number="553" hits="0" branch="False" />
                <line number="554" hits="0" branch="True" condition-coverage="0% (0/4)">
                  <conditions>
                    <condition number="419" type="jump" coverage="0%" />
                    <condition number="441" type="jump" coverage="0%" />
                  </conditions>
                </line>
                <line number="555" hits="0" branch="False" />
                <line number="556" hits="0" branch="False" />
                <line number="557" hits="0" branch="False" />
                <line number="558" hits="0" branch="False" />
                <line number="559" hits="0" branch="False" />
                <line number="560" hits="0" branch="False" />
                <line number="561" hits="0" branch="False" />
                <line number="562" hits="0" branch="False" />
              </lines>
            </method>
          </methods>
          <lines>
            <line number="511" hits="0" branch="False" />
            <line number="513" hits="0" branch="True" condition-coverage="0% (0/2)">
              <conditions>
                <condition number="36" type="jump" coverage="0%" />
              </conditions>
            </line>
            <line number="514" hits="0" branch="False" />
            <line number="515" hits="0" branch="False" />
            <line number="516" hits="0" branch="True" condition-coverage="0% (0/4)">
              <conditions>
                <condition number="59" type="jump" coverage="0%" />
                <condition number="79" type="jump" coverage="0%" />
              </conditions>
            </line>
            <line number="517" hits="0" branch="False" />
            <line number="518" hits="0" branch="False" />
            <line number="519" hits="0" branch="False" />
            <line number="520" hits="0" branch="False" />
            <line number="522" hits="0" branch="True" condition-coverage="0% (0/4)">
              <conditions>
                <condition number="107" type="jump" coverage="0%" />
                <condition number="133" type="jump" coverage="0%" />
              </conditions>
            </line>
            <line number="523" hits="0" branch="False" />
            <line number="525" hits="0" branch="True" condition-coverage="0% (0/2)">
              <conditions>
                <condition number="166" type="jump" coverage="0%" />
              </conditions>
            </line>
            <line number="526" hits="0" branch="False" />
            <line number="527" hits="0" branch="False" />
            <line number="528" hits="0" branch="True" condition-coverage="0% (0/4)">
              <conditions>
                <condition number="188" type="jump" coverage="0%" />
                <condition number="212" type="jump" coverage="0%" />
              </conditions>
            </line>
            <line number="529" hits="0" branch="False" />
            <line number="530" hits="0" branch="False" />
            <line number="531" hits="0" branch="False" />
            <line number="532" hits="0" branch="True" condition-coverage="0% (0/2)">
              <conditions>
                <condition number="250" type="jump" coverage="0%" />
              </conditions>
            </line>
            <line number="533" hits="0" branch="False" />
            <line number="534" hits="0" branch="False" />
            <line number="535" hits="0" branch="False" />
            <line number="536" hits="0" branch="True" condition-coverage="0% (0/6)">
              <conditions>
                <condition number="269" type="jump" coverage="0%" />
                <condition number="289" type="jump" coverage="0%" />
                <condition number="310" type="jump" coverage="0%" />
              </conditions>
            </line>
            <line number="537" hits="0" branch="False" />
            <line number="538" hits="0" branch="False" />
            <line number="539" hits="0" branch="False" />
            <line number="541" hits="0" branch="False" />
            <line number="542" hits="0" branch="True" condition-coverage="0% (0/4)">
              <conditions>
                <condition number="330" type="jump" coverage="0%" />
                <condition number="352" type="jump" coverage="0%" />
              </conditions>
            </line>
            <line number="543" hits="0" branch="False" />
            <line number="544" hits="0" branch="False" />
            <line number="545" hits="0" branch="False" />
            <line number="546" hits="0" branch="False" />
            <line number="548" hits="0" branch="False" />
            <line number="550" hits="0" branch="True" condition-coverage="0% (0/2)">
              <conditions>
                <condition number="388" type="jump" coverage="0%" />
              </conditions>
            </line>
            <line number="551" hits="0" branch="False" />
            <line number="552" hits="0" branch="False" />
            <line number="553" hits="0" branch="False" />
            <line number="554" hits="0" branch="True" condition-coverage="0% (0/4)">
              <conditions>
                <condition number="419" type="jump" coverage="0%" />
                <condition number="441" type="jump" coverage="0%" />
              </conditions>
            </line>
            <line number="555" hits="0" branch="False" />
            <line number="556" hits="0" branch="False" />
            <line number="557" hits="0" branch="False" />
            <line number="558" hits="0" branch="False" />
            <line number="559" hits="0" branch="False" />
            <line number="560" hits="0" branch="False" />
            <line number="561" hits="0" branch="False" />
            <line number="562" hits="0" branch="False" />
          </lines>
        </class>
        <class name="Microsoft.AspNetCore.OpenApi.Generated.&lt;OpenApiXmlCommentSupport_generated&gt;FE77902C9643BBE7F0608E9A7D485C74D86C5D520BC2ED994CE68D43979888699__JsonNodeExtensions" filename="ErpPortugal\tests\ErpPortugal.Sales.Tests\obj\Debug\net10.0\Microsoft.AspNetCore.OpenApi.SourceGenerators\Microsoft.AspNetCore.OpenApi.SourceGenerators.XmlCommentGenerator\OpenApiXmlCommentSupport.generated.cs" line-rate="0" branch-rate="0" complexity="2">
          <methods>
            <method name="Parse" signature="(System.String)" line-rate="0" branch-rate="0" complexity="2">
              <lines>
                <line number="569" hits="0" branch="False" />
                <line number="570" hits="0" branch="True" condition-coverage="0% (0/2)">
                  <conditions>
                    <condition number="7" type="jump" coverage="0%" />
                  </conditions>
                </line>
                <line number="571" hits="0" branch="False" />
                <line number="572" hits="0" branch="False" />
                <line number="576" hits="0" branch="False" />
                <line number="577" hits="0" branch="False" />
                <line number="579" hits="0" branch="False" />
                <line number="580" hits="0" branch="False" />
                <line number="582" hits="0" branch="False" />
                <line number="584" hits="0" branch="False" />
                <line number="586" hits="0" branch="False" />
                <line number="587" hits="0" branch="False" />
                <line number="588" hits="0" branch="False" />
                <line number="591" hits="0" branch="False" />
              </lines>
            </method>
          </methods>
          <lines>
            <line number="569" hits="0" branch="False" />
            <line number="570" hits="0" branch="True" condition-coverage="0% (0/2)">
              <conditions>
                <condition number="7" type="jump" coverage="0%" />
              </conditions>
            </line>
            <line number="571" hits="0" branch="False" />
            <line number="572" hits="0" branch="False" />
            <line number="576" hits="0" branch="False" />
            <line number="577" hits="0" branch="False" />
            <line number="579" hits="0" branch="False" />
            <line number="580" hits="0" branch="False" />
            <line number="582" hits="0" branch="False" />
            <line number="584" hits="0" branch="False" />
            <line number="586" hits="0" branch="False" />
            <line number="587" hits="0" branch="False" />
            <line number="588" hits="0" branch="False" />
            <line number="591" hits="0" branch="False" />
          </lines>
        </class>
        <class name="System.Runtime.CompilerServices.&lt;OpenApiXmlCommentSupport_generated&gt;FE77902C9643BBE7F0608E9A7D485C74D86C5D520BC2ED994CE68D43979888699__InterceptsLocationAttribute" filename="ErpPortugal\tests\ErpPortugal.Sales.Tests\obj\Debug\net10.0\Microsoft.AspNetCore.OpenApi.SourceGenerators\Microsoft.AspNetCore.OpenApi.SourceGenerators.XmlCommentGenerator\OpenApiXmlCommentSupport.generated.cs" line-rate="0" branch-rate="1" complexity="1">
          <methods>
            <method name=".ctor" signature="(System.Int32,System.String)" line-rate="0" branch-rate="1" complexity="1">
              <lines>
                <line number="20" hits="0" branch="False" />
                <line number="21" hits="0" branch="False" />
                <line number="22" hits="0" branch="False" />
              </lines>
            </method>
          </methods>
          <lines>
            <line number="20" hits="0" branch="False" />
            <line number="21" hits="0" branch="False" />
            <line number="22" hits="0" branch="False" />
          </lines>
        </class>
        <class name="ErpPortugal.Sales.Tests.UnitTest1" filename="ErpPortugal\tests\ErpPortugal.Sales.Tests\UnitTest1.cs" line-rate="0" branch-rate="1" complexity="1">
          <methods>
            <method name="Test1" signature="()" line-rate="0" branch-rate="1" complexity="1">
              <lines>
                <line number="7" hits="0" branch="False" />
                <line number="9" hits="0" branch="False" />
              </lines>
            </method>
          </methods>
          <lines>
            <line number="7" hits="0" branch="False" />
            <line number="9" hits="0" branch="False" />
          </lines>
        </class>
      </classes>
    </package>
  </packages>
</coverage>