<?xml version="1.0" encoding="utf-8"?>
<coverage line-rate="0.19140000000000001" branch-rate="0.8258" version="1.9" timestamp="1788741911" lines-covered="1084" lines-valid="5661" branches-covered="256" branches-valid="310">
  <sources>
    <source>C:\Git\erp\src\Identity\</source>
  </sources>
  <packages>
    <package name="Erp.Identity.Application" line-rate="1" branch-rate="1" complexity="43">
      <classes>
        <class name="Erp.Identity.Application.DependencyInjection" filename="Erp.Identity.Application\DependencyInjection.cs" line-rate="1" branch-rate="1" complexity="1">
          <methods>
            <method name="AddIdentityApplication" signature="(Microsoft.Extensions.DependencyInjection.IServiceCollection)" line-rate="1" branch-rate="1" complexity="1">
              <lines>
                <line number="10" hits="9" branch="False" />
                <line number="11" hits="9" branch="False" />
                <line number="12" hits="9" branch="False" />
                <line number="13" hits="9" branch="False" />
                <line number="14" hits="9" branch="False" />
                <line number="15" hits="9" branch="False" />
                <line number="16" hits="9" branch="False" />
                <line number="17" hits="9" branch="False" />
                <line number="18" hits="9" branch="False" />
                <line number="19" hits="9" branch="False" />
                <line number="20" hits="9" branch="False" />
              </lines>
            </method>
          </methods>
          <lines>
            <line number="10" hits="9" branch="False" />
            <line number="11" hits="9" branch="False" />
            <line number="12" hits="9" branch="False" />
            <line number="13" hits="9" branch="False" />
            <line number="14" hits="9" branch="False" />
            <line number="15" hits="9" branch="False" />
            <line number="16" hits="9" branch="False" />
            <line number="17" hits="9" branch="False" />
            <line number="18" hits="9" branch="False" />
            <line number="19" hits="9" branch="False" />
            <line number="20" hits="9" branch="False" />
          </lines>
        </class>
        <class name="Erp.Identity.Application.Handlers.ApiResourceService" filename="Erp.Identity.Application\Handlers\ApiResourceService.cs" line-rate="1" branch-rate="1" complexity="6">
          <methods>
            <method name="GetApiResourcesAsync" signature="(System.Threading.CancellationToken)" line-rate="1" branch-rate="1" complexity="1">
              <lines>
                <line number="10" hits="1" branch="False" />
              </lines>
            </method>
            <method name="GetApiResourceAsync" signature="(System.String,System.Threading.CancellationToken)" line-rate="1" branch-rate="1" complexity="1">
              <lines>
                <line number="13" hits="2" branch="False" />
              </lines>
            </method>
            <method name="CreateApiResourceAsync" signature="(Erp.Identity.Domain.Application.ApiResourceUpsertRequest,System.Threading.CancellationToken)" line-rate="1" branch-rate="1" complexity="1">
              <lines>
                <line number="16" hits="1" branch="False" />
              </lines>
            </method>
            <method name="UpdateApiResourceAsync" signature="(System.String,Erp.Identity.Domain.Application.ApiResourceUpsertRequest,System.Threading.CancellationToken)" line-rate="1" branch-rate="1" complexity="1">
              <lines>
                <line number="19" hits="1" branch="False" />
              </lines>
            </method>
            <method name="DeleteApiResourceAsync" signature="(System.String,System.Threading.CancellationToken)" line-rate="1" branch-rate="1" complexity="1">
              <lines>
                <line number="22" hits="1" branch="False" />
              </lines>
            </method>
            <method name=".ctor" signature="(Erp.Identity.Infrastructure.Storage.IApiResourceStorage)" line-rate="1" branch-rate="1" complexity="1">
              <lines>
                <line number="7" hits="2" branch="False" />
              </lines>
            </method>
          </methods>
          <lines>
            <line number="10" hits="1" branch="False" />
            <line number="13" hits="2" branch="False" />
            <line number="16" hits="1" branch="False" />
            <line number="19" hits="1" branch="False" />
            <line number="22" hits="1" branch="False" />
            <line number="7" hits="2" branch="False" />
          </lines>
        </class>
        <class name="Erp.Identity.Application.Handlers.ApiScopeService" filename="Erp.Identity.Application\Handlers\ApiScopeService.cs" line-rate="1" branch-rate="1" complexity="6">
          <methods>
            <method name="GetApiScopesAsync" signature="(System.Threading.CancellationToken)" line-rate="1" branch-rate="1" complexity="1">
              <lines>
                <line number="10" hits="1" branch="False" />
              </lines>
            </method>
            <method name="GetApiScopeAsync" signature="(System.String,System.Threading.CancellationToken)" line-rate="1" branch-rate="1" complexity="1">
              <lines>
                <line number="13" hits="1" branch="False" />
              </lines>
            </method>
            <method name="CreateApiScopeAsync" signature="(Erp.Identity.Domain.Application.ApiScopeUpsertRequest,System.Threading.CancellationToken)" line-rate="1" branch-rate="1" complexity="1">
              <lines>
                <line number="16" hits="1" branch="False" />
              </lines>
            </method>
            <method name="UpdateApiScopeAsync" signature="(System.String,Erp.Identity.Domain.Application.ApiScopeUpsertRequest,System.Threading.CancellationToken)" line-rate="1" branch-rate="1" complexity="1">
              <lines>
                <line number="19" hits="1" branch="False" />
              </lines>
            </method>
            <method name="DeleteApiScopeAsync" signature="(System.String,System.Threading.CancellationToken)" line-rate="1" branch-rate="1" complexity="1">
              <lines>
                <line number="22" hits="1" branch="False" />
              </lines>
            </method>
            <method name=".ctor" signature="(Erp.Identity.Infrastructure.Storage.IApiScopeStorage)" line-rate="1" branch-rate="1" complexity="1">
              <lines>
                <line number="7" hits="3" branch="False" />
              </lines>
            </method>
          </methods>
          <lines>
            <line number="10" hits="1" branch="False" />
            <line number="13" hits="1" branch="False" />
            <line number="16" hits="1" branch="False" />
            <line number="19" hits="1" branch="False" />
            <line number="22" hits="1" branch="False" />
            <line number="7" hits="3" branch="False" />
          </lines>
        </class>
        <class name="Erp.Identity.Application.Handlers.ClientService" filename="Erp.Identity.Application\Handlers\ClientService.cs" line-rate="1" branch-rate="1" complexity="6">
          <methods>
            <method name="GetClientsAsync" signature="(System.Threading.CancellationToken)" line-rate="1" branch-rate="1" complexity="1">
              <lines>
                <line number="10" hits="1" branch="False" />
              </lines>
            </method>
            <method name="GetClientAsync" signature="(System.String,System.Threading.CancellationToken)" line-rate="1" branch-rate="1" complexity="1">
              <lines>
                <line number="13" hits="2" branch="False" />
              </lines>
            </method>
            <method name="CreateClientAsync" signature="(Erp.Identity.Domain.Application.ClientUpsertRequest,System.Threading.CancellationToken)" line-rate="1" branch-rate="1" complexity="1">
              <lines>
                <line number="16" hits="1" branch="False" />
              </lines>
            </method>
            <method name="UpdateClientAsync" signature="(System.String,Erp.Identity.Domain.Application.ClientUpsertRequest,System.Threading.CancellationToken)" line-rate="1" branch-rate="1" complexity="1">
              <lines>
                <line number="19" hits="1" branch="False" />
              </lines>
            </method>
            <method name="DeleteClientAsync" signature="(System.String,System.Threading.CancellationToken)" line-rate="1" branch-rate="1" complexity="1">
              <lines>
                <line number="22" hits="1" branch="False" />
              </lines>
            </method>
            <method name=".ctor" signature="(Erp.Identity.Infrastructure.Storage.IClientStorage)" line-rate="1" branch-rate="1" complexity="1">
              <lines>
                <line number="7" hits="2" branch="False" />
              </lines>
            </method>
          </methods>
          <lines>
            <line number="10" hits="1" branch="False" />
            <line number="13" hits="2" branch="False" />
            <line number="16" hits="1" branch="False" />
            <line number="19" hits="1" branch="False" />
            <line number="22" hits="1" branch="False" />
            <line number="7" hits="2" branch="False" />
          </lines>
        </class>
        <class name="Erp.Identity.Application.Handlers.EmailService" filename="Erp.Identity.Application\Handlers\EmailService.cs" line-rate="1" branch-rate="1" complexity="2">
          <methods>
            <method name="SendAsync" signature="(System.String,System.String,System.String,System.Threading.CancellationToken)" line-rate="1" branch-rate="1" complexity="1">
              <lines>
                <line number="8" hits="1" branch="False" />
              </lines>
            </method>
            <method name=".ctor" signature="(Erp.Identity.Infrastructure.Application.INotificationEmailClient)" line-rate="1" branch-rate="1" complexity="1">
              <lines>
                <line number="5" hits="1" branch="False" />
              </lines>
            </method>
          </methods>
          <lines>
            <line number="8" hits="1" branch="False" />
            <line number="5" hits="1" branch="False" />
          </lines>
        </class>
        <class name="Erp.Identity.Application.Handlers.IdentityProviderService" filename="Erp.Identity.Application\Handlers\IdentityProviderService.cs" line-rate="1" branch-rate="1" complexity="6">
          <methods>
            <method name="GetIdentityProvidersAsync" signature="(System.Threading.CancellationToken)" line-rate="1" branch-rate="1" complexity="1">
              <lines>
                <line number="10" hits="1" branch="False" />
              </lines>
            </method>
            <method name="GetIdentityProviderAsync" signature="(System.String,System.Threading.CancellationToken)" line-rate="1" branch-rate="1" complexity="1">
              <lines>
                <line number="13" hits="2" branch="False" />
              </lines>
            </method>
            <method name="CreateIdentityProviderAsync" signature="(Erp.Identity.Domain.Application.IdentityProviderUpsertRequest,System.Threading.CancellationToken)" line-rate="1" branch-rate="1" complexity="1">
              <lines>
                <line number="16" hits="1" branch="False" />
              </lines>
            </method>
            <method name="UpdateIdentityProviderAsync" signature="(System.String,Erp.Identity.Domain.Application.IdentityProviderUpsertRequest,System.Threading.CancellationToken)" line-rate="1" branch-rate="1" complexity="1">
              <lines>
                <line number="19" hits="1" branch="False" />
              </lines>
            </method>
            <method name="DeleteIdentityProviderAsync" signature="(System.String,System.Threading.CancellationToken)" line-rate="1" branch-rate="1" complexity="1">
              <lines>
                <line number="22" hits="1" branch="False" />
              </lines>
            </method>
            <method name=".ctor" signature="(Erp.Identity.Infrastructure.Storage.IIdentityProviderStorage)" line-rate="1" branch-rate="1" complexity="1">
              <lines>
                <line number="7" hits="2" branch="False" />
              </lines>
            </method>
          </methods>
          <lines>
            <line number="10" hits="1" branch="False" />
            <line number="13" hits="2" branch="False" />
            <line number="16" hits="1" branch="False" />
            <line number="19" hits="1" branch="False" />
            <line number="22" hits="1" branch="False" />
            <line number="7" hits="2" branch="False" />
          </lines>
        </class>
        <class name="Erp.Identity.Application.Handlers.IdentityResourceService" filename="Erp.Identity.Application\Handlers\IdentityResourceService.cs" line-rate="1" branch-rate="1" complexity="6">
          <methods>
            <method name="GetIdentityResourcesAsync" signature="(System.Threading.CancellationToken)" line-rate="1" branch-rate="1" complexity="1">
              <lines>
                <line number="10" hits="1" branch="False" />
              </lines>
            </method>
            <method name="GetIdentityResourceAsync" signature="(System.String,System.Threading.CancellationToken)" line-rate="1" branch-rate="1" complexity="1">
              <lines>
                <line number="13" hits="2" branch="False" />
              </lines>
            </method>
            <method name="CreateIdentityResourceAsync" signature="(Erp.Identity.Domain.Application.IdentityResourceUpsertRequest,System.Threading.CancellationToken)" line-rate="1" branch-rate="1" complexity="1">
              <lines>
                <line number="16" hits="1" branch="False" />
              </lines>
            </method>
            <method name="UpdateIdentityResourceAsync" signature="(System.String,Erp.Identity.Domain.Application.IdentityResourceUpsertRequest,System.Threading.CancellationToken)" line-rate="1" branch-rate="1" complexity="1">
              <lines>
                <line number="19" hits="1" branch="False" />
              </lines>
            </method>
            <method name="DeleteIdentityResourceAsync" signature="(System.String,System.Threading.CancellationToken)" line-rate="1" branch-rate="1" complexity="1">
              <lines>
                <line number="22" hits="1" branch="False" />
              </lines>
            </method>
            <method name=".ctor" signature="(Erp.Identity.Infrastructure.Storage.IIdentityResourceStorage)" line-rate="1" branch-rate="1" complexity="1">
              <lines>
                <line number="7" hits="2" branch="False" />
              </lines>
            </method>
          </methods>
          <lines>
            <line number="10" hits="1" branch="False" />
            <line number="13" hits="2" branch="False" />
            <line number="16" hits="1" branch="False" />
            <line number="19" hits="1" branch="False" />
            <line number="22" hits="1" branch="False" />
            <line number="7" hits="2" branch="False" />
          </lines>
        </class>
        <class name="Erp.Identity.Application.Handlers.RoleService" filename="Erp.Identity.Application\Handlers\RoleService.cs" line-rate="1" branch-rate="1" complexity="6">
          <methods>
            <method name="GetRolesAsync" signature="(System.Threading.CancellationToken)" line-rate="1" branch-rate="1" complexity="1">
              <lines>
                <line number="10" hits="1" branch="False" />
              </lines>
            </method>
            <method name="GetRoleAsync" signature="(System.String,System.Threading.CancellationToken)" line-rate="1" branch-rate="1" complexity="1">
              <lines>
                <line number="13" hits="2" branch="False" />
              </lines>
            </method>
            <method name="CreateRoleAsync" signature="(Erp.Identity.Domain.Application.RoleUpsertRequest,System.Threading.CancellationToken)" line-rate="1" branch-rate="1" complexity="1">
              <lines>
                <line number="16" hits="1" branch="False" />
              </lines>
            </method>
            <method name="UpdateRoleAsync" signature="(System.String,Erp.Identity.Domain.Application.RoleUpsertRequest,System.Threading.CancellationToken)" line-rate="1" branch-rate="1" complexity="1">
              <lines>
                <line number="19" hits="1" branch="False" />
              </lines>
            </method>
            <method name="DeleteRoleAsync" signature="(System.String,System.Threading.CancellationToken)" line-rate="1" branch-rate="1" complexity="1">
              <lines>
                <line number="22" hits="1" branch="False" />
              </lines>
            </method>
            <method name=".ctor" signature="(Erp.Identity.Infrastructure.Storage.IRoleStorage)" line-rate="1" branch-rate="1" complexity="1">
              <lines>
                <line number="7" hits="2" branch="False" />
              </lines>
            </method>
          </methods>
          <lines>
            <line number="10" hits="1" branch="False" />
            <line number="13" hits="2" branch="False" />
            <line number="16" hits="1" branch="False" />
            <line number="19" hits="1" branch="False" />
            <line number="22" hits="1" branch="False" />
            <line number="7" hits="2" branch="False" />
          </lines>
        </class>
        <class name="Erp.Identity.Application.Handlers.UserService" filename="Erp.Identity.Application\Handlers\UserService.cs" line-rate="1" branch-rate="1" complexity="4">
          <methods>
            <method name="GetUsersAsync" signature="(System.Threading.CancellationToken)" line-rate="1" branch-rate="1" complexity="1">
              <lines>
                <line number="10" hits="1" branch="False" />
              </lines>
            </method>
            <method name="GetUserAsync" signature="(System.String,System.Threading.CancellationToken)" line-rate="1" branch-rate="1" complexity="1">
              <lines>
                <line number="13" hits="1" branch="False" />
              </lines>
            </method>
            <method name="UpdateUserRolesAsync" signature="(System.String,System.Collections.Generic.IReadOnlyCollection`1&lt;System.String&gt;,System.Threading.CancellationToken)" line-rate="1" branch-rate="1" complexity="1">
              <lines>
                <line number="16" hits="1" branch="False" />
              </lines>
            </method>
            <method name=".ctor" signature="(Erp.Identity.Infrastructure.Storage.IUserStorage)" line-rate="1" branch-rate="1" complexity="1">
              <lines>
                <line number="7" hits="3" branch="False" />
              </lines>
            </method>
          </methods>
          <lines>
            <line number="10" hits="1" branch="False" />
            <line number="13" hits="1" branch="False" />
            <line number="16" hits="1" branch="False" />
            <line number="7" hits="3" branch="False" />
          </lines>
        </class>
      </classes>
    </package>
    <package name="Erp.Identity.Common" line-rate="1" branch-rate="1" complexity="1">
      <classes>
        <class name="Erp.Identity.Common.Constants.Constants/Roles" filename="Erp.Identity.Common\Constants\Constants.cs" line-rate="1" branch-rate="1" complexity="1">
          <methods>
            <method name=".cctor" signature="()" line-rate="1" branch-rate="1" complexity="1">
              <lines>
                <line number="10" hits="1" branch="False" />
                <line number="11" hits="1" branch="False" />
                <line number="12" hits="1" branch="False" />
                <line number="13" hits="1" branch="False" />
                <line number="14" hits="1" branch="False" />
              </lines>
            </method>
          </methods>
          <lines>
            <line number="10" hits="1" branch="False" />
            <line number="11" hits="1" branch="False" />
            <line number="12" hits="1" branch="False" />
            <line number="13" hits="1" branch="False" />
            <line number="14" hits="1" branch="False" />
          </lines>
        </class>
      </classes>
    </package>
    <package name="Erp.Identity.Dependencies" line-rate="0.7606" branch-rate="0.6785" complexity="45">
      <classes>
        <class name="Erp.Identity.Dependencies.DependencyInjection" filename="Erp.Identity.Dependencies\DependencyInjection.cs" line-rate="0" branch-rate="0" complexity="6">
          <methods>
            <method name="AddIdentityDependencies" signature="(Microsoft.Extensions.DependencyInjection.IServiceCollection,Microsoft.Extensions.Configuration.IConfiguration,System.String)" line-rate="0" branch-rate="0" complexity="6">
              <lines>
                <line number="21" hits="0" branch="False" />
                <line number="22" hits="0" branch="False" />
                <line number="24" hits="0" branch="False" />
                <line number="25" hits="0" branch="False" />
                <line number="26" hits="0" branch="False" />
                <line number="27" hits="0" branch="False" />
                <line number="28" hits="0" branch="True" condition-coverage="0% (0/4)">
                  <conditions>
                    <condition number="35" type="jump" coverage="0%" />
                    <condition number="56" type="jump" coverage="0%" />
                  </conditions>
                </line>
                <line number="29" hits="0" branch="False" />
                <line number="30" hits="0" branch="False" />
                <line number="33" hits="0" branch="False" />
                <line number="35" hits="0" branch="False" />
                <line number="37" hits="0" branch="False" />
                <line number="38" hits="0" branch="False" />
                <line number="40" hits="0" branch="False" />
                <line number="41" hits="0" branch="False" />
                <line number="42" hits="0" branch="False" />
                <line number="43" hits="0" branch="False" />
                <line number="44" hits="0" branch="True" condition-coverage="0% (0/2)">
                  <conditions>
                    <condition number="26" type="jump" coverage="0%" />
                  </conditions>
                </line>
                <line number="45" hits="0" branch="False" />
                <line number="46" hits="0" branch="False" />
                <line number="47" hits="0" branch="False" />
                <line number="48" hits="0" branch="False" />
                <line number="49" hits="0" branch="False" />
                <line number="51" hits="0" branch="False" />
                <line number="52" hits="0" branch="False" />
              </lines>
            </method>
          </methods>
          <lines>
            <line number="21" hits="0" branch="False" />
            <line number="22" hits="0" branch="False" />
            <line number="24" hits="0" branch="False" />
            <line number="25" hits="0" branch="False" />
            <line number="26" hits="0" branch="False" />
            <line number="27" hits="0" branch="False" />
            <line number="28" hits="0" branch="True" condition-coverage="0% (0/4)">
              <conditions>
                <condition number="35" type="jump" coverage="0%" />
                <condition number="56" type="jump" coverage="0%" />
              </conditions>
            </line>
            <line number="29" hits="0" branch="False" />
            <line number="30" hits="0" branch="False" />
            <line number="33" hits="0" branch="False" />
            <line number="35" hits="0" branch="False" />
            <line number="37" hits="0" branch="False" />
            <line number="38" hits="0" branch="False" />
            <line number="40" hits="0" branch="False" />
            <line number="41" hits="0" branch="False" />
            <line number="42" hits="0" branch="False" />
            <line number="43" hits="0" branch="False" />
            <line number="44" hits="0" branch="True" condition-coverage="0% (0/2)">
              <conditions>
                <condition number="26" type="jump" coverage="0%" />
              </conditions>
            </line>
            <line number="45" hits="0" branch="False" />
            <line number="46" hits="0" branch="False" />
            <line number="47" hits="0" branch="False" />
            <line number="48" hits="0" branch="False" />
            <line number="49" hits="0" branch="False" />
            <line number="51" hits="0" branch="False" />
            <line number="52" hits="0" branch="False" />
          </lines>
        </class>
        <class name="Erp.Identity.Dependencies.Services.ClientCredentialsTokenProvider" filename="Erp.Identity.Dependencies\Services\ClientCredentialsTokenProvider.cs" line-rate="1" branch-rate="1" complexity="3">
          <methods>
            <method name="IsCachedTokenUsable" signature="()" line-rate="1" branch-rate="1" complexity="2">
              <lines>
                <line number="65" hits="28" branch="True" condition-coverage="100% (2/2)">
                  <conditions>
                    <condition number="6" type="jump" coverage="100%" />
                  </conditions>
                </line>
              </lines>
            </method>
            <method name=".ctor" signature="(System.Net.Http.IHttpClientFactory,Microsoft.Extensions.Options.IOptions`1&lt;Erp.Identity.Dependencies.Configuration.ServiceAuthenticationOptions&gt;,System.TimeProvider,Microsoft.Extensions.Logging.ILogger`1&lt;Erp.Identity.Dependencies.Services.ClientCredentialsTokenProvider&gt;)" line-rate="1" branch-rate="1" complexity="1">
              <lines>
                <line number="15" hits="7" branch="False" />
                <line number="16" hits="7" branch="False" />
                <line number="17" hits="7" branch="False" />
                <line number="18" hits="7" branch="False" />
                <line number="19" hits="7" branch="False" />
                <line number="23" hits="7" branch="False" />
                <line number="24" hits="7" branch="False" />
                <line number="27" hits="7" branch="False" />
              </lines>
            </method>
          </methods>
          <lines>
            <line number="65" hits="28" branch="True" condition-coverage="100% (2/2)">
              <conditions>
                <condition number="6" type="jump" coverage="100%" />
              </conditions>
            </line>
            <line number="15" hits="7" branch="False" />
            <line number="16" hits="7" branch="False" />
            <line number="17" hits="7" branch="False" />
            <line number="18" hits="7" branch="False" />
            <line number="19" hits="7" branch="False" />
            <line number="23" hits="7" branch="False" />
            <line number="24" hits="7" branch="False" />
            <line number="27" hits="7" branch="False" />
          </lines>
        </class>
        <class name="Erp.Identity.Dependencies.Services.ClientCredentialsTokenProvider/TokenResponse" filename="Erp.Identity.Dependencies\Services\ClientCredentialsTokenProvider.cs" line-rate="1" branch-rate="1" complexity="2">
          <methods>
            <method name="get_AccessToken" signature="()" line-rate="1" branch-rate="1" complexity="1">
              <lines>
                <line number="108" hits="28" branch="False" />
              </lines>
            </method>
            <method name="get_ExpiresIn" signature="()" line-rate="1" branch-rate="1" complexity="1">
              <lines>
                <line number="111" hits="21" branch="False" />
              </lines>
            </method>
          </methods>
          <lines>
            <line number="108" hits="28" branch="False" />
            <line number="111" hits="21" branch="False" />
          </lines>
        </class>
        <class name="Erp.Identity.Dependencies.Services.ClientCredentialsTokenProvider/&lt;GetAccessTokenAsync&gt;d__9" filename="Erp.Identity.Dependencies\Services\ClientCredentialsTokenProvider.cs" line-rate="0.95" branch-rate="0.75" complexity="4">
          <methods>
            <method name="MoveNext" signature="()" line-rate="0.95" branch-rate="0.75" complexity="4">
              <lines>
                <line number="30" hits="19" branch="False" />
                <line number="31" hits="19" branch="True" condition-coverage="100% (2/2)">
                  <conditions>
                    <condition number="39" type="jump" coverage="100%" />
                  </conditions>
                </line>
                <line number="32" hits="10" branch="False" />
                <line number="34" hits="9" branch="False" />
                <line number="37" hits="9" branch="False" />
                <line number="39" hits="9" branch="True" condition-coverage="50% (1/2)">
                  <conditions>
                    <condition number="196" type="jump" coverage="50%" />
                  </conditions>
                </line>
                <line number="40" hits="0" branch="False" />
                <line number="42" hits="9" branch="False" />
                <line number="44" hits="7" branch="False" />
                <line number="48" hits="7" branch="False" />
                <line number="49" hits="7" branch="False" />
                <line number="51" hits="7" branch="False" />
                <line number="52" hits="7" branch="False" />
                <line number="53" hits="7" branch="False" />
                <line number="54" hits="7" branch="False" />
                <line number="56" hits="7" branch="False" />
                <line number="59" hits="9" branch="False" />
                <line number="60" hits="9" branch="False" />
                <line number="61" hits="9" branch="False" />
                <line number="62" hits="17" branch="False" />
              </lines>
            </method>
          </methods>
          <lines>
            <line number="30" hits="19" branch="False" />
            <line number="31" hits="19" branch="True" condition-coverage="100% (2/2)">
              <conditions>
                <condition number="39" type="jump" coverage="100%" />
              </conditions>
            </line>
            <line number="32" hits="10" branch="False" />
            <line number="34" hits="9" branch="False" />
            <line number="37" hits="9" branch="False" />
            <line number="39" hits="9" branch="True" condition-coverage="50% (1/2)">
              <conditions>
                <condition number="196" type="jump" coverage="50%" />
              </conditions>
            </line>
            <line number="40" hits="0" branch="False" />
            <line number="42" hits="9" branch="False" />
            <line number="44" hits="7" branch="False" />
            <line number="48" hits="7" branch="False" />
            <line number="49" hits="7" branch="False" />
            <line number="51" hits="7" branch="False" />
            <line number="52" hits="7" branch="False" />
            <line number="53" hits="7" branch="False" />
            <line number="54" hits="7" branch="False" />
            <line number="56" hits="7" branch="False" />
            <line number="59" hits="9" branch="False" />
            <line number="60" hits="9" branch="False" />
            <line number="61" hits="9" branch="False" />
            <line number="62" hits="17" branch="False" />
          </lines>
        </class>
        <class name="Erp.Identity.Dependencies.Services.ClientCredentialsTokenProvider/&lt;RequestTokenAsync&gt;d__11" filename="Erp.Identity.Dependencies\Services\ClientCredentialsTokenProvider.cs" line-rate="0.9629000000000001" branch-rate="0.8332999999999999" complexity="12">
          <methods>
            <method name="MoveNext" signature="()" line-rate="0.9629000000000001" branch-rate="0.8332999999999999" complexity="12">
              <lines>
                <line number="68" hits="9" branch="False" />
                <line number="69" hits="9" branch="True" condition-coverage="100% (4/4)">
                  <conditions>
                    <condition number="40" type="jump" coverage="100%" />
                    <condition number="68" type="jump" coverage="100%" />
                  </conditions>
                </line>
                <line number="70" hits="1" branch="False" />
                <line number="71" hits="1" branch="False" />
                <line number="72" hits="1" branch="False" />
                <line number="75" hits="8" branch="False" />
                <line number="77" hits="8" branch="True" condition-coverage="100% (2/2)">
                  <conditions>
                    <condition number="269" type="jump" coverage="100%" />
                  </conditions>
                </line>
                <line number="78" hits="8" branch="False" />
                <line number="79" hits="8" branch="False" />
                <line number="80" hits="8" branch="False" />
                <line number="81" hits="8" branch="False" />
                <line number="82" hits="8" branch="False" />
                <line number="83" hits="8" branch="False" />
                <line number="84" hits="8" branch="False" />
                <line number="85" hits="8" branch="False" />
                <line number="86" hits="8" branch="False" />
                <line number="88" hits="8" branch="False" />
                <line number="90" hits="8" branch="True" condition-coverage="100% (2/2)">
                  <conditions>
                    <condition number="456" type="jump" coverage="100%" />
                  </conditions>
                </line>
                <line number="91" hits="1" branch="False" />
                <line number="92" hits="1" branch="False" />
                <line number="93" hits="1" branch="False" />
                <line number="94" hits="1" branch="False" />
                <line number="97" hits="7" branch="False" />
                <line number="99" hits="7" branch="True" condition-coverage="50% (2/4)">
                  <conditions>
                    <condition number="830" type="jump" coverage="50%" />
                    <condition number="855" type="jump" coverage="50%" />
                  </conditions>
                </line>
                <line number="100" hits="0" branch="False" />
                <line number="102" hits="7" branch="False" />
                <line number="103" hits="7" branch="False" />
              </lines>
            </method>
          </methods>
          <lines>
            <line number="68" hits="9" branch="False" />
            <line number="69" hits="9" branch="True" condition-coverage="100% (4/4)">
              <conditions>
                <condition number="40" type="jump" coverage="100%" />
                <condition number="68" type="jump" coverage="100%" />
              </conditions>
            </line>
            <line number="70" hits="1" branch="False" />
            <line number="71" hits="1" branch="False" />
            <line number="72" hits="1" branch="False" />
            <line number="75" hits="8" branch="False" />
            <line number="77" hits="8" branch="True" condition-coverage="100% (2/2)">
              <conditions>
                <condition number="269" type="jump" coverage="100%" />
              </conditions>
            </line>
            <line number="78" hits="8" branch="False" />
            <line number="79" hits="8" branch="False" />
            <line number="80" hits="8" branch="False" />
            <line number="81" hits="8" branch="False" />
            <line number="82" hits="8" branch="False" />
            <line number="83" hits="8" branch="False" />
            <line number="84" hits="8" branch="False" />
            <line number="85" hits="8" branch="False" />
            <line number="86" hits="8" branch="False" />
            <line number="88" hits="8" branch="False" />
            <line number="90" hits="8" branch="True" condition-coverage="100% (2/2)">
              <conditions>
                <condition number="456" type="jump" coverage="100%" />
              </conditions>
            </line>
            <line number="91" hits="1" branch="False" />
            <line number="92" hits="1" branch="False" />
            <line number="93" hits="1" branch="False" />
            <line number="94" hits="1" branch="False" />
            <line number="97" hits="7" branch="False" />
            <line number="99" hits="7" branch="True" condition-coverage="50% (2/4)">
              <conditions>
                <condition number="830" type="jump" coverage="50%" />
                <condition number="855" type="jump" coverage="50%" />
              </conditions>
            </line>
            <line number="100" hits="0" branch="False" />
            <line number="102" hits="7" branch="False" />
            <line number="103" hits="7" branch="False" />
          </lines>
        </class>
        <class name="Erp.Identity.Dependencies.Services.NotificationEmailClient" filename="Erp.Identity.Dependencies\Services\NotificationEmailClient.cs" line-rate="1" branch-rate="1" complexity="1">
          <methods>
            <method name=".ctor" signature="(System.Net.Http.HttpClient)" line-rate="1" branch-rate="1" complexity="1">
              <lines>
                <line number="6" hits="4" branch="False" />
              </lines>
            </method>
          </methods>
          <lines>
            <line number="6" hits="4" branch="False" />
          </lines>
        </class>
        <class name="Erp.Identity.Dependencies.Services.NotificationEmailClient/EmailNotificationRequest" filename="Erp.Identity.Dependencies\Services\NotificationEmailClient.cs" line-rate="1" branch-rate="1" complexity="3">
          <methods>
            <method name="get_ToEmail" signature="()" line-rate="1" branch-rate="1" complexity="1">
              <lines>
                <line number="25" hits="12" branch="False" />
              </lines>
            </method>
            <method name="get_Subject" signature="()" line-rate="1" branch-rate="1" complexity="1">
              <lines>
                <line number="26" hits="12" branch="False" />
              </lines>
            </method>
            <method name="get_HtmlBody" signature="()" line-rate="1" branch-rate="1" complexity="1">
              <lines>
                <line number="27" hits="12" branch="False" />
              </lines>
            </method>
          </methods>
          <lines>
            <line number="25" hits="12" branch="False" />
            <line number="26" hits="12" branch="False" />
            <line number="27" hits="12" branch="False" />
          </lines>
        </class>
        <class name="Erp.Identity.Dependencies.Services.NotificationEmailClient/&lt;QueueAsync&gt;d__3" filename="Erp.Identity.Dependencies\Services\NotificationEmailClient.cs" line-rate="1" branch-rate="1" complexity="1">
          <methods>
            <method name="MoveNext" signature="()" line-rate="1" branch-rate="1" complexity="1">
              <lines>
                <line number="11" hits="4" branch="False" />
                <line number="12" hits="4" branch="False" />
                <line number="13" hits="4" branch="False" />
                <line number="14" hits="4" branch="False" />
                <line number="15" hits="4" branch="False" />
                <line number="16" hits="4" branch="False" />
                <line number="17" hits="4" branch="False" />
                <line number="19" hits="4" branch="False" />
                <line number="20" hits="4" branch="False" />
                <line number="21" hits="3" branch="False" />
              </lines>
            </method>
          </methods>
          <lines>
            <line number="11" hits="4" branch="False" />
            <line number="12" hits="4" branch="False" />
            <line number="13" hits="4" branch="False" />
            <line number="14" hits="4" branch="False" />
            <line number="15" hits="4" branch="False" />
            <line number="16" hits="4" branch="False" />
            <line number="17" hits="4" branch="False" />
            <line number="19" hits="4" branch="False" />
            <line number="20" hits="4" branch="False" />
            <line number="21" hits="3" branch="False" />
          </lines>
        </class>
        <class name="Erp.Identity.Dependencies.Services.ServiceTokenHandler" filename="Erp.Identity.Dependencies\Services\ServiceTokenHandler.cs" line-rate="1" branch-rate="1" complexity="1">
          <methods>
            <method name=".ctor" signature="(Erp.Identity.Infrastructure.Application.IServiceTokenProvider)" line-rate="1" branch-rate="1" complexity="1">
              <lines>
                <line number="7" hits="1" branch="False" />
              </lines>
            </method>
          </methods>
          <lines>
            <line number="7" hits="1" branch="False" />
          </lines>
        </class>
        <class name="Erp.Identity.Dependencies.Services.ServiceTokenHandler/&lt;SendAsync&gt;d__2" filename="Erp.Identity.Dependencies\Services\ServiceTokenHandler.cs" line-rate="1" branch-rate="1" complexity="1">
          <methods>
            <method name="MoveNext" signature="()" line-rate="1" branch-rate="1" complexity="1">
              <lines>
                <line number="12" hits="1" branch="False" />
                <line number="13" hits="1" branch="False" />
                <line number="14" hits="1" branch="False" />
                <line number="16" hits="1" branch="False" />
                <line number="17" hits="1" branch="False" />
              </lines>
            </method>
          </methods>
          <lines>
            <line number="12" hits="1" branch="False" />
            <line number="13" hits="1" branch="False" />
            <line number="14" hits="1" branch="False" />
            <line number="16" hits="1" branch="False" />
            <line number="17" hits="1" branch="False" />
          </lines>
        </class>
        <class name="Erp.Identity.Dependencies.Configuration.NotificationEmailOptions" filename="Erp.Identity.Dependencies\Configuration\NotificationEmailOptions.cs" line-rate="0" branch-rate="1" complexity="1">
          <methods>
            <method name="get_BaseUrl" signature="()" line-rate="0" branch-rate="1" complexity="1">
              <lines>
                <line number="5" hits="0" branch="False" />
              </lines>
            </method>
          </methods>
          <lines>
            <line number="5" hits="0" branch="False" />
          </lines>
        </class>
        <class name="Erp.Identity.Dependencies.Configuration.ServiceAuthenticationOptions" filename="Erp.Identity.Dependencies\Configuration\ServiceAuthenticationOptions.cs" line-rate="1" branch-rate="1" complexity="10">
          <methods>
            <method name="get_Authority" signature="()" line-rate="1" branch-rate="1" complexity="1">
              <lines>
                <line number="12" hits="38" branch="False" />
              </lines>
            </method>
            <method name="get_TokenEndpoint" signature="()" line-rate="1" branch-rate="1" complexity="1">
              <lines>
                <line number="15" hits="13" branch="False" />
              </lines>
            </method>
            <method name="get_ClientId" signature="()" line-rate="1" branch-rate="1" complexity="1">
              <lines>
                <line number="17" hits="40" branch="False" />
              </lines>
            </method>
            <method name="get_ClientSecret" signature="()" line-rate="1" branch-rate="1" complexity="1">
              <lines>
                <line number="19" hits="32" branch="False" />
              </lines>
            </method>
            <method name="get_Scope" signature="()" line-rate="1" branch-rate="1" complexity="1">
              <lines>
                <line number="22" hits="23" branch="False" />
              </lines>
            </method>
            <method name="get_RenewBeforeExpirySeconds" signature="()" line-rate="1" branch-rate="1" complexity="1">
              <lines>
                <line number="25" hits="18" branch="False" />
              </lines>
            </method>
            <method name="ResolveTokenEndpoint" signature="()" line-rate="1" branch-rate="1" complexity="4">
              <lines>
                <line number="28" hits="11" branch="False" />
                <line number="29" hits="11" branch="True" condition-coverage="100% (2/2)">
                  <conditions>
                    <condition number="17" type="jump" coverage="100%" />
                  </conditions>
                </line>
                <line number="30" hits="1" branch="False" />
                <line number="32" hits="10" branch="True" condition-coverage="100% (2/2)">
                  <conditions>
                    <condition number="46" type="jump" coverage="100%" />
                  </conditions>
                </line>
                <line number="33" hits="1" branch="False" />
                <line number="35" hits="9" branch="False" />
                <line number="36" hits="10" branch="False" />
              </lines>
            </method>
          </methods>
          <lines>
            <line number="12" hits="38" branch="False" />
            <line number="15" hits="13" branch="False" />
            <line number="17" hits="40" branch="False" />
            <line number="19" hits="32" branch="False" />
            <line number="22" hits="23" branch="False" />
            <line number="25" hits="18" branch="False" />
            <line number="28" hits="11" branch="False" />
            <line number="29" hits="11" branch="True" condition-coverage="100% (2/2)">
              <conditions>
                <condition number="17" type="jump" coverage="100%" />
              </conditions>
            </line>
            <line number="30" hits="1" branch="False" />
            <line number="32" hits="10" branch="True" condition-coverage="100% (2/2)">
              <conditions>
                <condition number="46" type="jump" coverage="100%" />
              </conditions>
            </line>
            <line number="33" hits="1" branch="False" />
            <line number="35" hits="9" branch="False" />
            <line number="36" hits="10" branch="False" />
          </lines>
        </class>
      </classes>
    </package>
    <package name="Erp.Identity.Domain" line-rate="0.7532" branch-rate="1" complexity="154">
      <classes>
        <class name="Erp.Identity.Data.ApplicationUser" filename="Erp.Identity.Domain\Storage\ApplicationUser.cs" line-rate="1" branch-rate="1" complexity="5">
          <methods>
            <method name="get_FirstName" signature="()" line-rate="1" branch-rate="1" complexity="1">
              <lines>
                <line number="7" hits="25" branch="False" />
              </lines>
            </method>
            <method name="get_LastName" signature="()" line-rate="1" branch-rate="1" complexity="1">
              <lines>
                <line number="8" hits="25" branch="False" />
              </lines>
            </method>
            <method name="get_FullName" signature="()" line-rate="1" branch-rate="1" complexity="1">
              <lines>
                <line number="9" hits="5" branch="False" />
              </lines>
            </method>
            <method name="get_IsActive" signature="()" line-rate="1" branch-rate="1" complexity="1">
              <lines>
                <line number="10" hits="25" branch="False" />
              </lines>
            </method>
            <method name="get_CreatedAt" signature="()" line-rate="1" branch-rate="1" complexity="1">
              <lines>
                <line number="11" hits="16" branch="False" />
              </lines>
            </method>
          </methods>
          <lines>
            <line number="7" hits="25" branch="False" />
            <line number="8" hits="25" branch="False" />
            <line number="9" hits="5" branch="False" />
            <line number="10" hits="25" branch="False" />
            <line number="11" hits="16" branch="False" />
          </lines>
        </class>
        <class name="Erp.Identity.Domain.Application.ApiResourceEditItem" filename="Erp.Identity.Domain\Application\ApiResourceEditItem.cs" line-rate="0.5555" branch-rate="1" complexity="9">
          <methods>
            <method name="get_Name" signature="()" line-rate="0" branch-rate="1" complexity="1">
              <lines>
                <line number="4" hits="0" branch="False" />
              </lines>
            </method>
            <method name="get_DisplayName" signature="()" line-rate="1" branch-rate="1" complexity="1">
              <lines>
                <line number="5" hits="1" branch="False" />
              </lines>
            </method>
            <method name="get_Description" signature="()" line-rate="1" branch-rate="1" complexity="1">
              <lines>
                <line number="6" hits="1" branch="False" />
              </lines>
            </method>
            <method name="get_Enabled" signature="()" line-rate="0" branch-rate="1" complexity="1">
              <lines>
                <line number="7" hits="0" branch="False" />
              </lines>
            </method>
            <method name="get_ShowInDiscoveryDocument" signature="()" line-rate="0" branch-rate="1" complexity="1">
              <lines>
                <line number="8" hits="0" branch="False" />
              </lines>
            </method>
            <method name="get_RequireResourceIndicator" signature="()" line-rate="0" branch-rate="1" complexity="1">
              <lines>
                <line number="9" hits="0" branch="False" />
              </lines>
            </method>
            <method name="get_Scopes" signature="()" line-rate="1" branch-rate="1" complexity="1">
              <lines>
                <line number="10" hits="2" branch="False" />
              </lines>
            </method>
            <method name="get_UserClaims" signature="()" line-rate="1" branch-rate="1" complexity="1">
              <lines>
                <line number="11" hits="5" branch="False" />
              </lines>
            </method>
            <method name=".ctor" signature="(System.String,System.String,System.String,System.Boolean,System.Boolean,System.Boolean,System.Collections.Generic.IReadOnlyList`1&lt;System.String&gt;,System.Collections.Generic.IReadOnlyList`1&lt;System.String&gt;)" line-rate="1" branch-rate="1" complexity="1">
              <lines>
                <line number="3" hits="3" branch="False" />
              </lines>
            </method>
          </methods>
          <lines>
            <line number="4" hits="0" branch="False" />
            <line number="5" hits="1" branch="False" />
            <line number="6" hits="1" branch="False" />
            <line number="7" hits="0" branch="False" />
            <line number="8" hits="0" branch="False" />
            <line number="9" hits="0" branch="False" />
            <line number="10" hits="2" branch="False" />
            <line number="11" hits="5" branch="False" />
            <line number="3" hits="3" branch="False" />
          </lines>
        </class>
        <class name="Erp.Identity.Domain.Application.ApiResourceListItem" filename="Erp.Identity.Domain\Application\ApiResourceListItem.cs" line-rate="0.6" branch-rate="1" complexity="5">
          <methods>
            <method name="get_Name" signature="()" line-rate="1" branch-rate="1" complexity="1">
              <lines>
                <line number="4" hits="2" branch="False" />
              </lines>
            </method>
            <method name="get_DisplayName" signature="()" line-rate="0" branch-rate="1" complexity="1">
              <lines>
                <line number="5" hits="0" branch="False" />
              </lines>
            </method>
            <method name="get_Enabled" signature="()" line-rate="0" branch-rate="1" complexity="1">
              <lines>
                <line number="6" hits="0" branch="False" />
              </lines>
            </method>
            <method name="get_Scopes" signature="()" line-rate="1" branch-rate="1" complexity="1">
              <lines>
                <line number="7" hits="2" branch="False" />
              </lines>
            </method>
            <method name=".ctor" signature="(System.String,System.String,System.Boolean,System.Collections.Generic.IReadOnlyList`1&lt;System.String&gt;)" line-rate="1" branch-rate="1" complexity="1">
              <lines>
                <line number="3" hits="2" branch="False" />
              </lines>
            </method>
          </methods>
          <lines>
            <line number="4" hits="2" branch="False" />
            <line number="5" hits="0" branch="False" />
            <line number="6" hits="0" branch="False" />
            <line number="7" hits="2" branch="False" />
            <line number="3" hits="2" branch="False" />
          </lines>
        </class>
        <class name="Erp.Identity.Domain.Application.ApiResourceUpsertRequest" filename="Erp.Identity.Domain\Application\ApiResourceUpsertRequest.cs" line-rate="1" branch-rate="1" complexity="9">
          <methods>
            <method name="get_Name" signature="()" line-rate="1" branch-rate="1" complexity="1">
              <lines>
                <line number="4" hits="11" branch="False" />
              </lines>
            </method>
            <method name="get_DisplayName" signature="()" line-rate="1" branch-rate="1" complexity="1">
              <lines>
                <line number="5" hits="9" branch="False" />
              </lines>
            </method>
            <method name="get_Description" signature="()" line-rate="1" branch-rate="1" complexity="1">
              <lines>
                <line number="6" hits="9" branch="False" />
              </lines>
            </method>
            <method name="get_Enabled" signature="()" line-rate="1" branch-rate="1" complexity="1">
              <lines>
                <line number="7" hits="9" branch="False" />
              </lines>
            </method>
            <method name="get_ShowInDiscoveryDocument" signature="()" line-rate="1" branch-rate="1" complexity="1">
              <lines>
                <line number="8" hits="9" branch="False" />
              </lines>
            </method>
            <method name="get_RequireResourceIndicator" signature="()" line-rate="1" branch-rate="1" complexity="1">
              <lines>
                <line number="9" hits="9" branch="False" />
              </lines>
            </method>
            <method name="get_Scopes" signature="()" line-rate="1" branch-rate="1" complexity="1">
              <lines>
                <line number="10" hits="9" branch="False" />
              </lines>
            </method>
            <method name="get_UserClaims" signature="()" line-rate="1" branch-rate="1" complexity="1">
              <lines>
                <line number="11" hits="22" branch="False" />
              </lines>
            </method>
            <method name=".ctor" signature="(System.String,System.String,System.String,System.Boolean,System.Boolean,System.Boolean,System.Collections.Generic.IReadOnlyList`1&lt;System.String&gt;,System.Collections.Generic.IReadOnlyList`1&lt;System.String&gt;)" line-rate="1" branch-rate="1" complexity="1">
              <lines>
                <line number="3" hits="13" branch="False" />
              </lines>
            </method>
          </methods>
          <lines>
            <line number="4" hits="11" branch="False" />
            <line number="5" hits="9" branch="False" />
            <line number="6" hits="9" branch="False" />
            <line number="7" hits="9" branch="False" />
            <line number="8" hits="9" branch="False" />
            <line number="9" hits="9" branch="False" />
            <line number="10" hits="9" branch="False" />
            <line number="11" hits="22" branch="False" />
            <line number="3" hits="13" branch="False" />
          </lines>
        </class>
        <class name="Erp.Identity.Domain.Application.ApiScopeEditItem" filename="Erp.Identity.Domain\Application\ApiScopeEditItem.cs" line-rate="0.44439999999999996" branch-rate="1" complexity="9">
          <methods>
            <method name="get_Name" signature="()" line-rate="0" branch-rate="1" complexity="1">
              <lines>
                <line number="4" hits="0" branch="False" />
              </lines>
            </method>
            <method name="get_DisplayName" signature="()" line-rate="1" branch-rate="1" complexity="1">
              <lines>
                <line number="5" hits="1" branch="False" />
              </lines>
            </method>
            <method name="get_Description" signature="()" line-rate="1" branch-rate="1" complexity="1">
              <lines>
                <line number="6" hits="1" branch="False" />
              </lines>
            </method>
            <method name="get_Enabled" signature="()" line-rate="0" branch-rate="1" complexity="1">
              <lines>
                <line number="7" hits="0" branch="False" />
              </lines>
            </method>
            <method name="get_Required" signature="()" line-rate="0" branch-rate="1" complexity="1">
              <lines>
                <line number="8" hits="0" branch="False" />
              </lines>
            </method>
            <method name="get_Emphasize" signature="()" line-rate="0" branch-rate="1" complexity="1">
              <lines>
                <line number="9" hits="0" branch="False" />
              </lines>
            </method>
            <method name="get_ShowInDiscoveryDocument" signature="()" line-rate="0" branch-rate="1" complexity="1">
              <lines>
                <line number="10" hits="0" branch="False" />
              </lines>
            </method>
            <method name="get_UserClaims" signature="()" line-rate="1" branch-rate="1" complexity="1">
              <lines>
                <line number="11" hits="5" branch="False" />
              </lines>
            </method>
            <method name=".ctor" signature="(System.String,System.String,System.String,System.Boolean,System.Boolean,System.Boolean,System.Boolean,System.Collections.Generic.IReadOnlyList`1&lt;System.String&gt;)" line-rate="1" branch-rate="1" complexity="1">
              <lines>
                <line number="3" hits="3" branch="False" />
              </lines>
            </method>
          </methods>
          <lines>
            <line number="4" hits="0" branch="False" />
            <line number="5" hits="1" branch="False" />
            <line number="6" hits="1" branch="False" />
            <line number="7" hits="0" branch="False" />
            <line number="8" hits="0" branch="False" />
            <line number="9" hits="0" branch="False" />
            <line number="10" hits="0" branch="False" />
            <line number="11" hits="5" branch="False" />
            <line number="3" hits="3" branch="False" />
          </lines>
        </class>
        <class name="Erp.Identity.Domain.Application.ApiScopeListItem" filename="Erp.Identity.Domain\Application\ApiScopeListItem.cs" line-rate="0.6" branch-rate="1" complexity="5">
          <methods>
            <method name="get_Name" signature="()" line-rate="1" branch-rate="1" complexity="1">
              <lines>
                <line number="4" hits="2" branch="False" />
              </lines>
            </method>
            <method name="get_DisplayName" signature="()" line-rate="0" branch-rate="1" complexity="1">
              <lines>
                <line number="5" hits="0" branch="False" />
              </lines>
            </method>
            <method name="get_Enabled" signature="()" line-rate="0" branch-rate="1" complexity="1">
              <lines>
                <line number="6" hits="0" branch="False" />
              </lines>
            </method>
            <method name="get_UserClaims" signature="()" line-rate="1" branch-rate="1" complexity="1">
              <lines>
                <line number="7" hits="3" branch="False" />
              </lines>
            </method>
            <method name=".ctor" signature="(System.String,System.String,System.Boolean,System.Collections.Generic.IReadOnlyList`1&lt;System.String&gt;)" line-rate="1" branch-rate="1" complexity="1">
              <lines>
                <line number="3" hits="2" branch="False" />
              </lines>
            </method>
          </methods>
          <lines>
            <line number="4" hits="2" branch="False" />
            <line number="5" hits="0" branch="False" />
            <line number="6" hits="0" branch="False" />
            <line number="7" hits="3" branch="False" />
            <line number="3" hits="2" branch="False" />
          </lines>
        </class>
        <class name="Erp.Identity.Domain.Application.ApiScopeUpsertRequest" filename="Erp.Identity.Domain\Application\ApiScopeUpsertRequest.cs" line-rate="1" branch-rate="1" complexity="9">
          <methods>
            <method name="get_Name" signature="()" line-rate="1" branch-rate="1" complexity="1">
              <lines>
                <line number="4" hits="12" branch="False" />
              </lines>
            </method>
            <method name="get_DisplayName" signature="()" line-rate="1" branch-rate="1" complexity="1">
              <lines>
                <line number="5" hits="10" branch="False" />
              </lines>
            </method>
            <method name="get_Description" signature="()" line-rate="1" branch-rate="1" complexity="1">
              <lines>
                <line number="6" hits="10" branch="False" />
              </lines>
            </method>
            <method name="get_Enabled" signature="()" line-rate="1" branch-rate="1" complexity="1">
              <lines>
                <line number="7" hits="10" branch="False" />
              </lines>
            </method>
            <method name="get_Required" signature="()" line-rate="1" branch-rate="1" complexity="1">
              <lines>
                <line number="8" hits="10" branch="False" />
              </lines>
            </method>
            <method name="get_Emphasize" signature="()" line-rate="1" branch-rate="1" complexity="1">
              <lines>
                <line number="9" hits="10" branch="False" />
              </lines>
            </method>
            <method name="get_ShowInDiscoveryDocument" signature="()" line-rate="1" branch-rate="1" complexity="1">
              <lines>
                <line number="10" hits="10" branch="False" />
              </lines>
            </method>
            <method name="get_UserClaims" signature="()" line-rate="1" branch-rate="1" complexity="1">
              <lines>
                <line number="11" hits="25" branch="False" />
              </lines>
            </method>
            <method name=".ctor" signature="(System.String,System.String,System.String,System.Boolean,System.Boolean,System.Boolean,System.Boolean,System.Collections.Generic.IReadOnlyList`1&lt;System.String&gt;)" line-rate="1" branch-rate="1" complexity="1">
              <lines>
                <line number="3" hits="15" branch="False" />
              </lines>
            </method>
          </methods>
          <lines>
            <line number="4" hits="12" branch="False" />
            <line number="5" hits="10" branch="False" />
            <line number="6" hits="10" branch="False" />
            <line number="7" hits="10" branch="False" />
            <line number="8" hits="10" branch="False" />
            <line number="9" hits="10" branch="False" />
            <line number="10" hits="10" branch="False" />
            <line number="11" hits="25" branch="False" />
            <line number="3" hits="15" branch="False" />
          </lines>
        </class>
        <class name="Erp.Identity.Domain.Application.ClientEditItem" filename="Erp.Identity.Domain\Application\ClientEditItem.cs" line-rate="0.6111" branch-rate="1" complexity="18">
          <methods>
            <method name="get_ClientId" signature="()" line-rate="0" branch-rate="1" complexity="1">
              <lines>
                <line number="4" hits="0" branch="False" />
              </lines>
            </method>
            <method name="get_ClientName" signature="()" line-rate="1" branch-rate="1" complexity="1">
              <lines>
                <line number="5" hits="2" branch="False" />
              </lines>
            </method>
            <method name="get_Enabled" signature="()" line-rate="1" branch-rate="1" complexity="1">
              <lines>
                <line number="6" hits="1" branch="False" />
              </lines>
            </method>
            <method name="get_RequirePkce" signature="()" line-rate="0" branch-rate="1" complexity="1">
              <lines>
                <line number="7" hits="0" branch="False" />
              </lines>
            </method>
            <method name="get_RequireClientSecret" signature="()" line-rate="0" branch-rate="1" complexity="1">
              <lines>
                <line number="8" hits="0" branch="False" />
              </lines>
            </method>
            <method name="get_AllowOfflineAccess" signature="()" line-rate="0" branch-rate="1" complexity="1">
              <lines>
                <line number="9" hits="0" branch="False" />
              </lines>
            </method>
            <method name="get_AccessTokenLifetime" signature="()" line-rate="0" branch-rate="1" complexity="1">
              <lines>
                <line number="10" hits="0" branch="False" />
              </lines>
            </method>
            <method name="get_SlidingRefreshTokenLifetime" signature="()" line-rate="0" branch-rate="1" complexity="1">
              <lines>
                <line number="11" hits="0" branch="False" />
              </lines>
            </method>
            <method name="get_AbsoluteRefreshTokenLifetime" signature="()" line-rate="0" branch-rate="1" complexity="1">
              <lines>
                <line number="12" hits="0" branch="False" />
              </lines>
            </method>
            <method name="get_RefreshTokenUsage" signature="()" line-rate="1" branch-rate="1" complexity="1">
              <lines>
                <line number="13" hits="2" branch="False" />
              </lines>
            </method>
            <method name="get_RefreshTokenExpiration" signature="()" line-rate="1" branch-rate="1" complexity="1">
              <lines>
                <line number="14" hits="2" branch="False" />
              </lines>
            </method>
            <method name="get_AllowedGrantTypes" signature="()" line-rate="1" branch-rate="1" complexity="1">
              <lines>
                <line number="15" hits="1" branch="False" />
              </lines>
            </method>
            <method name="get_RedirectUris" signature="()" line-rate="1" branch-rate="1" complexity="1">
              <lines>
                <line number="16" hits="2" branch="False" />
              </lines>
            </method>
            <method name="get_PostLogoutRedirectUris" signature="()" line-rate="1" branch-rate="1" complexity="1">
              <lines>
                <line number="17" hits="1" branch="False" />
              </lines>
            </method>
            <method name="get_AllowedCorsOrigins" signature="()" line-rate="1" branch-rate="1" complexity="1">
              <lines>
                <line number="18" hits="1" branch="False" />
              </lines>
            </method>
            <method name="get_AllowedScopes" signature="()" line-rate="1" branch-rate="1" complexity="1">
              <lines>
                <line number="19" hits="2" branch="False" />
              </lines>
            </method>
            <method name="get_ClientSecrets" signature="()" line-rate="1" branch-rate="1" complexity="1">
              <lines>
                <line number="20" hits="8" branch="False" />
              </lines>
            </method>
            <method name=".ctor" signature="(System.String,System.String,System.Boolean,System.Boolean,System.Boolean,System.Boolean,System.Int32,System.Int32,System.Int32,System.String,System.String,System.Collections.Generic.IReadOnlyList`1&lt;System.String&gt;,System.Collections.Generic.IReadOnlyList`1&lt;System.String&gt;,System.Collections.Generic.IReadOnlyList`1&lt;System.String&gt;,System.Collections.Generic.IReadOnlyList`1&lt;System.String&gt;,System.Collections.Generic.IReadOnlyList`1&lt;System.String&gt;,System.Collections.Generic.IReadOnlyList`1&lt;Erp.Identity.Domain.Application.ClientSecretItem&gt;)" line-rate="1" branch-rate="1" complexity="1">
              <lines>
                <line number="3" hits="5" branch="False" />
              </lines>
            </method>
          </methods>
          <lines>
            <line number="4" hits="0" branch="False" />
            <line number="5" hits="2" branch="False" />
            <line number="6" hits="1" branch="False" />
            <line number="7" hits="0" branch="False" />
            <line number="8" hits="0" branch="False" />
            <line number="9" hits="0" branch="False" />
            <line number="10" hits="0" branch="False" />
            <line number="11" hits="0" branch="False" />
            <line number="12" hits="0" branch="False" />
            <line number="13" hits="2" branch="False" />
            <line number="14" hits="2" branch="False" />
            <line number="15" hits="1" branch="False" />
            <line number="16" hits="2" branch="False" />
            <line number="17" hits="1" branch="False" />
            <line number="18" hits="1" branch="False" />
            <line number="19" hits="2" branch="False" />
            <line number="20" hits="8" branch="False" />
            <line number="3" hits="5" branch="False" />
          </lines>
        </class>
        <class name="Erp.Identity.Domain.Application.ClientListItem" filename="Erp.Identity.Domain\Application\ClientListItem.cs" line-rate="0.6666" branch-rate="1" complexity="6">
          <methods>
            <method name="get_ClientId" signature="()" line-rate="1" branch-rate="1" complexity="1">
              <lines>
                <line number="4" hits="2" branch="False" />
              </lines>
            </method>
            <method name="get_ClientName" signature="()" line-rate="0" branch-rate="1" complexity="1">
              <lines>
                <line number="5" hits="0" branch="False" />
              </lines>
            </method>
            <method name="get_Enabled" signature="()" line-rate="0" branch-rate="1" complexity="1">
              <lines>
                <line number="6" hits="0" branch="False" />
              </lines>
            </method>
            <method name="get_RedirectUris" signature="()" line-rate="1" branch-rate="1" complexity="1">
              <lines>
                <line number="7" hits="1" branch="False" />
              </lines>
            </method>
            <method name="get_AllowedScopes" signature="()" line-rate="1" branch-rate="1" complexity="1">
              <lines>
                <line number="8" hits="3" branch="False" />
              </lines>
            </method>
            <method name=".ctor" signature="(System.String,System.String,System.Boolean,System.Collections.Generic.IReadOnlyList`1&lt;System.String&gt;,System.Collections.Generic.IReadOnlyList`1&lt;System.String&gt;)" line-rate="1" branch-rate="1" complexity="1">
              <lines>
                <line number="3" hits="2" branch="False" />
              </lines>
            </method>
          </methods>
          <lines>
            <line number="4" hits="2" branch="False" />
            <line number="5" hits="0" branch="False" />
            <line number="6" hits="0" branch="False" />
            <line number="7" hits="1" branch="False" />
            <line number="8" hits="3" branch="False" />
            <line number="3" hits="2" branch="False" />
          </lines>
        </class>
        <class name="Erp.Identity.Domain.Application.ClientSecretItem" filename="Erp.Identity.Domain\Application\ClientSecretItem.cs" line-rate="1" branch-rate="1" complexity="4">
          <methods>
            <method name="get_Value" signature="()" line-rate="1" branch-rate="1" complexity="1">
              <lines>
                <line number="4" hits="8" branch="False" />
              </lines>
            </method>
            <method name="get_Description" signature="()" line-rate="1" branch-rate="1" complexity="1">
              <lines>
                <line number="5" hits="5" branch="False" />
              </lines>
            </method>
            <method name="get_IsHashed" signature="()" line-rate="1" branch-rate="1" complexity="1">
              <lines>
                <line number="6" hits="10" branch="False" />
              </lines>
            </method>
            <method name=".ctor" signature="(System.String,System.String,System.Boolean)" line-rate="1" branch-rate="1" complexity="1">
              <lines>
                <line number="3" hits="6" branch="False" />
              </lines>
            </method>
          </methods>
          <lines>
            <line number="4" hits="8" branch="False" />
            <line number="5" hits="5" branch="False" />
            <line number="6" hits="10" branch="False" />
            <line number="3" hits="6" branch="False" />
          </lines>
        </class>
        <class name="Erp.Identity.Domain.Application.ClientUpsertRequest" filename="Erp.Identity.Domain\Application\ClientUpsertRequest.cs" line-rate="1" branch-rate="1" complexity="18">
          <methods>
            <method name="get_ClientId" signature="()" line-rate="1" branch-rate="1" complexity="1">
              <lines>
                <line number="4" hits="18" branch="False" />
              </lines>
            </method>
            <method name="get_ClientName" signature="()" line-rate="1" branch-rate="1" complexity="1">
              <lines>
                <line number="5" hits="10" branch="False" />
              </lines>
            </method>
            <method name="get_Enabled" signature="()" line-rate="1" branch-rate="1" complexity="1">
              <lines>
                <line number="6" hits="10" branch="False" />
              </lines>
            </method>
            <method name="get_RequirePkce" signature="()" line-rate="1" branch-rate="1" complexity="1">
              <lines>
                <line number="7" hits="9" branch="False" />
              </lines>
            </method>
            <method name="get_RequireClientSecret" signature="()" line-rate="1" branch-rate="1" complexity="1">
              <lines>
                <line number="8" hits="9" branch="False" />
              </lines>
            </method>
            <method name="get_AllowOfflineAccess" signature="()" line-rate="1" branch-rate="1" complexity="1">
              <lines>
                <line number="9" hits="9" branch="False" />
              </lines>
            </method>
            <method name="get_AccessTokenLifetime" signature="()" line-rate="1" branch-rate="1" complexity="1">
              <lines>
                <line number="10" hits="9" branch="False" />
              </lines>
            </method>
            <method name="get_SlidingRefreshTokenLifetime" signature="()" line-rate="1" branch-rate="1" complexity="1">
              <lines>
                <line number="11" hits="9" branch="False" />
              </lines>
            </method>
            <method name="get_AbsoluteRefreshTokenLifetime" signature="()" line-rate="1" branch-rate="1" complexity="1">
              <lines>
                <line number="12" hits="9" branch="False" />
              </lines>
            </method>
            <method name="get_RefreshTokenUsage" signature="()" line-rate="1" branch-rate="1" complexity="1">
              <lines>
                <line number="13" hits="10" branch="False" />
              </lines>
            </method>
            <method name="get_RefreshTokenExpiration" signature="()" line-rate="1" branch-rate="1" complexity="1">
              <lines>
                <line number="14" hits="10" branch="False" />
              </lines>
            </method>
            <method name="get_AllowedGrantTypes" signature="()" line-rate="1" branch-rate="1" complexity="1">
              <lines>
                <line number="15" hits="9" branch="False" />
              </lines>
            </method>
            <method name="get_RedirectUris" signature="()" line-rate="1" branch-rate="1" complexity="1">
              <lines>
                <line number="16" hits="10" branch="False" />
              </lines>
            </method>
            <method name="get_PostLogoutRedirectUris" signature="()" line-rate="1" branch-rate="1" complexity="1">
              <lines>
                <line number="17" hits="9" branch="False" />
              </lines>
            </method>
            <method name="get_AllowedCorsOrigins" signature="()" line-rate="1" branch-rate="1" complexity="1">
              <lines>
                <line number="18" hits="9" branch="False" />
              </lines>
            </method>
            <method name="get_AllowedScopes" signature="()" line-rate="1" branch-rate="1" complexity="1">
              <lines>
                <line number="19" hits="10" branch="False" />
              </lines>
            </method>
            <method name="get_ClientSecrets" signature="()" line-rate="1" branch-rate="1" complexity="1">
              <lines>
                <line number="20" hits="22" branch="False" />
              </lines>
            </method>
            <method name=".ctor" signature="(System.String,System.String,System.Boolean,System.Boolean,System.Boolean,System.Boolean,System.Int32,System.Int32,System.Int32,System.String,System.String,System.Collections.Generic.IReadOnlyList`1&lt;System.String&gt;,System.Collections.Generic.IReadOnlyList`1&lt;System.String&gt;,System.Collections.Generic.IReadOnlyList`1&lt;System.String&gt;,System.Collections.Generic.IReadOnlyList`1&lt;System.String&gt;,System.Collections.Generic.IReadOnlyList`1&lt;System.String&gt;,System.Collections.Generic.IReadOnlyList`1&lt;Erp.Identity.Domain.Application.ClientSecretItem&gt;)" line-rate="1" branch-rate="1" complexity="1">
              <lines>
                <line number="3" hits="12" branch="False" />
              </lines>
            </method>
          </methods>
          <lines>
            <line number="4" hits="18" branch="False" />
            <line number="5" hits="10" branch="False" />
            <line number="6" hits="10" branch="False" />
            <line number="7" hits="9" branch="False" />
            <line number="8" hits="9" branch="False" />
            <line number="9" hits="9" branch="False" />
            <line number="10" hits="9" branch="False" />
            <line number="11" hits="9" branch="False" />
            <line number="12" hits="9" branch="False" />
            <line number="13" hits="10" branch="False" />
            <line number="14" hits="10" branch="False" />
[...]
            <line number="746" hits="0" branch="False" />
            <line number="747" hits="0" branch="False" />
            <line number="748" hits="0" branch="False" />
            <line number="749" hits="0" branch="False" />
            <line number="750" hits="0" branch="False" />
            <line number="751" hits="0" branch="False" />
            <line number="752" hits="0" branch="False" />
            <line number="753" hits="0" branch="False" />
            <line number="754" hits="0" branch="False" />
            <line number="755" hits="0" branch="False" />
            <line number="756" hits="0" branch="False" />
            <line number="757" hits="0" branch="False" />
            <line number="758" hits="0" branch="False" />
            <line number="759" hits="0" branch="False" />
            <line number="760" hits="0" branch="False" />
            <line number="761" hits="0" branch="False" />
            <line number="762" hits="0" branch="False" />
            <line number="763" hits="0" branch="False" />
            <line number="764" hits="0" branch="False" />
            <line number="765" hits="0" branch="False" />
            <line number="766" hits="0" branch="False" />
            <line number="767" hits="0" branch="False" />
            <line number="768" hits="0" branch="False" />
            <line number="769" hits="0" branch="False" />
            <line number="770" hits="0" branch="False" />
            <line number="771" hits="0" branch="False" />
            <line number="772" hits="0" branch="False" />
            <line number="773" hits="0" branch="False" />
            <line number="775" hits="0" branch="False" />
            <line number="776" hits="0" branch="False" />
            <line number="777" hits="0" branch="False" />
            <line number="778" hits="0" branch="False" />
            <line number="779" hits="0" branch="False" />
            <line number="780" hits="0" branch="False" />
            <line number="781" hits="0" branch="False" />
            <line number="782" hits="0" branch="False" />
            <line number="783" hits="0" branch="False" />
            <line number="784" hits="0" branch="False" />
            <line number="785" hits="0" branch="False" />
            <line number="786" hits="0" branch="False" />
            <line number="787" hits="0" branch="False" />
            <line number="788" hits="0" branch="False" />
            <line number="789" hits="0" branch="False" />
            <line number="790" hits="0" branch="False" />
            <line number="791" hits="0" branch="False" />
            <line number="792" hits="0" branch="False" />
            <line number="793" hits="0" branch="False" />
            <line number="794" hits="0" branch="False" />
            <line number="795" hits="0" branch="False" />
            <line number="796" hits="0" branch="False" />
            <line number="797" hits="0" branch="False" />
            <line number="798" hits="0" branch="False" />
            <line number="799" hits="0" branch="False" />
            <line number="800" hits="0" branch="False" />
            <line number="801" hits="0" branch="False" />
            <line number="802" hits="0" branch="False" />
            <line number="803" hits="0" branch="False" />
            <line number="804" hits="0" branch="False" />
            <line number="805" hits="0" branch="False" />
            <line number="806" hits="0" branch="False" />
            <line number="807" hits="0" branch="False" />
            <line number="808" hits="0" branch="False" />
            <line number="809" hits="0" branch="False" />
            <line number="810" hits="0" branch="False" />
            <line number="811" hits="0" branch="False" />
            <line number="812" hits="0" branch="False" />
            <line number="813" hits="0" branch="False" />
            <line number="814" hits="0" branch="False" />
            <line number="815" hits="0" branch="False" />
            <line number="816" hits="0" branch="False" />
            <line number="817" hits="0" branch="False" />
            <line number="818" hits="0" branch="False" />
            <line number="819" hits="0" branch="False" />
            <line number="820" hits="0" branch="False" />
            <line number="821" hits="0" branch="False" />
            <line number="822" hits="0" branch="False" />
            <line number="823" hits="0" branch="False" />
            <line number="825" hits="0" branch="False" />
            <line number="826" hits="0" branch="False" />
            <line number="827" hits="0" branch="False" />
            <line number="828" hits="0" branch="False" />
            <line number="829" hits="0" branch="False" />
            <line number="830" hits="0" branch="False" />
            <line number="831" hits="0" branch="False" />
            <line number="832" hits="0" branch="False" />
            <line number="833" hits="0" branch="False" />
            <line number="834" hits="0" branch="False" />
            <line number="835" hits="0" branch="False" />
            <line number="836" hits="0" branch="False" />
            <line number="837" hits="0" branch="False" />
            <line number="838" hits="0" branch="False" />
            <line number="839" hits="0" branch="False" />
            <line number="840" hits="0" branch="False" />
            <line number="841" hits="0" branch="False" />
            <line number="842" hits="0" branch="False" />
            <line number="843" hits="0" branch="False" />
            <line number="844" hits="0" branch="False" />
            <line number="845" hits="0" branch="False" />
            <line number="846" hits="0" branch="False" />
            <line number="847" hits="0" branch="False" />
            <line number="849" hits="0" branch="False" />
            <line number="850" hits="0" branch="False" />
            <line number="851" hits="0" branch="False" />
            <line number="852" hits="0" branch="False" />
            <line number="853" hits="0" branch="False" />
            <line number="854" hits="0" branch="False" />
            <line number="855" hits="0" branch="False" />
            <line number="856" hits="0" branch="False" />
            <line number="857" hits="0" branch="False" />
            <line number="858" hits="0" branch="False" />
            <line number="859" hits="0" branch="False" />
            <line number="860" hits="0" branch="False" />
            <line number="861" hits="0" branch="False" />
            <line number="862" hits="0" branch="False" />
            <line number="863" hits="0" branch="False" />
            <line number="864" hits="0" branch="False" />
            <line number="865" hits="0" branch="False" />
            <line number="866" hits="0" branch="False" />
            <line number="867" hits="0" branch="False" />
            <line number="868" hits="0" branch="False" />
            <line number="869" hits="0" branch="False" />
            <line number="870" hits="0" branch="False" />
            <line number="871" hits="0" branch="False" />
            <line number="872" hits="0" branch="False" />
            <line number="873" hits="0" branch="False" />
            <line number="874" hits="0" branch="False" />
            <line number="875" hits="0" branch="False" />
            <line number="876" hits="0" branch="False" />
            <line number="878" hits="0" branch="False" />
            <line number="879" hits="0" branch="False" />
            <line number="880" hits="0" branch="False" />
            <line number="881" hits="0" branch="False" />
            <line number="882" hits="0" branch="False" />
            <line number="883" hits="0" branch="False" />
            <line number="884" hits="0" branch="False" />
            <line number="885" hits="0" branch="False" />
            <line number="886" hits="0" branch="False" />
            <line number="887" hits="0" branch="False" />
            <line number="889" hits="0" branch="False" />
            <line number="890" hits="0" branch="False" />
            <line number="891" hits="0" branch="False" />
            <line number="892" hits="0" branch="False" />
            <line number="893" hits="0" branch="False" />
            <line number="894" hits="0" branch="False" />
            <line number="895" hits="0" branch="False" />
            <line number="896" hits="0" branch="False" />
            <line number="897" hits="0" branch="False" />
            <line number="898" hits="0" branch="False" />
            <line number="900" hits="0" branch="False" />
            <line number="901" hits="0" branch="False" />
            <line number="902" hits="0" branch="False" />
            <line number="903" hits="0" branch="False" />
            <line number="904" hits="0" branch="False" />
            <line number="905" hits="0" branch="False" />
            <line number="906" hits="0" branch="False" />
            <line number="907" hits="0" branch="False" />
            <line number="908" hits="0" branch="False" />
            <line number="909" hits="0" branch="False" />
            <line number="911" hits="0" branch="False" />
            <line number="912" hits="0" branch="False" />
            <line number="913" hits="0" branch="False" />
            <line number="914" hits="0" branch="False" />
            <line number="915" hits="0" branch="False" />
            <line number="916" hits="0" branch="False" />
            <line number="917" hits="0" branch="False" />
            <line number="918" hits="0" branch="False" />
            <line number="919" hits="0" branch="False" />
            <line number="920" hits="0" branch="False" />
            <line number="922" hits="0" branch="False" />
            <line number="923" hits="0" branch="False" />
            <line number="924" hits="0" branch="False" />
            <line number="925" hits="0" branch="False" />
            <line number="926" hits="0" branch="False" />
            <line number="927" hits="0" branch="False" />
            <line number="928" hits="0" branch="False" />
            <line number="929" hits="0" branch="False" />
            <line number="930" hits="0" branch="False" />
            <line number="931" hits="0" branch="False" />
            <line number="933" hits="0" branch="False" />
            <line number="934" hits="0" branch="False" />
            <line number="935" hits="0" branch="False" />
            <line number="936" hits="0" branch="False" />
            <line number="937" hits="0" branch="False" />
            <line number="938" hits="0" branch="False" />
            <line number="939" hits="0" branch="False" />
            <line number="940" hits="0" branch="False" />
            <line number="941" hits="0" branch="False" />
            <line number="942" hits="0" branch="False" />
            <line number="944" hits="0" branch="False" />
            <line number="945" hits="0" branch="False" />
            <line number="946" hits="0" branch="False" />
            <line number="947" hits="0" branch="False" />
            <line number="948" hits="0" branch="False" />
            <line number="949" hits="0" branch="False" />
            <line number="950" hits="0" branch="False" />
            <line number="951" hits="0" branch="False" />
            <line number="952" hits="0" branch="False" />
            <line number="953" hits="0" branch="False" />
            <line number="955" hits="0" branch="False" />
            <line number="956" hits="0" branch="False" />
            <line number="957" hits="0" branch="False" />
            <line number="958" hits="0" branch="False" />
            <line number="959" hits="0" branch="False" />
            <line number="960" hits="0" branch="False" />
            <line number="961" hits="0" branch="False" />
            <line number="962" hits="0" branch="False" />
            <line number="963" hits="0" branch="False" />
            <line number="964" hits="0" branch="False" />
            <line number="966" hits="0" branch="False" />
            <line number="967" hits="0" branch="False" />
            <line number="968" hits="0" branch="False" />
            <line number="969" hits="0" branch="False" />
            <line number="970" hits="0" branch="False" />
            <line number="971" hits="0" branch="False" />
            <line number="972" hits="0" branch="False" />
            <line number="973" hits="0" branch="False" />
            <line number="974" hits="0" branch="False" />
            <line number="975" hits="0" branch="False" />
            <line number="977" hits="0" branch="False" />
            <line number="978" hits="0" branch="False" />
            <line number="979" hits="0" branch="False" />
            <line number="980" hits="0" branch="False" />
            <line number="981" hits="0" branch="False" />
            <line number="982" hits="0" branch="False" />
            <line number="983" hits="0" branch="False" />
            <line number="984" hits="0" branch="False" />
            <line number="985" hits="0" branch="False" />
            <line number="986" hits="0" branch="False" />
            <line number="988" hits="0" branch="False" />
            <line number="989" hits="0" branch="False" />
            <line number="990" hits="0" branch="False" />
            <line number="991" hits="0" branch="False" />
            <line number="992" hits="0" branch="False" />
            <line number="993" hits="0" branch="False" />
            <line number="994" hits="0" branch="False" />
            <line number="995" hits="0" branch="False" />
            <line number="996" hits="0" branch="False" />
            <line number="997" hits="0" branch="False" />
            <line number="999" hits="0" branch="False" />
            <line number="1000" hits="0" branch="False" />
            <line number="1001" hits="0" branch="False" />
            <line number="1002" hits="0" branch="False" />
            <line number="1003" hits="0" branch="False" />
            <line number="1004" hits="0" branch="False" />
            <line number="1005" hits="0" branch="False" />
            <line number="1006" hits="0" branch="False" />
            <line number="1007" hits="0" branch="False" />
            <line number="1008" hits="0" branch="False" />
            <line number="1010" hits="0" branch="False" />
            <line number="1011" hits="0" branch="False" />
            <line number="1012" hits="0" branch="False" />
            <line number="1013" hits="0" branch="False" />
            <line number="1014" hits="0" branch="False" />
            <line number="1015" hits="0" branch="False" />
            <line number="1016" hits="0" branch="False" />
            <line number="1017" hits="0" branch="False" />
            <line number="1018" hits="0" branch="False" />
            <line number="1019" hits="0" branch="False" />
            <line number="1021" hits="0" branch="False" />
            <line number="1022" hits="0" branch="False" />
            <line number="1023" hits="0" branch="False" />
            <line number="1024" hits="0" branch="False" />
            <line number="1025" hits="0" branch="False" />
            <line number="1026" hits="0" branch="False" />
            <line number="1027" hits="0" branch="False" />
            <line number="1028" hits="0" branch="False" />
            <line number="1029" hits="0" branch="False" />
            <line number="1030" hits="0" branch="False" />
            <line number="1032" hits="0" branch="False" />
            <line number="1033" hits="0" branch="False" />
            <line number="1034" hits="0" branch="False" />
            <line number="1035" hits="0" branch="False" />
            <line number="1036" hits="0" branch="False" />
            <line number="1037" hits="0" branch="False" />
            <line number="1038" hits="0" branch="False" />
            <line number="1039" hits="0" branch="False" />
            <line number="1040" hits="0" branch="False" />
            <line number="1041" hits="0" branch="False" />
            <line number="1043" hits="0" branch="False" />
            <line number="1044" hits="0" branch="False" />
            <line number="1045" hits="0" branch="False" />
            <line number="1046" hits="0" branch="False" />
            <line number="1047" hits="0" branch="False" />
            <line number="1048" hits="0" branch="False" />
            <line number="1049" hits="0" branch="False" />
            <line number="1050" hits="0" branch="False" />
            <line number="1051" hits="0" branch="False" />
            <line number="1052" hits="0" branch="False" />
            <line number="1054" hits="0" branch="False" />
            <line number="1055" hits="0" branch="False" />
            <line number="1056" hits="0" branch="False" />
            <line number="1057" hits="0" branch="False" />
            <line number="1058" hits="0" branch="False" />
            <line number="1059" hits="0" branch="False" />
            <line number="1060" hits="0" branch="False" />
            <line number="1061" hits="0" branch="False" />
            <line number="1062" hits="0" branch="False" />
            <line number="1063" hits="0" branch="False" />
            <line number="1065" hits="0" branch="False" />
            <line number="1066" hits="0" branch="False" />
            <line number="1067" hits="0" branch="False" />
            <line number="1068" hits="0" branch="False" />
            <line number="1069" hits="0" branch="False" />
            <line number="1070" hits="0" branch="False" />
            <line number="1071" hits="0" branch="False" />
            <line number="1072" hits="0" branch="False" />
            <line number="1073" hits="0" branch="False" />
            <line number="1074" hits="0" branch="False" />
            <line number="1076" hits="0" branch="False" />
            <line number="1077" hits="0" branch="False" />
            <line number="1078" hits="0" branch="False" />
            <line number="1079" hits="0" branch="False" />
            <line number="1080" hits="0" branch="False" />
            <line number="1081" hits="0" branch="False" />
            <line number="1083" hits="0" branch="False" />
            <line number="1084" hits="0" branch="False" />
            <line number="1085" hits="0" branch="False" />
            <line number="1086" hits="0" branch="False" />
            <line number="1087" hits="0" branch="False" />
            <line number="1088" hits="0" branch="False" />
            <line number="1089" hits="0" branch="False" />
            <line number="1090" hits="0" branch="False" />
            <line number="1091" hits="0" branch="False" />
            <line number="1092" hits="0" branch="False" />
            <line number="1093" hits="0" branch="False" />
            <line number="1094" hits="0" branch="False" />
            <line number="1095" hits="0" branch="False" />
            <line number="1096" hits="0" branch="False" />
            <line number="1097" hits="0" branch="False" />
            <line number="1098" hits="0" branch="False" />
            <line number="1099" hits="0" branch="False" />
            <line number="1100" hits="0" branch="False" />
            <line number="1101" hits="0" branch="False" />
            <line number="1102" hits="0" branch="False" />
            <line number="1104" hits="0" branch="False" />
            <line number="1105" hits="0" branch="False" />
            <line number="1106" hits="0" branch="False" />
            <line number="1107" hits="0" branch="False" />
            <line number="1108" hits="0" branch="False" />
            <line number="1109" hits="0" branch="False" />
            <line number="1111" hits="0" branch="False" />
          </lines>
        </class>
      </classes>
    </package>
  </packages>
</coverage>