<?xml version="1.0" encoding="utf-8"?>
<TestRun id="d4e7812f-2100-4576-b817-1a1980cfc681" name="Luis.Magalhaes@MS_A112 2026-09-06 21:35:47" runUser="PRIMAVERA\Luis.Magalhaes" xmlns="http://microsoft.com/schemas/VisualStudio/TeamTest/2010">
  <Times creation="2026-09-06T21:35:47.2764674+01:00" queuing="2026-09-06T21:35:47.2764680+01:00" start="2026-09-06T21:35:45.7135748+01:00" finish="2026-09-06T21:35:47.4706096+01:00" />
  <TestSettings name="default" id="f96de4f2-ccdd-4692-aaa4-a8758cb2e99d">
    <Deployment runDeploymentRoot="Luis.Magalhaes_MS_A112_2026-09-06_21_35_47" />
  </TestSettings>
  <Results>
    <UnitTestResult executionId="451e3adc-c875-499b-98e9-d912679d4104" testId="22d04d74-3c3d-c8bb-a2fb-b1e9150fbf03" testName="Erp.Identity.Tests.ClientCredentialsTokenProviderTests.GetAccessTokenAsync_renews_the_token_before_it_expires" computerName="MS_A112" duration="00:00:00.0011894" startTime="2026-09-06T21:35:47.3935000+01:00" endTime="2026-09-06T21:35:47.3939622+01:00" testType="13cdc9d9-ddb5-4fa4-a97d-d965ccfc6d4b" outcome="Passed" testListId="8c84fa94-04c1-424b-9868-57a2d4851a1d" relativeResultsDirectory="451e3adc-c875-499b-98e9-d912679d4104" />
    <UnitTestResult executionId="d0c3dd3c-34ed-45b4-9565-043daeb91889" testId="2023705e-64b1-414a-4de5-80b95cc50050" testName="Erp.Identity.Tests.IdentityClaimTypesTests.Roles_are_named_role_so_the_apis_can_authorize_by_role" computerName="MS_A112" duration="00:00:00.2405187" startTime="2026-09-06T21:35:47.1142801+01:00" endTime="2026-09-06T21:35:47.3586446+01:00" testType="13cdc9d9-ddb5-4fa4-a97d-d965ccfc6d4b" outcome="Passed" testListId="8c84fa94-04c1-424b-9868-57a2d4851a1d" relativeResultsDirectory="d0c3dd3c-34ed-45b4-9565-043daeb91889" />
    <UnitTestResult executionId="a387e8e9-2010-408c-8152-5c0ff33dc376" testId="784358d8-acff-f1af-74be-9077de19c016" testName="Erp.Identity.Tests.SeedDataTests.The_main_ui_client_uses_authorization_code_with_pkce_and_no_secret" computerName="MS_A112" duration="00:00:00.0018731" startTime="2026-09-06T21:35:47.2413620+01:00" endTime="2026-09-06T21:35:47.2428272+01:00" testType="13cdc9d9-ddb5-4fa4-a97d-d965ccfc6d4b" outcome="Passed" testListId="8c84fa94-04c1-424b-9868-57a2d4851a1d" relativeResultsDirectory="a387e8e9-2010-408c-8152-5c0ff33dc376" />
    <UnitTestResult executionId="2e46f63f-921c-45c0-b953-358e1220ddb0" testId="30f10694-ff12-6766-6e97-1f1cc0ffa963" testName="Erp.Identity.Tests.ApplicationServiceTests.ApiScopeService_returns_null_when_the_scope_does_not_exist" computerName="MS_A112" duration="00:00:00.0047744" startTime="2026-09-06T21:35:47.3081497+01:00" endTime="2026-09-06T21:35:47.3119612+01:00" testType="13cdc9d9-ddb5-4fa4-a97d-d965ccfc6d4b" outcome="Passed" testListId="8c84fa94-04c1-424b-9868-57a2d4851a1d" relativeResultsDirectory="2e46f63f-921c-45c0-b953-358e1220ddb0" />
    <UnitTestResult executionId="0cdd9856-5252-418f-b234-5c07b22db89d" testId="46b06eac-dc4e-d10b-1c14-5858bfa62533" testName="Erp.Identity.Tests.ApplicationServiceTests.UserService_returns_the_users_from_storage" computerName="MS_A112" duration="00:00:00.0132698" startTime="2026-09-06T21:35:47.3165513+01:00" endTime="2026-09-06T21:35:47.3297346+01:00" testType="13cdc9d9-ddb5-4fa4-a97d-d965ccfc6d4b" outcome="Passed" testListId="8c84fa94-04c1-424b-9868-57a2d4851a1d" relativeResultsDirectory="0cdd9856-5252-418f-b234-5c07b22db89d" />
    <UnitTestResult executionId="924e7646-e442-4410-bb46-bb89254322b6" testId="c5ea343f-9abb-f124-9e03-53615ac79803" testName="Erp.Identity.Tests.ApplicationServiceTests.UserService_forwards_the_roles_to_update" computerName="MS_A112" duration="00:00:00.0042776" startTime="2026-09-06T21:35:47.3121908+01:00" endTime="2026-09-06T21:35:47.3163349+01:00" testType="13cdc9d9-ddb5-4fa4-a97d-d965ccfc6d4b" outcome="Passed" testListId="8c84fa94-04c1-424b-9868-57a2d4851a1d" relativeResultsDirectory="924e7646-e442-4410-bb46-bb89254322b6" />
    <UnitTestResult executionId="ff6252d9-ab23-4e8d-9e5d-e251bbe990c6" testId="4d0ddd00-b3f0-3e04-364f-bf0be331f875" testName="Erp.Identity.Tests.SeedDataTests.Every_client_scope_is_either_an_identity_resource_or_an_api_scope" computerName="MS_A112" duration="00:00:00.0014968" startTime="2026-09-06T21:35:47.2430627+01:00" endTime="2026-09-06T21:35:47.2445218+01:00" testType="13cdc9d9-ddb5-4fa4-a97d-d965ccfc6d4b" outcome="Passed" testListId="8c84fa94-04c1-424b-9868-57a2d4851a1d" relativeResultsDirectory="ff6252d9-ab23-4e8d-9e5d-e251bbe990c6" />
    <UnitTestResult executionId="39cdbe1f-aa07-4575-a2e1-fad40c607b61" testId="a46084e6-289d-58a9-3481-228370728607" testName="Erp.Identity.Tests.ClientCredentialsTokenProviderTests.GetAccessTokenAsync_requests_the_client_credentials_grant" computerName="MS_A112" duration="00:00:00.0014126" startTime="2026-09-06T21:35:47.3895275+01:00" endTime="2026-09-06T21:35:47.3908819+01:00" testType="13cdc9d9-ddb5-4fa4-a97d-d965ccfc6d4b" outcome="Passed" testListId="8c84fa94-04c1-424b-9868-57a2d4851a1d" relativeResultsDirectory="39cdbe1f-aa07-4575-a2e1-fad40c607b61" />
    <UnitTestResult executionId="9b00194a-c95f-41b9-9c92-ef837bd32313" testId="7fb21604-19b1-1b9d-f9bc-c0bcd62c420a" testName="Erp.Identity.Tests.SeedDataTests.Every_api_resource_asks_for_the_role_claim" computerName="MS_A112" duration="00:00:00.0010825" startTime="2026-09-06T21:35:47.2451586+01:00" endTime="2026-09-06T21:35:47.2452036+01:00" testType="13cdc9d9-ddb5-4fa4-a97d-d965ccfc6d4b" outcome="Passed" testListId="8c84fa94-04c1-424b-9868-57a2d4851a1d" relativeResultsDirectory="9b00194a-c95f-41b9-9c92-ef837bd32313" />
    <UnitTestResult executionId="697a4b43-1cec-4292-8666-a7e9f5b41805" testId="99e61bf1-1e7e-e167-7877-26ff012df329" testName="Erp.Identity.Tests.SeedDataTests.Machine_client_secrets_are_hashed_not_stored_in_clear_text" computerName="MS_A112" duration="00:00:00.0013629" startTime="2026-09-06T21:35:47.2244238+01:00" endTime="2026-09-06T21:35:47.2258374+01:00" testType="13cdc9d9-ddb5-4fa4-a97d-d965ccfc6d4b" outcome="Passed" testListId="8c84fa94-04c1-424b-9868-57a2d4851a1d" relativeResultsDirectory="697a4b43-1cec-4292-8666-a7e9f5b41805" />
    <UnitTestResult executionId="9ab8c1be-775b-4a99-9731-ca29d1cba4d9" testId="a82d9c1c-fbac-20f7-6029-fbca2e525489" testName="Erp.Identity.Tests.ConstantsTests.Every_api_scope_follows_the_erp_module_action_naming" computerName="MS_A112" duration="00:00:00.0066796" startTime="2026-09-06T21:35:47.2242131+01:00" endTime="2026-09-06T21:35:47.2376859+01:00" testType="13cdc9d9-ddb5-4fa4-a97d-d965ccfc6d4b" outcome="Passed" testListId="8c84fa94-04c1-424b-9868-57a2d4851a1d" relativeResultsDirectory="9ab8c1be-775b-4a99-9731-ca29d1cba4d9" />
    <UnitTestResult executionId="7b08c9b6-27c9-4419-8374-a25bf0ee5a5a" testId="37910862-007a-5f27-fa19-952f732a6e71" testName="Erp.Identity.Tests.NotificationEmailClientTests.The_call_carries_the_service_access_token" computerName="MS_A112" duration="00:00:00.0580476" startTime="2026-09-06T21:35:47.2498227+01:00" endTime="2026-09-06T21:35:47.3082050+01:00" testType="13cdc9d9-ddb5-4fa4-a97d-d965ccfc6d4b" outcome="Passed" testListId="8c84fa94-04c1-424b-9868-57a2d4851a1d" relativeResultsDirectory="7b08c9b6-27c9-4419-8374-a25bf0ee5a5a" />
    <UnitTestResult executionId="09211887-1de3-405d-b46c-0c3ecacd7279" testId="d07b4681-e691-f54b-a361-c5b90bdee5c0" testName="Erp.Identity.Tests.ClientCredentialsTokenProviderTests.GetAccessTokenAsync_explains_a_refused_credential" computerName="MS_A112" duration="00:00:00.0106488" startTime="2026-09-06T21:35:47.3754422+01:00" endTime="2026-09-06T21:35:47.3860457+01:00" testType="13cdc9d9-ddb5-4fa4-a97d-d965ccfc6d4b" outcome="Passed" testListId="8c84fa94-04c1-424b-9868-57a2d4851a1d" relativeResultsDirectory="09211887-1de3-405d-b46c-0c3ecacd7279" />
    <UnitTestResult executionId="fc4d9230-0faf-4cd4-b608-5ad1cda997e6" testId="fee19507-2456-a125-ec3e-ad832dcfec8e" testName="Erp.Identity.Tests.SeedDataTests.The_identity_resources_cover_the_scopes_the_ui_asks_for" computerName="MS_A112" duration="00:00:00.0321367" startTime="2026-09-06T21:35:47.1143032+01:00" endTime="2026-09-06T21:35:47.1548965+01:00" testType="13cdc9d9-ddb5-4fa4-a97d-d965ccfc6d4b" outcome="Passed" testListId="8c84fa94-04c1-424b-9868-57a2d4851a1d" relativeResultsDirectory="fc4d9230-0faf-4cd4-b608-5ad1cda997e6" />
    <UnitTestResult executionId="c2b4f596-f629-4d9c-b15c-9f9d2047aece" testId="871e83c3-d388-8901-047f-b8d21850d289" testName="Erp.Identity.Tests.SeedDataTests.The_identity_service_client_is_limited_to_queueing_emails" computerName="MS_A112" duration="00:00:00.0114039" startTime="2026-09-06T21:35:47.2239914+01:00" endTime="2026-09-06T21:35:47.2242677+01:00" testType="13cdc9d9-ddb5-4fa4-a97d-d965ccfc6d4b" outcome="Passed" testListId="8c84fa94-04c1-424b-9868-57a2d4851a1d" relativeResultsDirectory="c2b4f596-f629-4d9c-b15c-9f9d2047aece" />
    <UnitTestResult executionId="7809aae9-2bc9-47c8-9fdb-93737d3becd6" testId="75399dab-4661-fb83-f7fb-11d7c2533342" testName="Erp.Identity.Tests.ClientCredentialsTokenProviderTests.ResolveTokenEndpoint_defaults_to_the_duende_token_endpoint" computerName="MS_A112" duration="00:00:00.0001866" startTime="2026-09-06T21:35:47.3926704+01:00" endTime="2026-09-06T21:35:47.3927039+01:00" testType="13cdc9d9-ddb5-4fa4-a97d-d965ccfc6d4b" outcome="Passed" testListId="8c84fa94-04c1-424b-9868-57a2d4851a1d" relativeResultsDirectory="7809aae9-2bc9-47c8-9fdb-93737d3becd6" />
    <UnitTestResult executionId="3a558eab-fbc0-435a-b1e5-0b5f938b9422" testId="a6032074-01e0-21d8-c508-6b03380a7514" testName="Erp.Identity.Tests.SeedDataTests.Every_api_resource_scope_is_a_declared_api_scope" computerName="MS_A112" duration="00:00:00.0040892" startTime="2026-09-06T21:35:47.2235341+01:00" endTime="2026-09-06T21:35:47.2235977+01:00" testType="13cdc9d9-ddb5-4fa4-a97d-d965ccfc6d4b" outcome="Passed" testListId="8c84fa94-04c1-424b-9868-57a2d4851a1d" relativeResultsDirectory="3a558eab-fbc0-435a-b1e5-0b5f938b9422" />
    <UnitTestResult executionId="5f147cef-6ee3-4e14-adfa-7b1f609bcb0b" testId="a9e8eccc-43f7-0c91-6cbb-63280fff3a91" testName="Erp.Identity.Tests.ClientCredentialsTokenProviderTests.GetAccessTokenAsync_still_caches_a_token_shorter_than_the_renewal_margin" computerName="MS_A112" duration="00:00:00.0025653" startTime="2026-09-06T21:35:47.3727878+01:00" endTime="2026-09-06T21:35:47.3752285+01:00" testType="13cdc9d9-ddb5-4fa4-a97d-d965ccfc6d4b" outcome="Passed" testListId="8c84fa94-04c1-424b-9868-57a2d4851a1d" relativeResultsDirectory="5f147cef-6ee3-4e14-adfa-7b1f609bcb0b" />
    <UnitTestResult executionId="ec701934-7a9b-4a9d-af53-33dc99d51e63" testId="84e20424-a4f5-6eb4-60bd-a2948417195d" testName="Erp.Identity.Tests.SeedDataTests.Api_scope_names_are_unique" computerName="MS_A112" duration="00:00:00.0002645" startTime="2026-09-06T21:35:47.2447911+01:00" endTime="2026-09-06T21:35:47.2448447+01:00" testType="13cdc9d9-ddb5-4fa4-a97d-d965ccfc6d4b" outcome="Passed" testListId="8c84fa94-04c1-424b-9868-57a2d4851a1d" relativeResultsDirectory="ec701934-7a9b-4a9d-af53-33dc99d51e63" />
    <UnitTestResult executionId="d31e67a2-323d-44b2-9dde-c788811de077" testId="9e4239b1-02ec-c1d5-62cc-a979c8a6c9f8" testName="Erp.Identity.Tests.NotificationEmailClientTests.QueueAsync_posts_to_the_notification_queue_endpoint" computerName="MS_A112" duration="00:00:00.0017911" startTime="2026-09-06T21:35:47.3083377+01:00" endTime="2026-09-06T21:35:47.3095809+01:00" testType="13cdc9d9-ddb5-4fa4-a97d-d965ccfc6d4b" outcome="Passed" testListId="8c84fa94-04c1-424b-9868-57a2d4851a1d" relativeResultsDirectory="d31e67a2-323d-44b2-9dde-c788811de077" />
    <UnitTestResult executionId="d22dceff-e815-474e-ba69-284329ce32be" testId="01a49cef-d24e-0654-3e98-1cee71b66fd1" testName="Erp.Identity.Tests.ConstantsTests.Roles_All_lists_every_declared_role_once" computerName="MS_A112" duration="00:00:00.0329517" startTime="2026-09-06T21:35:47.1142508+01:00" endTime="2026-09-06T21:35:47.1610456+01:00" testType="13cdc9d9-ddb5-4fa4-a97d-d965ccfc6d4b" outcome="Passed" testListId="8c84fa94-04c1-424b-9868-57a2d4851a1d" relativeResultsDirectory="d22dceff-e815-474e-ba69-284329ce32be" />
    <UnitTestResult executionId="9e6b54b2-9abe-4b1e-9594-2dc4ea010128" testId="8e64fad7-ea29-fdaf-2d14-4720ec95fba6" testName="Erp.Identity.Tests.SeedDataTests.Machine_clients_use_client_credentials_with_a_secret_and_no_redirects(clientId: &quot;identity-service&quot;)" computerName="MS_A112" duration="00:00:00.0110600" startTime="2026-09-06T21:35:47.1762957+01:00" endTime="2026-09-06T21:35:47.1765649+01:00" testType="13cdc9d9-ddb5-4fa4-a97d-d965ccfc6d4b" outcome="Passed" testListId="8c84fa94-04c1-424b-9868-57a2d4851a1d" relativeResultsDirectory="9e6b54b2-9abe-4b1e-9594-2dc4ea010128" />
    <UnitTestResult executionId="237e6d82-2a33-4207-a64d-88bd60f8af90" testId="dfc2e16d-ac6f-841a-f3c8-829f31ed1e40" testName="Erp.Identity.Tests.SeedDataTests.Only_the_identity_service_may_queue_emails" computerName="MS_A112" duration="00:00:00.0005438" startTime="2026-09-06T21:35:47.2380627+01:00" endTime="2026-09-06T21:35:47.2381184+01:00" testType="13cdc9d9-ddb5-4fa4-a97d-d965ccfc6d4b" outcome="Passed" testListId="8c84fa94-04c1-424b-9868-57a2d4851a1d" relativeResultsDirectory="237e6d82-2a33-4207-a64d-88bd60f8af90" />
    <UnitTestResult executionId="b28bed83-731a-4833-8412-9890bc1ac75e" testId="b4cd1c49-0a98-d6c4-289e-dd7af12f1717" testName="Erp.Identity.Tests.SeedDataTests.The_user_facing_client_cannot_send_mail_through_the_erp" computerName="MS_A112" duration="00:00:00.0003485" startTime="2026-09-06T21:35:47.2449930+01:00" endTime="2026-09-06T21:35:47.2450422+01:00" testType="13cdc9d9-ddb5-4fa4-a97d-d965ccfc6d4b" outcome="Passed" testListId="8c84fa94-04c1-424b-9868-57a2d4851a1d" relativeResultsDirectory="b28bed83-731a-4833-8412-9890bc1ac75e" />
    <UnitTestResult executionId="29b6027d-8449-4446-9ff0-4be9bcf25615" testId="db3c627a-2911-1fe6-3744-255f1a6bb7c4" testName="Erp.Identity.Tests.ClientCredentialsTokenProviderTests.GetAccessTokenAsync_requests_one_token_when_called_concurrently" computerName="MS_A112" duration="00:00:00.2533286" startTime="2026-09-06T21:35:47.1119524+01:00" endTime="2026-09-06T21:35:47.3725611+01:00" testType="13cdc9d9-ddb5-4fa4-a97d-d965ccfc6d4b" outcome="Passed" testListId="8c84fa94-04c1-424b-9868-57a2d4851a1d" relativeResultsDirectory="29b6027d-8449-4446-9ff0-4be9bcf25615" />
    <UnitTestResult executionId="9ed22b36-e9cb-46f9-8b29-5d0c5dc20fc5" testId="3e4fa82b-6e71-6c88-4183-55e6ce3ca08c" testName="Erp.Identity.Tests.NotificationEmailClientTests.QueueAsync_fails_loudly_when_the_notification_service_refuses" computerName="MS_A112" duration="00:00:00.0106553" startTime="2026-09-06T21:35:47.3097681+01:00" endTime="2026-09-06T21:35:47.3203610+01:00" testType="13cdc9d9-ddb5-4fa4-a97d-d965ccfc6d4b" outcome="Passed" testListId="8c84fa94-04c1-424b-9868-57a2d4851a1d" relativeResultsDirectory="9ed22b36-e9cb-46f9-8b29-5d0c5dc20fc5" />
    <UnitTestResult executionId="b43a3e1f-821a-4a26-8448-b03dd024f03d" testId="0e081410-7946-84a4-f23c-81986b4029e9" testName="Erp.Identity.Tests.SeedDataTests.Machine_clients_use_client_credentials_with_a_secret_and_no_redirects(clientId: &quot;sales-service&quot;)" computerName="MS_A112" duration="00:00:00.0006154" startTime="2026-09-06T21:35:47.1767403+01:00" endTime="2026-09-06T21:35:47.1767977+01:00" testType="13cdc9d9-ddb5-4fa4-a97d-d965ccfc6d4b" outcome="Passed" testListId="8c84fa94-04c1-424b-9868-57a2d4851a1d" relativeResultsDirectory="b43a3e1f-821a-4a26-8448-b03dd024f03d" />
    <UnitTestResult executionId="2eb7689a-f6f7-4ecd-9b3c-245ad46b366e" testId="6977858e-bb0d-50d3-9693-e8e3d0e725b5" testName="Erp.Identity.Tests.SeedDataTests.The_main_ui_client_can_reach_every_api_scope_except_the_service_only_ones" computerName="MS_A112" duration="00:00:00.0022377" startTime="2026-09-06T21:35:47.2237794+01:00" endTime="2026-09-06T21:35:47.2238332+01:00" testType="13cdc9d9-ddb5-4fa4-a97d-d965ccfc6d4b" outcome="Passed" testListId="8c84fa94-04c1-424b-9868-57a2d4851a1d" relativeResultsDirectory="2eb7689a-f6f7-4ecd-9b3c-245ad46b366e" />
    <UnitTestResult executionId="6d36619d-bbc2-4749-a5f9-e0c56d2c1b3d" testId="282c586b-b9cc-2795-c6b6-94d0b1afd522" testName="Erp.Identity.Tests.NotificationEmailClientTests.QueueAsync_sends_the_recipient_subject_and_body" computerName="MS_A112" duration="00:00:00.1315041" startTime="2026-09-06T21:35:47.1141197+01:00" endTime="2026-09-06T21:35:47.2495871+01:00" testType="13cdc9d9-ddb5-4fa4-a97d-d965ccfc6d4b" outcome="Passed" testListId="8c84fa94-04c1-424b-9868-57a2d4851a1d" relativeResultsDirectory="6d36619d-bbc2-4749-a5f9-e0c56d2c1b3d" />
    <UnitTestResult executionId="6c0a6aa6-31ab-4721-80d7-9f9404339616" testId="d7109515-2fca-242e-e14f-58f4dfef5720" testName="Erp.Identity.Tests.ApplicationServiceTests.EmailService_queues_the_message_on_the_notification_client" computerName="MS_A112" duration="00:00:00.1890403" startTime="2026-09-06T21:35:47.1143269+01:00" endTime="2026-09-06T21:35:47.3070628+01:00" testType="13cdc9d9-ddb5-4fa4-a97d-d965ccfc6d4b" outcome="Passed" testListId="8c84fa94-04c1-424b-9868-57a2d4851a1d" relativeResultsDirectory="6c0a6aa6-31ab-4721-80d7-9f9404339616" />
    <UnitTestResult executionId="7478b967-17a4-4e91-84f2-660c4bdac8e1" testId="d8d24bc0-2d8e-72b6-fe11-9c2c4dc806c6" testName="Erp.Identity.Tests.ConstantsTests.Api_resource_names_match_the_audiences_the_services_validate" computerName="MS_A112" duration="00:00:00.0249712" startTime="2026-09-06T21:35:47.1765018+01:00" endTime="2026-09-06T21:35:47.2240506+01:00" testType="13cdc9d9-ddb5-4fa4-a97d-d965ccfc6d4b" outcome="Passed" testListId="8c84fa94-04c1-424b-9868-57a2d4851a1d" relativeResultsDirectory="7478b967-17a4-4e91-84f2-660c4bdac8e1" />
    <UnitTestResult executionId="23e6af73-6ec9-4268-b27f-d16addf672bf" testId="d8279b88-7df3-6c1c-f88a-edcc374314df" testName="Erp.Identity.Tests.ApplicationServiceTests.ApiScopeService_forwards_the_upsert_request_unchanged" computerName="MS_A112" duration="00:00:00.0024443" startTime="2026-09-06T21:35:47.3300035+01:00" endTime="2026-09-06T21:35:47.3322904+01:00" testType="13cdc9d9-ddb5-4fa4-a97d-d965ccfc6d4b" outcome="Passed" testListId="8c84fa94-04c1-424b-9868-57a2d4851a1d" relativeResultsDirectory="23e6af73-6ec9-4268-b27f-d16addf672bf" />
    <UnitTestResult executionId="09e3dffd-d10e-4fb5-a04e-b36a6f10bdfc" testId="e940595f-1c14-2839-7363-05e5c377f22d" testName="Erp.Identity.Tests.IdentityClaimTypesTests.The_user_identifier_is_named_sub" computerName="MS_A112" duration="00:00:00.0019351" startTime="2026-09-06T21:35:47.3588973+01:00" endTime="2026-09-06T21:35:47.3606451+01:00" testType="13cdc9d9-ddb5-4fa4-a97d-d965ccfc6d4b" outcome="Passed" testListId="8c84fa94-04c1-424b-9868-57a2d4851a1d" relativeResultsDirectory="09e3dffd-d10e-4fb5-a04e-b36a6f10bdfc" />
    <UnitTestResult executionId="bb8dc21d-3408-4862-9bc2-9a9947b7fc27" testId="33a75cb2-6c3d-4fff-7893-d7d5736646eb" testName="Erp.Identity.Tests.SeedDataTests.The_main_ui_client_callbacks_match_the_configured_origins" computerName="MS_A112" duration="00:00:00.0003477" startTime="2026-09-06T21:35:47.2411884+01:00" endTime="2026-09-06T21:35:47.2412369+01:00" testType="13cdc9d9-ddb5-4fa4-a97d-d965ccfc6d4b" outcome="Passed" testListId="8c84fa94-04c1-424b-9868-57a2d4851a1d" relativeResultsDirectory="bb8dc21d-3408-4862-9bc2-9a9947b7fc27" />
    <UnitTestResult executionId="815b5b79-6b14-4eee-a1dd-69e92b106089" testId="d5b1fd96-04f3-5e2e-eb7b-d38250e00227" testName="Erp.Identity.Tests.SeedDataTests.Client_ids_are_unique" computerName="MS_A112" duration="00:00:00.0005888" startTime="2026-09-06T21:35:47.2409126+01:00" endTime="2026-09-06T21:35:47.2409945+01:00" testType="13cdc9d9-ddb5-4fa4-a97d-d965ccfc6d4b" outcome="Passed" testListId="8c84fa94-04c1-424b-9868-57a2d4851a1d" relativeResultsDirectory="815b5b79-6b14-4eee-a1dd-69e92b106089" />
    <UnitTestResult executionId="d8c0321b-107f-494f-9282-d62de35b4a82" testId="a3c2bc1e-5b29-e655-9ff7-83b24429ecd9" testName="Erp.Identity.Tests.ClientCredentialsTokenProviderTests.ResolveTokenEndpoint_honours_an_explicit_override" computerName="MS_A112" duration="00:00:00.0002095" startTime="2026-09-06T21:35:47.3940952+01:00" endTime="2026-09-06T21:35:47.3942241+01:00" testType="13cdc9d9-ddb5-4fa4-a97d-d965ccfc6d4b" outcome="Passed" testListId="8c84fa94-04c1-424b-9868-57a2d4851a1d" relativeResultsDirectory="d8c0321b-107f-494f-9282-d62de35b4a82" />
    <UnitTestResult executionId="3a292274-8a8e-424c-bd13-c22f4a4b7517" testId="b9f15415-e45e-6ef3-e5bc-d686b84fa997" testName="Erp.Identity.Tests.ClientCredentialsTokenProviderTests.ResolveTokenEndpoint_fails_without_an_authority" computerName="MS_A112" duration="00:00:00.0020802" startTime="2026-09-06T21:35:47.3862656+01:00" endTime="2026-09-06T21:35:47.3882133+01:00" testType="13cdc9d9-ddb5-4fa4-a97d-d965ccfc6d4b" outcome="Passed" testListId="8c84fa94-04c1-424b-9868-57a2d4851a1d" relativeResultsDirectory="3a292274-8a8e-424c-bd13-c22f4a4b7517" />
    <UnitTestResult executionId="411a9eb6-7998-4d0a-9d2b-c4c86d85fa36" testId="ee67b515-8234-54bb-6250-39d376966100" testName="Erp.Identity.Tests.ClientCredentialsTokenProviderTests.GetAccessTokenAsync_reuses_the_token_while_it_is_valid" computerName="MS_A112" duration="00:00:00.0010968" startTime="2026-09-06T21:35:47.3884192+01:00" endTime="2026-09-06T21:35:47.3893684+01:00" testType="13cdc9d9-ddb5-4fa4-a97d-d965ccfc6d4b" outcome="Passed" testListId="8c84fa94-04c1-424b-9868-57a2d4851a1d" relativeResultsDirectory="411a9eb6-7998-4d0a-9d2b-c4c86d85fa36" />
    <UnitTestResult executionId="e45c66e2-4ad8-4c58-b41f-a1010aad2680" testId="60267ba3-4c1c-26cc-c041-aba4092469cd" testName="Erp.Identity.Tests.ClientCredentialsTokenProviderTests.GetAccessTokenAsync_fails_when_no_credentials_are_configured" computerName="MS_A112" duration="00:00:00.0015234" startTime="2026-09-06T21:35:47.3910679+01:00" endTime="2026-09-06T21:35:47.3925053+01:00" testType="13cdc9d9-ddb5-4fa4-a97d-d965ccfc6d4b" outcome="Passed" testListId="8c84fa94-04c1-424b-9868-57a2d4851a1d" relativeResultsDirectory="e45c66e2-4ad8-4c58-b41f-a1010aad2680" />
    <UnitTestResult executionId="ecf8e454-1b23-49eb-ade2-f4100cedf643" testId="9781f75b-4eb6-7c37-f57a-d9bd2175aec5" testName="Erp.Identity.Tests.IdentityClaimTypesTests.The_user_name_is_named_name" computerName="MS_A112" duration="00:00:00.0013059" startTime="2026-09-06T21:35:47.3616835+01:00" endTime="2026-09-06T21:35:47.3620044+01:00" testType="13cdc9d9-ddb5-4fa4-a97d-d965ccfc6d4b" outcome="Passed" testListId="8c84fa94-04c1-424b-9868-57a2d4851a1d" relativeResultsDirectory="ecf8e454-1b23-49eb-ade2-f4100cedf643" />
    <UnitTestResult executionId="53da89e1-4323-4716-b50d-eab2ce78cefc" testId="301bf8ac-6faf-8140-6fbc-3a07fba827ae" testName="Erp.Identity.Tests.SeedDataTests.The_ui_client_can_read_users_to_assign_them_to_companies" computerName="MS_A112" duration="00:00:00.0005763" startTime="2026-09-06T21:35:47.2260851+01:00" endTime="2026-09-06T21:35:47.2379090+01:00" testType="13cdc9d9-ddb5-4fa4-a97d-d965ccfc6d4b" outcome="Passed" testListId="8c84fa94-04c1-424b-9868-57a2d4851a1d" relativeResultsDirectory="53da89e1-4323-4716-b50d-eab2ce78cefc" />
    <UnitTestResult executionId="4a63f914-e437-4f53-b58a-b3f4369c2724" testId="f580c153-f9e4-b9e6-c18d-4bb649487e32" testName="Erp.Identity.Tests.SeedDataTests.Machine_clients_use_client_credentials_with_a_secret_and_no_redirects(clientId: &quot;reporting-service&quot;)" computerName="MS_A112" duration="00:00:00.0000770" startTime="2026-09-06T21:35:47.2229326+01:00" endTime="2026-09-06T21:35:47.2230346+01:00" testType="13cdc9d9-ddb5-4fa4-a97d-d965ccfc6d4b" outcome="Passed" testListId="8c84fa94-04c1-424b-9868-57a2d4851a1d" relativeResultsDirectory="4a63f914-e437-4f53-b58a-b3f4369c2724" />
  </Results>
  <TestDefinitions>
    <UnitTest name="Erp.Identity.Tests.ClientCredentialsTokenProviderTests.GetAccessTokenAsync_fails_when_no_credentials_are_configured" storage="c:\git\erp\tests\erp.identity.tests\bin\release\net10.0\erp.identity.tests.dll" id="60267ba3-4c1c-26cc-c041-aba4092469cd">
      <Execution id="e45c66e2-4ad8-4c58-b41f-a1010aad2680" />
      <TestMethod codeBase="C:\Git\erp\tests\Erp.Identity.Tests\bin\Release\net10.0\Erp.Identity.Tests.dll" adapterTypeName="executor://xunit/VsTestRunner3/netcore/" className="Erp.Identity.Tests.ClientCredentialsTokenProviderTests" name="GetAccessTokenAsync_fails_when_no_credentials_are_configured" />
    </UnitTest>
    <UnitTest name="Erp.Identity.Tests.SeedDataTests.Only_the_identity_service_may_queue_emails" storage="c:\git\erp\tests\erp.identity.tests\bin\release\net10.0\erp.identity.tests.dll" id="dfc2e16d-ac6f-841a-f3c8-829f31ed1e40">
      <Execution id="237e6d82-2a33-4207-a64d-88bd60f8af90" />
      <TestMethod codeBase="C:\Git\erp\tests\Erp.Identity.Tests\bin\Release\net10.0\Erp.Identity.Tests.dll" adapterTypeName="executor://xunit/VsTestRunner3/netcore/" className="Erp.Identity.Tests.SeedDataTests" name="Only_the_identity_service_may_queue_emails" />
    </UnitTest>
    <UnitTest name="Erp.Identity.Tests.ApplicationServiceTests.ApiScopeService_returns_null_when_the_scope_does_not_exist" storage="c:\git\erp\tests\erp.identity.tests\bin\release\net10.0\erp.identity.tests.dll" id="30f10694-ff12-6766-6e97-1f1cc0ffa963">
      <Execution id="2e46f63f-921c-45c0-b953-358e1220ddb0" />
      <TestMethod codeBase="C:\Git\erp\tests\Erp.Identity.Tests\bin\Release\net10.0\Erp.Identity.Tests.dll" adapterTypeName="executor://xunit/VsTestRunner3/netcore/" className="Erp.Identity.Tests.ApplicationServiceTests" name="ApiScopeService_returns_null_when_the_scope_does_not_exist" />
    </UnitTest>
    <UnitTest name="Erp.Identity.Tests.SeedDataTests.Machine_clients_use_client_credentials_with_a_secret_and_no_redirects(clientId: &quot;identity-service&quot;)" storage="c:\git\erp\tests\erp.identity.tests\bin\release\net10.0\erp.identity.tests.dll" id="8e64fad7-ea29-fdaf-2d14-4720ec95fba6">
      <Execution id="9e6b54b2-9abe-4b1e-9594-2dc4ea010128" />
      <TestMethod codeBase="C:\Git\erp\tests\Erp.Identity.Tests\bin\Release\net10.0\Erp.Identity.Tests.dll" adapterTypeName="executor://xunit/VsTestRunner3/netcore/" className="Erp.Identity.Tests.SeedDataTests" name="Machine_clients_use_client_credentials_with_a_secret_and_no_redirects" />
    </UnitTest>
    <UnitTest name="Erp.Identity.Tests.SeedDataTests.Every_client_scope_is_either_an_identity_resource_or_an_api_scope" storage="c:\git\erp\tests\erp.identity.tests\bin\release\net10.0\erp.identity.tests.dll" id="4d0ddd00-b3f0-3e04-364f-bf0be331f875">
      <Execution id="ff6252d9-ab23-4e8d-9e5d-e251bbe990c6" />
      <TestMethod codeBase="C:\Git\erp\tests\Erp.Identity.Tests\bin\Release\net10.0\Erp.Identity.Tests.dll" adapterTypeName="executor://xunit/VsTestRunner3/netcore/" className="Erp.Identity.Tests.SeedDataTests" name="Every_client_scope_is_either_an_identity_resource_or_an_api_scope" />
    </UnitTest>
    <UnitTest name="Erp.Identity.Tests.SeedDataTests.The_identity_service_client_is_limited_to_queueing_emails" storage="c:\git\erp\tests\erp.identity.tests\bin\release\net10.0\erp.identity.tests.dll" id="871e83c3-d388-8901-047f-b8d21850d289">
      <Execution id="c2b4f596-f629-4d9c-b15c-9f9d2047aece" />
      <TestMethod codeBase="C:\Git\erp\tests\Erp.Identity.Tests\bin\Release\net10.0\Erp.Identity.Tests.dll" adapterTypeName="executor://xunit/VsTestRunner3/netcore/" className="Erp.Identity.Tests.SeedDataTests" name="The_identity_service_client_is_limited_to_queueing_emails" />
    </UnitTest>
    <UnitTest name="Erp.Identity.Tests.ClientCredentialsTokenProviderTests.GetAccessTokenAsync_requests_one_token_when_called_concurrently" storage="c:\git\erp\tests\erp.identity.tests\bin\release\net10.0\erp.identity.tests.dll" id="db3c627a-2911-1fe6-3744-255f1a6bb7c4">
      <Execution id="29b6027d-8449-4446-9ff0-4be9bcf25615" />
      <TestMethod codeBase="C:\Git\erp\tests\Erp.Identity.Tests\bin\Release\net10.0\Erp.Identity.Tests.dll" adapterTypeName="executor://xunit/VsTestRunner3/netcore/" className="Erp.Identity.Tests.ClientCredentialsTokenProviderTests" name="GetAccessTokenAsync_requests_one_token_when_called_concurrently" />
    </UnitTest>
    <UnitTest name="Erp.Identity.Tests.ClientCredentialsTokenProviderTests.GetAccessTokenAsync_still_caches_a_token_shorter_than_the_renewal_margin" storage="c:\git\erp\tests\erp.identity.tests\bin\release\net10.0\erp.identity.tests.dll" id="a9e8eccc-43f7-0c91-6cbb-63280fff3a91">
      <Execution id="5f147cef-6ee3-4e14-adfa-7b1f609bcb0b" />
      <TestMethod codeBase="C:\Git\erp\tests\Erp.Identity.Tests\bin\Release\net10.0\Erp.Identity.Tests.dll" adapterTypeName="executor://xunit/VsTestRunner3/netcore/" className="Erp.Identity.Tests.ClientCredentialsTokenProviderTests" name="GetAccessTokenAsync_still_caches_a_token_shorter_than_the_renewal_margin" />
    </UnitTest>
    <UnitTest name="Erp.Identity.Tests.SeedDataTests.The_main_ui_client_uses_authorization_code_with_pkce_and_no_secret" storage="c:\git\erp\tests\erp.identity.tests\bin\release\net10.0\erp.identity.tests.dll" id="784358d8-acff-f1af-74be-9077de19c016">
      <Execution id="a387e8e9-2010-408c-8152-5c0ff33dc376" />
      <TestMethod codeBase="C:\Git\erp\tests\Erp.Identity.Tests\bin\Release\net10.0\Erp.Identity.Tests.dll" adapterTypeName="executor://xunit/VsTestRunner3/netcore/" className="Erp.Identity.Tests.SeedDataTests" name="The_main_ui_client_uses_authorization_code_with_pkce_and_no_secret" />
    </UnitTest>
    <UnitTest name="Erp.Identity.Tests.SeedDataTests.Every_api_resource_asks_for_the_role_claim" storage="c:\git\erp\tests\erp.identity.tests\bin\release\net10.0\erp.identity.tests.dll" id="7fb21604-19b1-1b9d-f9bc-c0bcd62c420a">
      <Execution id="9b00194a-c95f-41b9-9c92-ef837bd32313" />
      <TestMethod codeBase="C:\Git\erp\tests\Erp.Identity.Tests\bin\Release\net10.0\Erp.Identity.Tests.dll" adapterTypeName="executor://xunit/VsTestRunner3/netcore/" className="Erp.Identity.Tests.SeedDataTests" name="Every_api_resource_asks_for_the_role_claim" />
    </UnitTest>
    <UnitTest name="Erp.Identity.Tests.SeedDataTests.Client_ids_are_unique" storage="c:\git\erp\tests\erp.identity.tests\bin\release\net10.0\erp.identity.tests.dll" id="d5b1fd96-04f3-5e2e-eb7b-d38250e00227">
      <Execution id="815b5b79-6b14-4eee-a1dd-69e92b106089" />
      <TestMethod codeBase="C:\Git\erp\tests\Erp.Identity.Tests\bin\Release\net10.0\Erp.Identity.Tests.dll" adapterTypeName="executor://xunit/VsTestRunner3/netcore/" className="Erp.Identity.Tests.SeedDataTests" name="Client_ids_are_unique" />
    </UnitTest>
    <UnitTest name="Erp.Identity.Tests.ApplicationServiceTests.UserService_forwards_the_roles_to_update" storage="c:\git\erp\tests\erp.identity.tests\bin\release\net10.0\erp.identity.tests.dll" id="c5ea343f-9abb-f124-9e03-53615ac79803">
      <Execution id="924e7646-e442-4410-bb46-bb89254322b6" />
      <TestMethod codeBase="C:\Git\erp\tests\Erp.Identity.Tests\bin\Release\net10.0\Erp.Identity.Tests.dll" adapterTypeName="executor://xunit/VsTestRunner3/netcore/" className="Erp.Identity.Tests.ApplicationServiceTests" name="UserService_forwards_the_roles_to_update" />
    </UnitTest>
    <UnitTest name="Erp.Identity.Tests.ConstantsTests.Every_api_scope_follows_the_erp_module_action_naming" storage="c:\git\erp\tests\erp.identity.tests\bin\release\net10.0\erp.identity.tests.dll" id="a82d9c1c-fbac-20f7-6029-fbca2e525489">
      <Execution id="9ab8c1be-775b-4a99-9731-ca29d1cba4d9" />
      <TestMethod codeBase="C:\Git\erp\tests\Erp.Identity.Tests\bin\Release\net10.0\Erp.Identity.Tests.dll" adapterTypeName="executor://xunit/VsTestRunner3/netcore/" className="Erp.Identity.Tests.ConstantsTests" name="Every_api_scope_follows_the_erp_module_action_naming" />
    </UnitTest>
    <UnitTest name="Erp.Identity.Tests.SeedDataTests.Machine_clients_use_client_credentials_with_a_secret_and_no_redirects(clientId: &quot;reporting-service&quot;)" storage="c:\git\erp\tests\erp.identity.tests\bin\release\net10.0\erp.identity.tests.dll" id="f580c153-f9e4-b9e6-c18d-4bb649487e32">
      <Execution id="4a63f914-e437-4f53-b58a-b3f4369c2724" />
      <TestMethod codeBase="C:\Git\erp\tests\Erp.Identity.Tests\bin\Release\net10.0\Erp.Identity.Tests.dll" adapterTypeName="executor://xunit/VsTestRunner3/netcore/" className="Erp.Identity.Tests.SeedDataTests" name="Machine_clients_use_client_credentials_with_a_secret_and_no_redirects" />
    </UnitTest>
    <UnitTest name="Erp.Identity.Tests.ApplicationServiceTests.UserService_returns_the_users_from_storage" storage="c:\git\erp\tests\erp.identity.tests\bin\release\net10.0\erp.identity.tests.dll" id="46b06eac-dc4e-d10b-1c14-5858bfa62533">
      <Execution id="0cdd9856-5252-418f-b234-5c07b22db89d" />
      <TestMethod codeBase="C:\Git\erp\tests\Erp.Identity.Tests\bin\Release\net10.0\Erp.Identity.Tests.dll" adapterTypeName="executor://xunit/VsTestRunner3/netcore/" className="Erp.Identity.Tests.ApplicationServiceTests" name="UserService_returns_the_users_from_storage" />
    </UnitTest>
    <UnitTest name="Erp.Identity.Tests.NotificationEmailClientTests.QueueAsync_posts_to_the_notification_queue_endpoint" storage="c:\git\erp\tests\erp.identity.tests\bin\release\net10.0\erp.identity.tests.dll" id="9e4239b1-02ec-c1d5-62cc-a979c8a6c9f8">
      <Execution id="d31e67a2-323d-44b2-9dde-c788811de077" />
      <TestMethod codeBase="C:\Git\erp\tests\Erp.Identity.Tests\bin\Release\net10.0\Erp.Identity.Tests.dll" adapterTypeName="executor://xunit/VsTestRunner3/netcore/" className="Erp.Identity.Tests.NotificationEmailClientTests" name="QueueAsync_posts_to_the_notification_queue_endpoint" />
    </UnitTest>
    <UnitTest name="Erp.Identity.Tests.NotificationEmailClientTests.QueueAsync_sends_the_recipient_subject_and_body" storage="c:\git\erp\tests\erp.identity.tests\bin\release\net10.0\erp.identity.tests.dll" id="282c586b-b9cc-2795-c6b6-94d0b1afd522">
      <Execution id="6d36619d-bbc2-4749-a5f9-e0c56d2c1b3d" />
      <TestMethod codeBase="C:\Git\erp\tests\Erp.Identity.Tests\bin\Release\net10.0\Erp.Identity.Tests.dll" adapterTypeName="executor://xunit/VsTestRunner3/netcore/" className="Erp.Identity.Tests.NotificationEmailClientTests" name="QueueAsync_sends_the_recipient_subject_and_body" />
    </UnitTest>
    <UnitTest name="Erp.Identity.Tests.ClientCredentialsTokenProviderTests.ResolveTokenEndpoint_fails_without_an_authority" storage="c:\git\erp\tests\erp.identity.tests\bin\release\net10.0\erp.identity.tests.dll" id="b9f15415-e45e-6ef3-e5bc-d686b84fa997">
      <Execution id="3a292274-8a8e-424c-bd13-c22f4a4b7517" />
      <TestMethod codeBase="C:\Git\erp\tests\Erp.Identity.Tests\bin\Release\net10.0\Erp.Identity.Tests.dll" adapterTypeName="executor://xunit/VsTestRunner3/netcore/" className="Erp.Identity.Tests.ClientCredentialsTokenProviderTests" name="ResolveTokenEndpoint_fails_without_an_authority" />
    </UnitTest>
    <UnitTest name="Erp.Identity.Tests.IdentityClaimTypesTests.The_user_name_is_named_name" storage="c:\git\erp\tests\erp.identity.tests\bin\release\net10.0\erp.identity.tests.dll" id="9781f75b-4eb6-7c37-f57a-d9bd2175aec5">
      <Execution id="ecf8e454-1b23-49eb-ade2-f4100cedf643" />
      <TestMethod codeBase="C:\Git\erp\tests\Erp.Identity.Tests\bin\Release\net10.0\Erp.Identity.Tests.dll" adapterTypeName="executor://xunit/VsTestRunner3/netcore/" className="Erp.Identity.Tests.IdentityClaimTypesTests" name="The_user_name_is_named_name" />
    </UnitTest>
    <UnitTest name="Erp.Identity.Tests.IdentityClaimTypesTests.Roles_are_named_role_so_the_apis_can_authorize_by_role" storage="c:\git\erp\tests\erp.identity.tests\bin\release\net10.0\erp.identity.tests.dll" id="2023705e-64b1-414a-4de5-80b95cc50050">
      <Execution id="d0c3dd3c-34ed-45b4-9565-043daeb91889" />
      <TestMethod codeBase="C:\Git\erp\tests\Erp.Identity.Tests\bin\Release\net10.0\Erp.Identity.Tests.dll" adapterTypeName="executor://xunit/VsTestRunner3/netcore/" className="Erp.Identity.Tests.IdentityClaimTypesTests" name="Roles_are_named_role_so_the_apis_can_authorize_by_role" />
    </UnitTest>
    <UnitTest name="Erp.Identity.Tests.IdentityClaimTypesTests.The_user_identifier_is_named_sub" storage="c:\git\erp\tests\erp.identity.tests\bin\release\net10.0\erp.identity.tests.dll" id="e940595f-1c14-2839-7363-05e5c377f22d">
      <Execution id="09e3dffd-d10e-4fb5-a04e-b36a6f10bdfc" />
      <TestMethod codeBase="C:\Git\erp\tests\Erp.Identity.Tests\bin\Release\net10.0\Erp.Identity.Tests.dll" adapterTypeName="executor://xunit/VsTestRunner3/netcore/" className="Erp.Identity.Tests.IdentityClaimTypesTests" name="The_user_identifier_is_named_sub" />
    </UnitTest>
    <UnitTest name="Erp.Identity.Tests.SeedDataTests.The_main_ui_client_callbacks_match_the_configured_origins" storage="c:\git\erp\tests\erp.identity.tests\bin\release\net10.0\erp.identity.tests.dll" id="33a75cb2-6c3d-4fff-7893-d7d5736646eb">
      <Execution id="bb8dc21d-3408-4862-9bc2-9a9947b7fc27" />
      <TestMethod codeBase="C:\Git\erp\tests\Erp.Identity.Tests\bin\Release\net10.0\Erp.Identity.Tests.dll" adapterTypeName="executor://xunit/VsTestRunner3/netcore/" className="Erp.Identity.Tests.SeedDataTests" name="The_main_ui_client_callbacks_match_the_configured_origins" />
    </UnitTest>
    <UnitTest name="Erp.Identity.Tests.ApplicationServiceTests.EmailService_queues_the_message_on_the_notification_client" storage="c:\git\erp\tests\erp.identity.tests\bin\release\net10.0\erp.identity.tests.dll" id="d7109515-2fca-242e-e14f-58f4dfef5720">
      <Execution id="6c0a6aa6-31ab-4721-80d7-9f9404339616" />
      <TestMethod codeBase="C:\Git\erp\tests\Erp.Identity.Tests\bin\Release\net10.0\Erp.Identity.Tests.dll" adapterTypeName="executor://xunit/VsTestRunner3/netcore/" className="Erp.Identity.Tests.ApplicationServiceTests" name="EmailService_queues_the_message_on_the_notification_client" />
    </UnitTest>
    <UnitTest name="Erp.Identity.Tests.ConstantsTests.Roles_All_lists_every_declared_role_once" storage="c:\git\erp\tests\erp.identity.tests\bin\release\net10.0\erp.identity.tests.dll" id="01a49cef-d24e-0654-3e98-1cee71b66fd1">
      <Execution id="d22dceff-e815-474e-ba69-284329ce32be" />
      <TestMethod codeBase="C:\Git\erp\tests\Erp.Identity.Tests\bin\Release\net10.0\Erp.Identity.Tests.dll" adapterTypeName="executor://xunit/VsTestRunner3/netcore/" className="Erp.Identity.Tests.ConstantsTests" name="Roles_All_lists_every_declared_role_once" />
    </UnitTest>
    <UnitTest name="Erp.Identity.Tests.SeedDataTests.Machine_clients_use_client_credentials_with_a_secret_and_no_redirects(clientId: &quot;sales-service&quot;)" storage="c:\git\erp\tests\erp.identity.tests\bin\release\net10.0\erp.identity.tests.dll" id="0e081410-7946-84a4-f23c-81986b4029e9">
      <Execution id="b43a3e1f-821a-4a26-8448-b03dd024f03d" />
      <TestMethod codeBase="C:\Git\erp\tests\Erp.Identity.Tests\bin\Release\net10.0\Erp.Identity.Tests.dll" adapterTypeName="executor://xunit/VsTestRunner3/netcore/" className="Erp.Identity.Tests.SeedDataTests" name="Machine_clients_use_client_credentials_with_a_secret_and_no_redirects" />
    </UnitTest>
    <UnitTest name="Erp.Identity.Tests.NotificationEmailClientTests.QueueAsync_fails_loudly_when_the_notification_service_refuses" storage="c:\git\erp\tests\erp.identity.tests\bin\release\net10.0\erp.identity.tests.dll" id="3e4fa82b-6e71-6c88-4183-55e6ce3ca08c">
      <Execution id="9ed22b36-e9cb-46f9-8b29-5d0c5dc20fc5" />
      <TestMethod codeBase="C:\Git\erp\tests\Erp.Identity.Tests\bin\Release\net10.0\Erp.Identity.Tests.dll" adapterTypeName="executor://xunit/VsTestRunner3/netcore/" className="Erp.Identity.Tests.NotificationEmailClientTests" name="QueueAsync_fails_loudly_when_the_notification_service_refuses" />
    </UnitTest>
    <UnitTest name="Erp.Identity.Tests.SeedDataTests.The_main_ui_client_can_reach_every_api_scope_except_the_service_only_ones" storage="c:\git\erp\tests\erp.identity.tests\bin\release\net10.0\erp.identity.tests.dll" id="6977858e-bb0d-50d3-9693-e8e3d0e725b5">
      <Execution id="2eb7689a-f6f7-4ecd-9b3c-245ad46b366e" />
      <TestMethod codeBase="C:\Git\erp\tests\Erp.Identity.Tests\bin\Release\net10.0\Erp.Identity.Tests.dll" adapterTypeName="executor://xunit/VsTestRunner3/netcore/" className="Erp.Identity.Tests.SeedDataTests" name="The_main_ui_client_can_reach_every_api_scope_except_the_service_only_ones" />
    </UnitTest>
    <UnitTest name="Erp.Identity.Tests.SeedDataTests.The_ui_client_can_read_users_to_assign_them_to_companies" storage="c:\git\erp\tests\erp.identity.tests\bin\release\net10.0\erp.identity.tests.dll" id="301bf8ac-6faf-8140-6fbc-3a07fba827ae">
      <Execution id="53da89e1-4323-4716-b50d-eab2ce78cefc" />
      <TestMethod codeBase="C:\Git\erp\tests\Erp.Identity.Tests\bin\Release\net10.0\Erp.Identity.Tests.dll" adapterTypeName="executor://xunit/VsTestRunner3/netcore/" className="Erp.Identity.Tests.SeedDataTests" name="The_ui_client_can_read_users_to_assign_them_to_companies" />
    </UnitTest>
    <UnitTest name="Erp.Identity.Tests.SeedDataTests.The_user_facing_client_cannot_send_mail_through_the_erp" storage="c:\git\erp\tests\erp.identity.tests\bin\release\net10.0\erp.identity.tests.dll" id="b4cd1c49-0a98-d6c4-289e-dd7af12f1717">
      <Execution id="b28bed83-731a-4833-8412-9890bc1ac75e" />
      <TestMethod codeBase="C:\Git\erp\tests\Erp.Identity.Tests\bin\Release\net10.0\Erp.Identity.Tests.dll" adapterTypeName="executor://xunit/VsTestRunner3/netcore/" className="Erp.Identity.Tests.SeedDataTests" name="The_user_facing_client_cannot_send_mail_through_the_erp" />
    </UnitTest>
    <UnitTest name="Erp.Identity.Tests.SeedDataTests.The_identity_resources_cover_the_scopes_the_ui_asks_for" storage="c:\git\erp\tests\erp.identity.tests\bin\release\net10.0\erp.identity.tests.dll" id="fee19507-2456-a125-ec3e-ad832dcfec8e">
      <Execution id="fc4d9230-0faf-4cd4-b608-5ad1cda997e6" />
      <TestMethod codeBase="C:\Git\erp\tests\Erp.Identity.Tests\bin\Release\net10.0\Erp.Identity.Tests.dll" adapterTypeName="executor://xunit/VsTestRunner3/netcore/" className="Erp.Identity.Tests.SeedDataTests" name="The_identity_resources_cover_the_scopes_the_ui_asks_for" />
    </UnitTest>
    <UnitTest name="Erp.Identity.Tests.SeedDataTests.Api_scope_names_are_unique" storage="c:\git\erp\tests\erp.identity.tests\bin\release\net10.0\erp.identity.tests.dll" id="84e20424-a4f5-6eb4-60bd-a2948417195d">
      <Execution id="ec701934-7a9b-4a9d-af53-33dc99d51e63" />
      <TestMethod codeBase="C:\Git\erp\tests\Erp.Identity.Tests\bin\Release\net10.0\Erp.Identity.Tests.dll" adapterTypeName="executor://xunit/VsTestRunner3/netcore/" className="Erp.Identity.Tests.SeedDataTests" name="Api_scope_names_are_unique" />
    </UnitTest>
    <UnitTest name="Erp.Identity.Tests.SeedDataTests.Machine_client_secrets_are_hashed_not_stored_in_clear_text" storage="c:\git\erp\tests\erp.identity.tests\bin\release\net10.0\erp.identity.tests.dll" id="99e61bf1-1e7e-e167-7877-26ff012df329">
      <Execution id="697a4b43-1cec-4292-8666-a7e9f5b41805" />
      <TestMethod codeBase="C:\Git\erp\tests\Erp.Identity.Tests\bin\Release\net10.0\Erp.Identity.Tests.dll" adapterTypeName="executor://xunit/VsTestRunner3/netcore/" className="Erp.Identity.Tests.SeedDataTests" name="Machine_client_secrets_are_hashed_not_stored_in_clear_text" />
    </UnitTest>
    <UnitTest name="Erp.Identity.Tests.ClientCredentialsTokenProviderTests.GetAccessTokenAsync_requests_the_client_credentials_grant" storage="c:\git\erp\tests\erp.identity.tests\bin\release\net10.0\erp.identity.tests.dll" id="a46084e6-289d-58a9-3481-228370728607">
      <Execution id="39cdbe1f-aa07-4575-a2e1-fad40c607b61" />
      <TestMethod codeBase="C:\Git\erp\tests\Erp.Identity.Tests\bin\Release\net10.0\Erp.Identity.Tests.dll" adapterTypeName="executor://xunit/VsTestRunner3/netcore/" className="Erp.Identity.Tests.ClientCredentialsTokenProviderTests" name="GetAccessTokenAsync_requests_the_client_credentials_grant" />
    </UnitTest>
    <UnitTest name="Erp.Identity.Tests.SeedDataTests.Every_api_resource_scope_is_a_declared_api_scope" storage="c:\git\erp\tests\erp.identity.tests\bin\release\net10.0\erp.identity.tests.dll" id="a6032074-01e0-21d8-c508-6b03380a7514">
      <Execution id="3a558eab-fbc0-435a-b1e5-0b5f938b9422" />
      <TestMethod codeBase="C:\Git\erp\tests\Erp.Identity.Tests\bin\Release\net10.0\Erp.Identity.Tests.dll" adapterTypeName="executor://xunit/VsTestRunner3/netcore/" className="Erp.Identity.Tests.SeedDataTests" name="Every_api_resource_scope_is_a_declared_api_scope" />
    </UnitTest>
    <UnitTest name="Erp.Identity.Tests.NotificationEmailClientTests.The_call_carries_the_service_access_token" storage="c:\git\erp\tests\erp.identity.tests\bin\release\net10.0\erp.identity.tests.dll" id="37910862-007a-5f27-fa19-952f732a6e71">
      <Execution id="7b08c9b6-27c9-4419-8374-a25bf0ee5a5a" />
      <TestMethod codeBase="C:\Git\erp\tests\Erp.Identity.Tests\bin\Release\net10.0\Erp.Identity.Tests.dll" adapterTypeName="executor://xunit/VsTestRunner3/netcore/" className="Erp.Identity.Tests.NotificationEmailClientTests" name="The_call_carries_the_service_access_token" />
    </UnitTest>
    <UnitTest name="Erp.Identity.Tests.ConstantsTests.Api_resource_names_match_the_audiences_the_services_validate" storage="c:\git\erp\tests\erp.identity.tests\bin\release\net10.0\erp.identity.tests.dll" id="d8d24bc0-2d8e-72b6-fe11-9c2c4dc806c6">
      <Execution id="7478b967-17a4-4e91-84f2-660c4bdac8e1" />
      <TestMethod codeBase="C:\Git\erp\tests\Erp.Identity.Tests\bin\Release\net10.0\Erp.Identity.Tests.dll" adapterTypeName="executor://xunit/VsTestRunner3/netcore/" className="Erp.Identity.Tests.ConstantsTests" name="Api_resource_names_match_the_audiences_the_services_validate" />
    </UnitTest>
    <UnitTest name="Erp.Identity.Tests.ClientCredentialsTokenProviderTests.GetAccessTokenAsync_renews_the_token_before_it_expires" storage="c:\git\erp\tests\erp.identity.tests\bin\release\net10.0\erp.identity.tests.dll" id="22d04d74-3c3d-c8bb-a2fb-b1e9150fbf03">
      <Execution id="451e3adc-c875-499b-98e9-d912679d4104" />
      <TestMethod codeBase="C:\Git\erp\tests\Erp.Identity.Tests\bin\Release\net10.0\Erp.Identity.Tests.dll" adapterTypeName="executor://xunit/VsTestRunner3/netcore/" className="Erp.Identity.Tests.ClientCredentialsTokenProviderTests" name="GetAccessTokenAsync_renews_the_token_before_it_expires" />
    </UnitTest>
    <UnitTest name="Erp.Identity.Tests.ClientCredentialsTokenProviderTests.GetAccessTokenAsync_reuses_the_token_while_it_is_valid" storage="c:\git\erp\tests\erp.identity.tests\bin\release\net10.0\erp.identity.tests.dll" id="ee67b515-8234-54bb-6250-39d376966100">
      <Execution id="411a9eb6-7998-4d0a-9d2b-c4c86d85fa36" />
      <TestMethod codeBase="C:\Git\erp\tests\Erp.Identity.Tests\bin\Release\net10.0\Erp.Identity.Tests.dll" adapterTypeName="executor://xunit/VsTestRunner3/netcore/" className="Erp.Identity.Tests.ClientCredentialsTokenProviderTests" name="GetAccessTokenAsync_reuses_the_token_while_it_is_valid" />
    </UnitTest>
    <UnitTest name="Erp.Identity.Tests.ClientCredentialsTokenProviderTests.ResolveTokenEndpoint_honours_an_explicit_override" storage="c:\git\erp\tests\erp.identity.tests\bin\release\net10.0\erp.identity.tests.dll" id="a3c2bc1e-5b29-e655-9ff7-83b24429ecd9">
      <Execution id="d8c0321b-107f-494f-9282-d62de35b4a82" />
      <TestMethod codeBase="C:\Git\erp\tests\Erp.Identity.Tests\bin\Release\net10.0\Erp.Identity.Tests.dll" adapterTypeName="executor://xunit/VsTestRunner3/netcore/" className="Erp.Identity.Tests.ClientCredentialsTokenProviderTests" name="ResolveTokenEndpoint_honours_an_explicit_override" />
    </UnitTest>
    <UnitTest name="Erp.Identity.Tests.ClientCredentialsTokenProviderTests.ResolveTokenEndpoint_defaults_to_the_duende_token_endpoint" storage="c:\git\erp\tests\erp.identity.tests\bin\release\net10.0\erp.identity.tests.dll" id="75399dab-4661-fb83-f7fb-11d7c2533342">
      <Execution id="7809aae9-2bc9-47c8-9fdb-93737d3becd6" />
      <TestMethod codeBase="C:\Git\erp\tests\Erp.Identity.Tests\bin\Release\net10.0\Erp.Identity.Tests.dll" adapterTypeName="executor://xunit/VsTestRunner3/netcore/" className="Erp.Identity.Tests.ClientCredentialsTokenProviderTests" name="ResolveTokenEndpoint_defaults_to_the_duende_token_endpoint" />
    </UnitTest>
    <UnitTest name="Erp.Identity.Tests.ClientCredentialsTokenProviderTests.GetAccessTokenAsync_explains_a_refused_credential" storage="c:\git\erp\tests\erp.identity.tests\bin\release\net10.0\erp.identity.tests.dll" id="d07b4681-e691-f54b-a361-c5b90bdee5c0">
      <Execution id="09211887-1de3-405d-b46c-0c3ecacd7279" />
      <TestMethod codeBase="C:\Git\erp\tests\Erp.Identity.Tests\bin\Release\net10.0\Erp.Identity.Tests.dll" adapterTypeName="executor://xunit/VsTestRunner3/netcore/" className="Erp.Identity.Tests.ClientCredentialsTokenProviderTests" name="GetAccessTokenAsync_explains_a_refused_credential" />
    </UnitTest>
    <UnitTest name="Erp.Identity.Tests.ApplicationServiceTests.ApiScopeService_forwards_the_upsert_request_unchanged" storage="c:\git\erp\tests\erp.identity.tests\bin\release\net10.0\erp.identity.tests.dll" id="d8279b88-7df3-6c1c-f88a-edcc374314df">
      <Execution id="23e6af73-6ec9-4268-b27f-d16addf672bf" />
      <TestMethod codeBase="C:\Git\erp\tests\Erp.Identity.Tests\bin\Release\net10.0\Erp.Identity.Tests.dll" adapterTypeName="executor://xunit/VsTestRunner3/netcore/" className="Erp.Identity.Tests.ApplicationServiceTests" name="ApiScopeService_forwards_the_upsert_request_unchanged" />
    </UnitTest>
  </TestDefinitions>
  <TestEntries>
    <TestEntry testId="22d04d74-3c3d-c8bb-a2fb-b1e9150fbf03" executionId="451e3adc-c875-499b-98e9-d912679d4104" testListId="8c84fa94-04c1-424b-9868-57a2d4851a1d" />
    <TestEntry testId="2023705e-64b1-414a-4de5-80b95cc50050" executionId="d0c3dd3c-34ed-45b4-9565-043daeb91889" testListId="8c84fa94-04c1-424b-9868-57a2d4851a1d" />
    <TestEntry testId="784358d8-acff-f1af-74be-9077de19c016" executionId="a387e8e9-2010-408c-8152-5c0ff33dc376" testListId="8c84fa94-04c1-424b-9868-57a2d4851a1d" />
    <TestEntry testId="30f10694-ff12-6766-6e97-1f1cc0ffa963" executionId="2e46f63f-921c-45c0-b953-358e1220ddb0" testListId="8c84fa94-04c1-424b-9868-57a2d4851a1d" />
    <TestEntry testId="46b06eac-dc4e-d10b-1c14-5858bfa62533" executionId="0cdd9856-5252-418f-b234-5c07b22db89d" testListId="8c84fa94-04c1-424b-9868-57a2d4851a1d" />
    <TestEntry testId="c5ea343f-9abb-f124-9e03-53615ac79803" executionId="924e7646-e442-4410-bb46-bb89254322b6" testListId="8c84fa94-04c1-424b-9868-57a2d4851a1d" />
    <TestEntry testId="4d0ddd00-b3f0-3e04-364f-bf0be331f875" executionId="ff6252d9-ab23-4e8d-9e5d-e251bbe990c6" testListId="8c84fa94-04c1-424b-9868-57a2d4851a1d" />
    <TestEntry testId="a46084e6-289d-58a9-3481-228370728607" executionId="39cdbe1f-aa07-4575-a2e1-fad40c607b61" testListId="8c84fa94-04c1-424b-9868-57a2d4851a1d" />
    <TestEntry testId="7fb21604-19b1-1b9d-f9bc-c0bcd62c420a" executionId="9b00194a-c95f-41b9-9c92-ef837bd32313" testListId="8c84fa94-04c1-424b-9868-57a2d4851a1d" />
    <TestEntry testId="99e61bf1-1e7e-e167-7877-26ff012df329" executionId="697a4b43-1cec-4292-8666-a7e9f5b41805" testListId="8c84fa94-04c1-424b-9868-57a2d4851a1d" />
    <TestEntry testId="a82d9c1c-fbac-20f7-6029-fbca2e525489" executionId="9ab8c1be-775b-4a99-9731-ca29d1cba4d9" testListId="8c84fa94-04c1-424b-9868-57a2d4851a1d" />
    <TestEntry testId="37910862-007a-5f27-fa19-952f732a6e71" executionId="7b08c9b6-27c9-4419-8374-a25bf0ee5a5a" testListId="8c84fa94-04c1-424b-9868-57a2d4851a1d" />
    <TestEntry testId="d07b4681-e691-f54b-a361-c5b90bdee5c0" executionId="09211887-1de3-405d-b46c-0c3ecacd7279" testListId="8c84fa94-04c1-424b-9868-57a2d4851a1d" />
    <TestEntry testId="fee19507-2456-a125-ec3e-ad832dcfec8e" executionId="fc4d9230-0faf-4cd4-b608-5ad1cda997e6" testListId="8c84fa94-04c1-424b-9868-57a2d4851a1d" />
    <TestEntry testId="871e83c3-d388-8901-047f-b8d21850d289" executionId="c2b4f596-f629-4d9c-b15c-9f9d2047aece" testListId="8c84fa94-04c1-424b-9868-57a2d4851a1d" />
    <TestEntry testId="75399dab-4661-fb83-f7fb-11d7c2533342" executionId="7809aae9-2bc9-47c8-9fdb-93737d3becd6" testListId="8c84fa94-04c1-424b-9868-57a2d4851a1d" />
    <TestEntry testId="a6032074-01e0-21d8-c508-6b03380a7514" executionId="3a558eab-fbc0-435a-b1e5-0b5f938b9422" testListId="8c84fa94-04c1-424b-9868-57a2d4851a1d" />
    <TestEntry testId="a9e8eccc-43f7-0c91-6cbb-63280fff3a91" executionId="5f147cef-6ee3-4e14-adfa-7b1f609bcb0b" testListId="8c84fa94-04c1-424b-9868-57a2d4851a1d" />
    <TestEntry testId="84e20424-a4f5-6eb4-60bd-a2948417195d" executionId="ec701934-7a9b-4a9d-af53-33dc99d51e63" testListId="8c84fa94-04c1-424b-9868-57a2d4851a1d" />
    <TestEntry testId="9e4239b1-02ec-c1d5-62cc-a979c8a6c9f8" executionId="d31e67a2-323d-44b2-9dde-c788811de077" testListId="8c84fa94-04c1-424b-9868-57a2d4851a1d" />
    <TestEntry testId="01a49cef-d24e-0654-3e98-1cee71b66fd1" executionId="d22dceff-e815-474e-ba69-284329ce32be" testListId="8c84fa94-04c1-424b-9868-57a2d4851a1d" />
    <TestEntry testId="8e64fad7-ea29-fdaf-2d14-4720ec95fba6" executionId="9e6b54b2-9abe-4b1e-9594-2dc4ea010128" testListId="8c84fa94-04c1-424b-9868-57a2d4851a1d" />
    <TestEntry testId="dfc2e16d-ac6f-841a-f3c8-829f31ed1e40" executionId="237e6d82-2a33-4207-a64d-88bd60f8af90" testListId="8c84fa94-04c1-424b-9868-57a2d4851a1d" />
    <TestEntry testId="b4cd1c49-0a98-d6c4-289e-dd7af12f1717" executionId="b28bed83-731a-4833-8412-9890bc1ac75e" testListId="8c84fa94-04c1-424b-9868-57a2d4851a1d" />
    <TestEntry testId="db3c627a-2911-1fe6-3744-255f1a6bb7c4" executionId="29b6027d-8449-4446-9ff0-4be9bcf25615" testListId="8c84fa94-04c1-424b-9868-57a2d4851a1d" />
    <TestEntry testId="3e4fa82b-6e71-6c88-4183-55e6ce3ca08c" executionId="9ed22b36-e9cb-46f9-8b29-5d0c5dc20fc5" testListId="8c84fa94-04c1-424b-9868-57a2d4851a1d" />
    <TestEntry testId="0e081410-7946-84a4-f23c-81986b4029e9" executionId="b43a3e1f-821a-4a26-8448-b03dd024f03d" testListId="8c84fa94-04c1-424b-9868-57a2d4851a1d" />
    <TestEntry testId="6977858e-bb0d-50d3-9693-e8e3d0e725b5" executionId="2eb7689a-f6f7-4ecd-9b3c-245ad46b366e" testListId="8c84fa94-04c1-424b-9868-57a2d4851a1d" />
    <TestEntry testId="282c586b-b9cc-2795-c6b6-94d0b1afd522" executionId="6d36619d-bbc2-4749-a5f9-e0c56d2c1b3d" testListId="8c84fa94-04c1-424b-9868-57a2d4851a1d" />
    <TestEntry testId="d7109515-2fca-242e-e14f-58f4dfef5720" executionId="6c0a6aa6-31ab-4721-80d7-9f9404339616" testListId="8c84fa94-04c1-424b-9868-57a2d4851a1d" />
    <TestEntry testId="d8d24bc0-2d8e-72b6-fe11-9c2c4dc806c6" executionId="7478b967-17a4-4e91-84f2-660c4bdac8e1" testListId="8c84fa94-04c1-424b-9868-57a2d4851a1d" />
    <TestEntry testId="d8279b88-7df3-6c1c-f88a-edcc374314df" executionId="23e6af73-6ec9-4268-b27f-d16addf672bf" testListId="8c84fa94-04c1-424b-9868-57a2d4851a1d" />
    <TestEntry testId="e940595f-1c14-2839-7363-05e5c377f22d" executionId="09e3dffd-d10e-4fb5-a04e-b36a6f10bdfc" testListId="8c84fa94-04c1-424b-9868-57a2d4851a1d" />
    <TestEntry testId="33a75cb2-6c3d-4fff-7893-d7d5736646eb" executionId="bb8dc21d-3408-4862-9bc2-9a9947b7fc27" testListId="8c84fa94-04c1-424b-9868-57a2d4851a1d" />
    <TestEntry testId="d5b1fd96-04f3-5e2e-eb7b-d38250e00227" executionId="815b5b79-6b14-4eee-a1dd-69e92b106089" testListId="8c84fa94-04c1-424b-9868-57a2d4851a1d" />
    <TestEntry testId="a3c2bc1e-5b29-e655-9ff7-83b24429ecd9" executionId="d8c0321b-107f-494f-9282-d62de35b4a82" testListId="8c84fa94-04c1-424b-9868-57a2d4851a1d" />
    <TestEntry testId="b9f15415-e45e-6ef3-e5bc-d686b84fa997" executionId="3a292274-8a8e-424c-bd13-c22f4a4b7517" testListId="8c84fa94-04c1-424b-9868-57a2d4851a1d" />
    <TestEntry testId="ee67b515-8234-54bb-6250-39d376966100" executionId="411a9eb6-7998-4d0a-9d2b-c4c86d85fa36" testListId="8c84fa94-04c1-424b-9868-57a2d4851a1d" />
    <TestEntry testId="60267ba3-4c1c-26cc-c041-aba4092469cd" executionId="e45c66e2-4ad8-4c58-b41f-a1010aad2680" testListId="8c84fa94-04c1-424b-9868-57a2d4851a1d" />
    <TestEntry testId="9781f75b-4eb6-7c37-f57a-d9bd2175aec5" executionId="ecf8e454-1b23-49eb-ade2-f4100cedf643" testListId="8c84fa94-04c1-424b-9868-57a2d4851a1d" />
    <TestEntry testId="301bf8ac-6faf-8140-6fbc-3a07fba827ae" executionId="53da89e1-4323-4716-b50d-eab2ce78cefc" testListId="8c84fa94-04c1-424b-9868-57a2d4851a1d" />
    <TestEntry testId="f580c153-f9e4-b9e6-c18d-4bb649487e32" executionId="4a63f914-e437-4f53-b58a-b3f4369c2724" testListId="8c84fa94-04c1-424b-9868-57a2d4851a1d" />
  </TestEntries>
  <TestLists>
    <TestList name="Results Not in a List" id="8c84fa94-04c1-424b-9868-57a2d4851a1d" />
    <TestList name="All Loaded Results" id="19431567-8539-422a-85d7-44ee4e166bda" />
  </TestLists>
  <ResultSummary outcome="Completed">
    <Counters total="42" executed="42" passed="42" failed="0" error="0" timeout="0" aborted="0" inconclusive="0" passedButRunAborted="0" notRunnable="0" notExecuted="0" disconnected="0" warning="0" completed="0" inProgress="0" pending="0" />
    <Output>
      <StdOut>[xUnit.net 00:00:00.00] xUnit.net VSTest Adapter v3.1.5+1b188a7b0a (64-bit .NET 10.0.11)&#xD;
[xUnit.net 00:00:00.17]   Discovering: Erp.Identity.Tests&#xD;
[xUnit.net 00:00:00.25]   Discovered:  Erp.Identity.Tests&#xD;
[xUnit.net 00:00:00.30]   Starting:    Erp.Identity.Tests&#xD;
[xUnit.net 00:00:00.63]   Finished:    Erp.Identity.Tests&#xD;
</StdOut>
    </Output>
  </ResultSummary>
</TestRun>