<?xml version="1.0" encoding="utf-8"?>
<TestRun id="ce5440dd-3a9a-435e-aedc-195b2526e9e6" name="Luis.Magalhaes@MS_A112 2026-09-06 21:35:47" runUser="PRIMAVERA\Luis.Magalhaes" xmlns="http://microsoft.com/schemas/VisualStudio/TeamTest/2010">
  <Times creation="2026-09-06T21:35:47.2117894+01:00" queuing="2026-09-06T21:35:47.2117899+01:00" start="2026-09-06T21:35:45.7168862+01:00" finish="2026-09-06T21:35:47.3085046+01:00" />
  <TestSettings name="default" id="d42fd7bd-c70e-4e9a-8492-4f0ee3101f5a">
    <Deployment runDeploymentRoot="Luis.Magalhaes_MS_A112_2026-09-06_21_35_47" />
  </TestSettings>
  <Results>
    <UnitTestResult executionId="36504ca0-615a-412a-ac01-b07a7a5927d7" testId="2ffdf6a7-82a4-82d9-51f5-5f4bb6e460e8" testName="Erp.FiscalPT.Tests.RsaDocumentSignerTests.Sign_produces_a_signature_the_matching_public_key_verifies" computerName="MS_A112" duration="00:00:00.0233468" startTime="2026-09-06T21:35:47.1203068+01:00" endTime="2026-09-06T21:35:47.1789262+01:00" testType="13cdc9d9-ddb5-4fa4-a97d-d965ccfc6d4b" outcome="Passed" testListId="8c84fa94-04c1-424b-9868-57a2d4851a1d" relativeResultsDirectory="36504ca0-615a-412a-ac01-b07a7a5927d7" />
    <UnitTestResult executionId="0e4932fe-c437-4447-aaf4-e7a9de6f5d63" testId="b0de5674-ccf7-41f4-be6d-73b0d56e3e64" testName="Erp.FiscalPT.Tests.RsaDocumentSignerTests.ExtractPrintableHash_rejects_a_hash_shorter_than_31_characters" computerName="MS_A112" duration="00:00:00.0013795" startTime="2026-09-06T21:35:47.1830861+01:00" endTime="2026-09-06T21:35:47.1847086+01:00" testType="13cdc9d9-ddb5-4fa4-a97d-d965ccfc6d4b" outcome="Passed" testListId="8c84fa94-04c1-424b-9868-57a2d4851a1d" relativeResultsDirectory="0e4932fe-c437-4447-aaf4-e7a9de6f5d63" />
    <UnitTestResult executionId="bacec201-8363-4b94-8c5d-63a44713d6f5" testId="ba695841-ecce-8674-307c-02e75f6a60c5" testName="Erp.FiscalPT.Tests.DocumentSignatureStringTests.Build_leaves_the_previous_hash_empty_for_the_first_document_of_a_series" computerName="MS_A112" duration="00:00:00.0190729" startTime="2026-09-06T21:35:47.0749688+01:00" endTime="2026-09-06T21:35:47.1081693+01:00" testType="13cdc9d9-ddb5-4fa4-a97d-d965ccfc6d4b" outcome="Passed" testListId="8c84fa94-04c1-424b-9868-57a2d4851a1d" relativeResultsDirectory="bacec201-8363-4b94-8c5d-63a44713d6f5" />
    <UnitTestResult executionId="61b2de44-e4f3-4e74-8e54-5122e052e06f" testId="fdeebada-5e54-f523-b2e2-ae4251890e50" testName="Erp.FiscalPT.Tests.RsaDocumentSignerTests.Sign_with_a_1024_bit_key_produces_a_172_character_base64_signature" computerName="MS_A112" duration="00:00:00.0153560" startTime="2026-09-06T21:35:47.1796736+01:00" endTime="2026-09-06T21:35:47.1828099+01:00" testType="13cdc9d9-ddb5-4fa4-a97d-d965ccfc6d4b" outcome="Passed" testListId="8c84fa94-04c1-424b-9868-57a2d4851a1d" relativeResultsDirectory="61b2de44-e4f3-4e74-8e54-5122e052e06f" />
    <UnitTestResult executionId="aba6587b-d55f-473e-9dc9-b829817dee7a" testId="20b25ae2-b696-3d6d-78de-613de2242862" testName="Erp.FiscalPT.Tests.DocumentIdentifierTests.DocumentNumber_uses_the_saft_invoice_no_format" computerName="MS_A112" duration="00:00:00.0009456" startTime="2026-09-06T21:35:47.1617397+01:00" endTime="2026-09-06T21:35:47.1630401+01:00" testType="13cdc9d9-ddb5-4fa4-a97d-d965ccfc6d4b" outcome="Passed" testListId="8c84fa94-04c1-424b-9868-57a2d4851a1d" relativeResultsDirectory="aba6587b-d55f-473e-9dc9-b829817dee7a" />
    <UnitTestResult executionId="6bd05fbf-c348-4f7c-9016-83c90a8d7fee" testId="94a8c5d5-64d1-1696-7297-913cefc5a5f9" testName="Erp.FiscalPT.Tests.DocumentIdentifierTests.FiscalRounding_rounds_away_from_zero_at_two_decimals(value: 10,005, expected: 10,01)" computerName="MS_A112" duration="00:00:00.0184659" startTime="2026-09-06T21:35:47.0750616+01:00" endTime="2026-09-06T21:35:47.1081960+01:00" testType="13cdc9d9-ddb5-4fa4-a97d-d965ccfc6d4b" outcome="Passed" testListId="8c84fa94-04c1-424b-9868-57a2d4851a1d" relativeResultsDirectory="6bd05fbf-c348-4f7c-9016-83c90a8d7fee" />
    <UnitTestResult executionId="4577ce0d-f66a-4e53-af2c-a2f19aee9f01" testId="d009cc1a-63de-59c2-d673-713b20ac0710" testName="Erp.FiscalPT.Tests.DocumentSignatureStringTests.Build_rejects_an_empty_document_number" computerName="MS_A112" duration="00:00:00.0111722" startTime="2026-09-06T21:35:47.1629312+01:00" endTime="2026-09-06T21:35:47.1635495+01:00" testType="13cdc9d9-ddb5-4fa4-a97d-d965ccfc6d4b" outcome="Passed" testListId="8c84fa94-04c1-424b-9868-57a2d4851a1d" relativeResultsDirectory="4577ce0d-f66a-4e53-af2c-a2f19aee9f01" />
    <UnitTestResult executionId="dce36b31-69a4-4334-8891-ca23f87a7719" testId="5d9aac9d-c310-0405-803e-8e37df482f7d" testName="Erp.FiscalPT.Tests.DocumentIdentifierTests.Atcud_joins_the_validation_code_and_the_sequence" computerName="MS_A112" duration="00:00:00.0003593" startTime="2026-09-06T21:35:47.1632985+01:00" endTime="2026-09-06T21:35:47.1633611+01:00" testType="13cdc9d9-ddb5-4fa4-a97d-d965ccfc6d4b" outcome="Passed" testListId="8c84fa94-04c1-424b-9868-57a2d4851a1d" relativeResultsDirectory="dce36b31-69a4-4334-8891-ca23f87a7719" />
    <UnitTestResult executionId="20d55eac-e423-4b32-b749-bd95bcb90dd8" testId="52d59439-baf4-2689-4516-74e0b55a3b26" testName="Erp.FiscalPT.Tests.RsaDocumentSignerTests.ExtractPrintableHash_takes_positions_1_11_21_and_31" computerName="MS_A112" duration="00:00:00.0190695" startTime="2026-09-06T21:35:47.0723269+01:00" endTime="2026-09-06T21:35:47.1023428+01:00" testType="13cdc9d9-ddb5-4fa4-a97d-d965ccfc6d4b" outcome="Passed" testListId="8c84fa94-04c1-424b-9868-57a2d4851a1d" relativeResultsDirectory="20d55eac-e423-4b32-b749-bd95bcb90dd8" />
    <UnitTestResult executionId="3e59460a-e603-41f3-bb30-23192ad0ecdf" testId="065beb16-906e-0c65-ba25-7d76068de724" testName="Erp.FiscalPT.Tests.DocumentIdentifierTests.FiscalRounding_rounds_away_from_zero_at_two_decimals(value: -10,005, expected: -10,01)" computerName="MS_A112" duration="00:00:00.0004050" startTime="2026-09-06T21:35:47.1190225+01:00" endTime="2026-09-06T21:35:47.1204739+01:00" testType="13cdc9d9-ddb5-4fa4-a97d-d965ccfc6d4b" outcome="Passed" testListId="8c84fa94-04c1-424b-9868-57a2d4851a1d" relativeResultsDirectory="3e59460a-e603-41f3-bb30-23192ad0ecdf" />
    <UnitTestResult executionId="ea744d69-d748-4a74-be56-c5c440c3e277" testId="45b400ec-0859-73b4-e300-ced49c987ba3" testName="Erp.FiscalPT.Tests.DocumentIdentifierTests.FiscalRounding_rounds_away_from_zero_at_two_decimals(value: 10,004, expected: 10)" computerName="MS_A112" duration="00:00:00.0000106" startTime="2026-09-06T21:35:47.1210852+01:00" endTime="2026-09-06T21:35:47.1211513+01:00" testType="13cdc9d9-ddb5-4fa4-a97d-d965ccfc6d4b" outcome="Passed" testListId="8c84fa94-04c1-424b-9868-57a2d4851a1d" relativeResultsDirectory="ea744d69-d748-4a74-be56-c5c440c3e277" />
    <UnitTestResult executionId="0a8f69a0-c7d2-4653-b382-5e887dc5cf10" testId="dcbde4c5-15b5-ed25-f8fa-4216d016a81a" testName="Erp.FiscalPT.Tests.QrCodePayloadBuilderTests.Build_rejects_an_unknown_fiscal_space" computerName="MS_A112" duration="00:00:00.0112129" startTime="2026-09-06T21:35:47.1623555+01:00" endTime="2026-09-06T21:35:47.1635769+01:00" testType="13cdc9d9-ddb5-4fa4-a97d-d965ccfc6d4b" outcome="Passed" testListId="8c84fa94-04c1-424b-9868-57a2d4851a1d" relativeResultsDirectory="0a8f69a0-c7d2-4653-b382-5e887dc5cf10" />
    <UnitTestResult executionId="bd412821-ec4a-40d8-bcb5-e2ff19b75240" testId="0d8c50c7-530e-f448-79cd-76c8cdb13b4f" testName="Erp.FiscalPT.Tests.RsaDocumentSignerTests.Verify_fails_when_any_signed_field_changed" computerName="MS_A112" duration="00:00:00.0288199" startTime="2026-09-06T21:35:47.1849520+01:00" endTime="2026-09-06T21:35:47.2134124+01:00" testType="13cdc9d9-ddb5-4fa4-a97d-d965ccfc6d4b" outcome="Passed" testListId="8c84fa94-04c1-424b-9868-57a2d4851a1d" relativeResultsDirectory="bd412821-ec4a-40d8-bcb5-e2ff19b75240" />
    <UnitTestResult executionId="ee54144a-a16c-4f29-a661-a2c4859ff8a6" testId="9e0cf6e2-158a-bb89-60b2-72ab1472ed32" testName="Erp.FiscalPT.Tests.QrCodePayloadBuilderTests.Build_maps_each_fiscal_space_to_its_own_block" computerName="MS_A112" duration="00:00:00.0185494" startTime="2026-09-06T21:35:47.0750934+01:00" endTime="2026-09-06T21:35:47.1080033+01:00" testType="13cdc9d9-ddb5-4fa4-a97d-d965ccfc6d4b" outcome="Passed" testListId="8c84fa94-04c1-424b-9868-57a2d4851a1d" relativeResultsDirectory="ee54144a-a16c-4f29-a661-a2c4859ff8a6" />
    <UnitTestResult executionId="59b63887-6c13-43b4-8d20-404f5c05ea5c" testId="47bbc975-c2ca-8539-1cff-29ad072e32df" testName="Erp.FiscalPT.Tests.QrCodePayloadBuilderTests.Build_writes_the_exempt_base_without_a_tax_amount" computerName="MS_A112" duration="00:00:00.0007780" startTime="2026-09-06T21:35:47.1203694+01:00" endTime="2026-09-06T21:35:47.1618293+01:00" testType="13cdc9d9-ddb5-4fa4-a97d-d965ccfc6d4b" outcome="Passed" testListId="8c84fa94-04c1-424b-9868-57a2d4851a1d" relativeResultsDirectory="59b63887-6c13-43b4-8d20-404f5c05ea5c" />
    <UnitTestResult executionId="048c4246-6a0e-4e68-bce9-20a31c5fea1f" testId="24d51396-7124-1f29-d2ff-4001a5a20a00" testName="Erp.FiscalPT.Tests.QrCodePayloadBuilderTests.Build_writes_the_structural_fields_in_order" computerName="MS_A112" duration="00:00:00.0012478" startTime="2026-09-06T21:35:47.1746789+01:00" endTime="2026-09-06T21:35:47.1750553+01:00" testType="13cdc9d9-ddb5-4fa4-a97d-d965ccfc6d4b" outcome="Passed" testListId="8c84fa94-04c1-424b-9868-57a2d4851a1d" relativeResultsDirectory="048c4246-6a0e-4e68-bce9-20a31c5fea1f" />
    <UnitTestResult executionId="4323a1e2-97ac-4b69-8470-05c93ee3c070" testId="05e689e3-7c8e-9ea9-2d3d-03d22da1f294" testName="Erp.FiscalPT.Tests.DocumentIdentifierTests.Atcud_rejects_a_sequence_below_one" computerName="MS_A112" duration="00:00:00.0104821" startTime="2026-09-06T21:35:47.1634994+01:00" endTime="2026-09-06T21:35:47.1639252+01:00" testType="13cdc9d9-ddb5-4fa4-a97d-d965ccfc6d4b" outcome="Passed" testListId="8c84fa94-04c1-424b-9868-57a2d4851a1d" relativeResultsDirectory="4323a1e2-97ac-4b69-8470-05c93ee3c070" />
    <UnitTestResult executionId="318f8972-dad3-47ad-8a59-7201ae3a4826" testId="16c790dc-7763-5fd1-a855-7c493ac55132" testName="Erp.FiscalPT.Tests.QrCodePayloadBuilderTests.Build_maps_mainland_rates_to_the_I_block" computerName="MS_A112" duration="00:00:00.0006593" startTime="2026-09-06T21:35:47.1638191+01:00" endTime="2026-09-06T21:35:47.1641059+01:00" testType="13cdc9d9-ddb5-4fa4-a97d-d965ccfc6d4b" outcome="Passed" testListId="8c84fa94-04c1-424b-9868-57a2d4851a1d" relativeResultsDirectory="318f8972-dad3-47ad-8a59-7201ae3a4826" />
    <UnitTestResult executionId="84338106-b89f-448d-9d67-8d5b51f1848b" testId="2dd270b5-662c-ded7-5263-726675e216b0" testName="Erp.FiscalPT.Tests.DocumentSignatureStringTests.Build_formats_amounts_with_a_decimal_point_under_a_portuguese_culture" computerName="MS_A112" duration="00:00:00.0007727" startTime="2026-09-06T21:35:47.1204300+01:00" endTime="2026-09-06T21:35:47.1623840+01:00" testType="13cdc9d9-ddb5-4fa4-a97d-d965ccfc6d4b" outcome="Passed" testListId="8c84fa94-04c1-424b-9868-57a2d4851a1d" relativeResultsDirectory="84338106-b89f-448d-9d67-8d5b51f1848b" />
    <UnitTestResult executionId="6ac803d9-91cb-4072-855f-d785f4355b83" testId="c706dc1f-bc44-f4e5-fa43-93b94d1ca4e2" testName="Erp.FiscalPT.Tests.RsaDocumentSignerTests.A_chain_of_documents_verifies_end_to_end" computerName="MS_A112" duration="00:00:00.0185350" startTime="2026-09-06T21:35:47.1794523+01:00" endTime="2026-09-06T21:35:47.1795140+01:00" testType="13cdc9d9-ddb5-4fa4-a97d-d965ccfc6d4b" outcome="Passed" testListId="8c84fa94-04c1-424b-9868-57a2d4851a1d" relativeResultsDirectory="6ac803d9-91cb-4072-855f-d785f4355b83" />
    <UnitTestResult executionId="9653bd73-916f-4bda-8fd5-3bd5a71efb59" testId="09ada19b-4389-5dd9-6e83-ae3d6f152106" testName="Erp.FiscalPT.Tests.RsaDocumentSignerTests.Verify_fails_for_a_signature_from_another_key" computerName="MS_A112" duration="00:00:00.0224766" startTime="2026-09-06T21:35:47.1791872+01:00" endTime="2026-09-06T21:35:47.1792793+01:00" testType="13cdc9d9-ddb5-4fa4-a97d-d965ccfc6d4b" outcome="Passed" testListId="8c84fa94-04c1-424b-9868-57a2d4851a1d" relativeResultsDirectory="9653bd73-916f-4bda-8fd5-3bd5a71efb59" />
    <UnitTestResult executionId="70f3b2fe-2ef0-46de-842e-8612609292a5" testId="93f7bcf2-7bc8-2e45-7fde-21db875493bd" testName="Erp.FiscalPT.Tests.DocumentSignatureStringTests.Build_uses_the_format_required_by_portaria_363_2010" computerName="MS_A112" duration="00:00:00.0002918" startTime="2026-09-06T21:35:47.1638436+01:00" endTime="2026-09-06T21:35:47.1640244+01:00" testType="13cdc9d9-ddb5-4fa4-a97d-d965ccfc6d4b" outcome="Passed" testListId="8c84fa94-04c1-424b-9868-57a2d4851a1d" relativeResultsDirectory="70f3b2fe-2ef0-46de-842e-8612609292a5" />
  </Results>
  <TestDefinitions>
    <UnitTest name="Erp.FiscalPT.Tests.DocumentSignatureStringTests.Build_formats_amounts_with_a_decimal_point_under_a_portuguese_culture" storage="c:\git\erp\tests\erp.fiscalpt.tests\bin\release\net10.0\erp.fiscalpt.tests.dll" id="2dd270b5-662c-ded7-5263-726675e216b0">
      <Execution id="84338106-b89f-448d-9d67-8d5b51f1848b" />
      <TestMethod codeBase="C:\Git\erp\tests\Erp.FiscalPT.Tests\bin\Release\net10.0\Erp.FiscalPT.Tests.dll" adapterTypeName="executor://xunit/VsTestRunner3/netcore/" className="Erp.FiscalPT.Tests.DocumentSignatureStringTests" name="Build_formats_amounts_with_a_decimal_point_under_a_portuguese_culture" />
    </UnitTest>
    <UnitTest name="Erp.FiscalPT.Tests.DocumentIdentifierTests.FiscalRounding_rounds_away_from_zero_at_two_decimals(value: -10,005, expected: -10,01)" storage="c:\git\erp\tests\erp.fiscalpt.tests\bin\release\net10.0\erp.fiscalpt.tests.dll" id="065beb16-906e-0c65-ba25-7d76068de724">
      <Execution id="3e59460a-e603-41f3-bb30-23192ad0ecdf" />
      <TestMethod codeBase="C:\Git\erp\tests\Erp.FiscalPT.Tests\bin\Release\net10.0\Erp.FiscalPT.Tests.dll" adapterTypeName="executor://xunit/VsTestRunner3/netcore/" className="Erp.FiscalPT.Tests.DocumentIdentifierTests" name="FiscalRounding_rounds_away_from_zero_at_two_decimals" />
    </UnitTest>
    <UnitTest name="Erp.FiscalPT.Tests.RsaDocumentSignerTests.Verify_fails_for_a_signature_from_another_key" storage="c:\git\erp\tests\erp.fiscalpt.tests\bin\release\net10.0\erp.fiscalpt.tests.dll" id="09ada19b-4389-5dd9-6e83-ae3d6f152106">
      <Execution id="9653bd73-916f-4bda-8fd5-3bd5a71efb59" />
      <TestMethod codeBase="C:\Git\erp\tests\Erp.FiscalPT.Tests\bin\Release\net10.0\Erp.FiscalPT.Tests.dll" adapterTypeName="executor://xunit/VsTestRunner3/netcore/" className="Erp.FiscalPT.Tests.RsaDocumentSignerTests" name="Verify_fails_for_a_signature_from_another_key" />
    </UnitTest>
    <UnitTest name="Erp.FiscalPT.Tests.QrCodePayloadBuilderTests.Build_rejects_an_unknown_fiscal_space" storage="c:\git\erp\tests\erp.fiscalpt.tests\bin\release\net10.0\erp.fiscalpt.tests.dll" id="dcbde4c5-15b5-ed25-f8fa-4216d016a81a">
      <Execution id="0a8f69a0-c7d2-4653-b382-5e887dc5cf10" />
      <TestMethod codeBase="C:\Git\erp\tests\Erp.FiscalPT.Tests\bin\Release\net10.0\Erp.FiscalPT.Tests.dll" adapterTypeName="executor://xunit/VsTestRunner3/netcore/" className="Erp.FiscalPT.Tests.QrCodePayloadBuilderTests" name="Build_rejects_an_unknown_fiscal_space" />
    </UnitTest>
    <UnitTest name="Erp.FiscalPT.Tests.QrCodePayloadBuilderTests.Build_maps_mainland_rates_to_the_I_block" storage="c:\git\erp\tests\erp.fiscalpt.tests\bin\release\net10.0\erp.fiscalpt.tests.dll" id="16c790dc-7763-5fd1-a855-7c493ac55132">
      <Execution id="318f8972-dad3-47ad-8a59-7201ae3a4826" />
      <TestMethod codeBase="C:\Git\erp\tests\Erp.FiscalPT.Tests\bin\Release\net10.0\Erp.FiscalPT.Tests.dll" adapterTypeName="executor://xunit/VsTestRunner3/netcore/" className="Erp.FiscalPT.Tests.QrCodePayloadBuilderTests" name="Build_maps_mainland_rates_to_the_I_block" />
    </UnitTest>
    <UnitTest name="Erp.FiscalPT.Tests.RsaDocumentSignerTests.ExtractPrintableHash_rejects_a_hash_shorter_than_31_characters" storage="c:\git\erp\tests\erp.fiscalpt.tests\bin\release\net10.0\erp.fiscalpt.tests.dll" id="b0de5674-ccf7-41f4-be6d-73b0d56e3e64">
      <Execution id="0e4932fe-c437-4447-aaf4-e7a9de6f5d63" />
      <TestMethod codeBase="C:\Git\erp\tests\Erp.FiscalPT.Tests\bin\Release\net10.0\Erp.FiscalPT.Tests.dll" adapterTypeName="executor://xunit/VsTestRunner3/netcore/" className="Erp.FiscalPT.Tests.RsaDocumentSignerTests" name="ExtractPrintableHash_rejects_a_hash_shorter_than_31_characters" />
    </UnitTest>
    <UnitTest name="Erp.FiscalPT.Tests.RsaDocumentSignerTests.ExtractPrintableHash_takes_positions_1_11_21_and_31" storage="c:\git\erp\tests\erp.fiscalpt.tests\bin\release\net10.0\erp.fiscalpt.tests.dll" id="52d59439-baf4-2689-4516-74e0b55a3b26">
      <Execution id="20d55eac-e423-4b32-b749-bd95bcb90dd8" />
      <TestMethod codeBase="C:\Git\erp\tests\Erp.FiscalPT.Tests\bin\Release\net10.0\Erp.FiscalPT.Tests.dll" adapterTypeName="executor://xunit/VsTestRunner3/netcore/" className="Erp.FiscalPT.Tests.RsaDocumentSignerTests" name="ExtractPrintableHash_takes_positions_1_11_21_and_31" />
    </UnitTest>
    <UnitTest name="Erp.FiscalPT.Tests.DocumentIdentifierTests.Atcud_joins_the_validation_code_and_the_sequence" storage="c:\git\erp\tests\erp.fiscalpt.tests\bin\release\net10.0\erp.fiscalpt.tests.dll" id="5d9aac9d-c310-0405-803e-8e37df482f7d">
      <Execution id="dce36b31-69a4-4334-8891-ca23f87a7719" />
      <TestMethod codeBase="C:\Git\erp\tests\Erp.FiscalPT.Tests\bin\Release\net10.0\Erp.FiscalPT.Tests.dll" adapterTypeName="executor://xunit/VsTestRunner3/netcore/" className="Erp.FiscalPT.Tests.DocumentIdentifierTests" name="Atcud_joins_the_validation_code_and_the_sequence" />
    </UnitTest>
    <UnitTest name="Erp.FiscalPT.Tests.RsaDocumentSignerTests.Sign_produces_a_signature_the_matching_public_key_verifies" storage="c:\git\erp\tests\erp.fiscalpt.tests\bin\release\net10.0\erp.fiscalpt.tests.dll" id="2ffdf6a7-82a4-82d9-51f5-5f4bb6e460e8">
      <Execution id="36504ca0-615a-412a-ac01-b07a7a5927d7" />
      <TestMethod codeBase="C:\Git\erp\tests\Erp.FiscalPT.Tests\bin\Release\net10.0\Erp.FiscalPT.Tests.dll" adapterTypeName="executor://xunit/VsTestRunner3/netcore/" className="Erp.FiscalPT.Tests.RsaDocumentSignerTests" name="Sign_produces_a_signature_the_matching_public_key_verifies" />
    </UnitTest>
    <UnitTest name="Erp.FiscalPT.Tests.DocumentIdentifierTests.FiscalRounding_rounds_away_from_zero_at_two_decimals(value: 10,004, expected: 10)" storage="c:\git\erp\tests\erp.fiscalpt.tests\bin\release\net10.0\erp.fiscalpt.tests.dll" id="45b400ec-0859-73b4-e300-ced49c987ba3">
      <Execution id="ea744d69-d748-4a74-be56-c5c440c3e277" />
      <TestMethod codeBase="C:\Git\erp\tests\Erp.FiscalPT.Tests\bin\Release\net10.0\Erp.FiscalPT.Tests.dll" adapterTypeName="executor://xunit/VsTestRunner3/netcore/" className="Erp.FiscalPT.Tests.DocumentIdentifierTests" name="FiscalRounding_rounds_away_from_zero_at_two_decimals" />
    </UnitTest>
    <UnitTest name="Erp.FiscalPT.Tests.QrCodePayloadBuilderTests.Build_writes_the_structural_fields_in_order" storage="c:\git\erp\tests\erp.fiscalpt.tests\bin\release\net10.0\erp.fiscalpt.tests.dll" id="24d51396-7124-1f29-d2ff-4001a5a20a00">
      <Execution id="048c4246-6a0e-4e68-bce9-20a31c5fea1f" />
      <TestMethod codeBase="C:\Git\erp\tests\Erp.FiscalPT.Tests\bin\Release\net10.0\Erp.FiscalPT.Tests.dll" adapterTypeName="executor://xunit/VsTestRunner3/netcore/" className="Erp.FiscalPT.Tests.QrCodePayloadBuilderTests" name="Build_writes_the_structural_fields_in_order" />
    </UnitTest>
    <UnitTest name="Erp.FiscalPT.Tests.DocumentIdentifierTests.FiscalRounding_rounds_away_from_zero_at_two_decimals(value: 10,005, expected: 10,01)" storage="c:\git\erp\tests\erp.fiscalpt.tests\bin\release\net10.0\erp.fiscalpt.tests.dll" id="94a8c5d5-64d1-1696-7297-913cefc5a5f9">
      <Execution id="6bd05fbf-c348-4f7c-9016-83c90a8d7fee" />
      <TestMethod codeBase="C:\Git\erp\tests\Erp.FiscalPT.Tests\bin\Release\net10.0\Erp.FiscalPT.Tests.dll" adapterTypeName="executor://xunit/VsTestRunner3/netcore/" className="Erp.FiscalPT.Tests.DocumentIdentifierTests" name="FiscalRounding_rounds_away_from_zero_at_two_decimals" />
    </UnitTest>
    <UnitTest name="Erp.FiscalPT.Tests.DocumentIdentifierTests.Atcud_rejects_a_sequence_below_one" storage="c:\git\erp\tests\erp.fiscalpt.tests\bin\release\net10.0\erp.fiscalpt.tests.dll" id="05e689e3-7c8e-9ea9-2d3d-03d22da1f294">
      <Execution id="4323a1e2-97ac-4b69-8470-05c93ee3c070" />
      <TestMethod codeBase="C:\Git\erp\tests\Erp.FiscalPT.Tests\bin\Release\net10.0\Erp.FiscalPT.Tests.dll" adapterTypeName="executor://xunit/VsTestRunner3/netcore/" className="Erp.FiscalPT.Tests.DocumentIdentifierTests" name="Atcud_rejects_a_sequence_below_one" />
    </UnitTest>
    <UnitTest name="Erp.FiscalPT.Tests.DocumentSignatureStringTests.Build_leaves_the_previous_hash_empty_for_the_first_document_of_a_series" storage="c:\git\erp\tests\erp.fiscalpt.tests\bin\release\net10.0\erp.fiscalpt.tests.dll" id="ba695841-ecce-8674-307c-02e75f6a60c5">
      <Execution id="bacec201-8363-4b94-8c5d-63a44713d6f5" />
      <TestMethod codeBase="C:\Git\erp\tests\Erp.FiscalPT.Tests\bin\Release\net10.0\Erp.FiscalPT.Tests.dll" adapterTypeName="executor://xunit/VsTestRunner3/netcore/" className="Erp.FiscalPT.Tests.DocumentSignatureStringTests" name="Build_leaves_the_previous_hash_empty_for_the_first_document_of_a_series" />
    </UnitTest>
    <UnitTest name="Erp.FiscalPT.Tests.DocumentSignatureStringTests.Build_uses_the_format_required_by_portaria_363_2010" storage="c:\git\erp\tests\erp.fiscalpt.tests\bin\release\net10.0\erp.fiscalpt.tests.dll" id="93f7bcf2-7bc8-2e45-7fde-21db875493bd">
      <Execution id="70f3b2fe-2ef0-46de-842e-8612609292a5" />
      <TestMethod codeBase="C:\Git\erp\tests\Erp.FiscalPT.Tests\bin\Release\net10.0\Erp.FiscalPT.Tests.dll" adapterTypeName="executor://xunit/VsTestRunner3/netcore/" className="Erp.FiscalPT.Tests.DocumentSignatureStringTests" name="Build_uses_the_format_required_by_portaria_363_2010" />
    </UnitTest>
    <UnitTest name="Erp.FiscalPT.Tests.RsaDocumentSignerTests.Verify_fails_when_any_signed_field_changed" storage="c:\git\erp\tests\erp.fiscalpt.tests\bin\release\net10.0\erp.fiscalpt.tests.dll" id="0d8c50c7-530e-f448-79cd-76c8cdb13b4f">
      <Execution id="bd412821-ec4a-40d8-bcb5-e2ff19b75240" />
      <TestMethod codeBase="C:\Git\erp\tests\Erp.FiscalPT.Tests\bin\Release\net10.0\Erp.FiscalPT.Tests.dll" adapterTypeName="executor://xunit/VsTestRunner3/netcore/" className="Erp.FiscalPT.Tests.RsaDocumentSignerTests" name="Verify_fails_when_any_signed_field_changed" />
    </UnitTest>
    <UnitTest name="Erp.FiscalPT.Tests.RsaDocumentSignerTests.A_chain_of_documents_verifies_end_to_end" storage="c:\git\erp\tests\erp.fiscalpt.tests\bin\release\net10.0\erp.fiscalpt.tests.dll" id="c706dc1f-bc44-f4e5-fa43-93b94d1ca4e2">
      <Execution id="6ac803d9-91cb-4072-855f-d785f4355b83" />
      <TestMethod codeBase="C:\Git\erp\tests\Erp.FiscalPT.Tests\bin\Release\net10.0\Erp.FiscalPT.Tests.dll" adapterTypeName="executor://xunit/VsTestRunner3/netcore/" className="Erp.FiscalPT.Tests.RsaDocumentSignerTests" name="A_chain_of_documents_verifies_end_to_end" />
    </UnitTest>
    <UnitTest name="Erp.FiscalPT.Tests.QrCodePayloadBuilderTests.Build_maps_each_fiscal_space_to_its_own_block" storage="c:\git\erp\tests\erp.fiscalpt.tests\bin\release\net10.0\erp.fiscalpt.tests.dll" id="9e0cf6e2-158a-bb89-60b2-72ab1472ed32">
      <Execution id="ee54144a-a16c-4f29-a661-a2c4859ff8a6" />
      <TestMethod codeBase="C:\Git\erp\tests\Erp.FiscalPT.Tests\bin\Release\net10.0\Erp.FiscalPT.Tests.dll" adapterTypeName="executor://xunit/VsTestRunner3/netcore/" className="Erp.FiscalPT.Tests.QrCodePayloadBuilderTests" name="Build_maps_each_fiscal_space_to_its_own_block" />
    </UnitTest>
    <UnitTest name="Erp.FiscalPT.Tests.QrCodePayloadBuilderTests.Build_writes_the_exempt_base_without_a_tax_amount" storage="c:\git\erp\tests\erp.fiscalpt.tests\bin\release\net10.0\erp.fiscalpt.tests.dll" id="47bbc975-c2ca-8539-1cff-29ad072e32df">
      <Execution id="59b63887-6c13-43b4-8d20-404f5c05ea5c" />
      <TestMethod codeBase="C:\Git\erp\tests\Erp.FiscalPT.Tests\bin\Release\net10.0\Erp.FiscalPT.Tests.dll" adapterTypeName="executor://xunit/VsTestRunner3/netcore/" className="Erp.FiscalPT.Tests.QrCodePayloadBuilderTests" name="Build_writes_the_exempt_base_without_a_tax_amount" />
    </UnitTest>
    <UnitTest name="Erp.FiscalPT.Tests.DocumentIdentifierTests.DocumentNumber_uses_the_saft_invoice_no_format" storage="c:\git\erp\tests\erp.fiscalpt.tests\bin\release\net10.0\erp.fiscalpt.tests.dll" id="20b25ae2-b696-3d6d-78de-613de2242862">
      <Execution id="aba6587b-d55f-473e-9dc9-b829817dee7a" />
      <TestMethod codeBase="C:\Git\erp\tests\Erp.FiscalPT.Tests\bin\Release\net10.0\Erp.FiscalPT.Tests.dll" adapterTypeName="executor://xunit/VsTestRunner3/netcore/" className="Erp.FiscalPT.Tests.DocumentIdentifierTests" name="DocumentNumber_uses_the_saft_invoice_no_format" />
    </UnitTest>
    <UnitTest name="Erp.FiscalPT.Tests.RsaDocumentSignerTests.Sign_with_a_1024_bit_key_produces_a_172_character_base64_signature" storage="c:\git\erp\tests\erp.fiscalpt.tests\bin\release\net10.0\erp.fiscalpt.tests.dll" id="fdeebada-5e54-f523-b2e2-ae4251890e50">
      <Execution id="61b2de44-e4f3-4e74-8e54-5122e052e06f" />
      <TestMethod codeBase="C:\Git\erp\tests\Erp.FiscalPT.Tests\bin\Release\net10.0\Erp.FiscalPT.Tests.dll" adapterTypeName="executor://xunit/VsTestRunner3/netcore/" className="Erp.FiscalPT.Tests.RsaDocumentSignerTests" name="Sign_with_a_1024_bit_key_produces_a_172_character_base64_signature" />
    </UnitTest>
    <UnitTest name="Erp.FiscalPT.Tests.DocumentSignatureStringTests.Build_rejects_an_empty_document_number" storage="c:\git\erp\tests\erp.fiscalpt.tests\bin\release\net10.0\erp.fiscalpt.tests.dll" id="d009cc1a-63de-59c2-d673-713b20ac0710">
      <Execution id="4577ce0d-f66a-4e53-af2c-a2f19aee9f01" />
      <TestMethod codeBase="C:\Git\erp\tests\Erp.FiscalPT.Tests\bin\Release\net10.0\Erp.FiscalPT.Tests.dll" adapterTypeName="executor://xunit/VsTestRunner3/netcore/" className="Erp.FiscalPT.Tests.DocumentSignatureStringTests" name="Build_rejects_an_empty_document_number" />
    </UnitTest>
  </TestDefinitions>
  <TestEntries>
    <TestEntry testId="2ffdf6a7-82a4-82d9-51f5-5f4bb6e460e8" executionId="36504ca0-615a-412a-ac01-b07a7a5927d7" testListId="8c84fa94-04c1-424b-9868-57a2d4851a1d" />
    <TestEntry testId="b0de5674-ccf7-41f4-be6d-73b0d56e3e64" executionId="0e4932fe-c437-4447-aaf4-e7a9de6f5d63" testListId="8c84fa94-04c1-424b-9868-57a2d4851a1d" />
    <TestEntry testId="ba695841-ecce-8674-307c-02e75f6a60c5" executionId="bacec201-8363-4b94-8c5d-63a44713d6f5" testListId="8c84fa94-04c1-424b-9868-57a2d4851a1d" />
    <TestEntry testId="fdeebada-5e54-f523-b2e2-ae4251890e50" executionId="61b2de44-e4f3-4e74-8e54-5122e052e06f" testListId="8c84fa94-04c1-424b-9868-57a2d4851a1d" />
    <TestEntry testId="20b25ae2-b696-3d6d-78de-613de2242862" executionId="aba6587b-d55f-473e-9dc9-b829817dee7a" testListId="8c84fa94-04c1-424b-9868-57a2d4851a1d" />
    <TestEntry testId="94a8c5d5-64d1-1696-7297-913cefc5a5f9" executionId="6bd05fbf-c348-4f7c-9016-83c90a8d7fee" testListId="8c84fa94-04c1-424b-9868-57a2d4851a1d" />
    <TestEntry testId="d009cc1a-63de-59c2-d673-713b20ac0710" executionId="4577ce0d-f66a-4e53-af2c-a2f19aee9f01" testListId="8c84fa94-04c1-424b-9868-57a2d4851a1d" />
    <TestEntry testId="5d9aac9d-c310-0405-803e-8e37df482f7d" executionId="dce36b31-69a4-4334-8891-ca23f87a7719" testListId="8c84fa94-04c1-424b-9868-57a2d4851a1d" />
    <TestEntry testId="52d59439-baf4-2689-4516-74e0b55a3b26" executionId="20d55eac-e423-4b32-b749-bd95bcb90dd8" testListId="8c84fa94-04c1-424b-9868-57a2d4851a1d" />
    <TestEntry testId="065beb16-906e-0c65-ba25-7d76068de724" executionId="3e59460a-e603-41f3-bb30-23192ad0ecdf" testListId="8c84fa94-04c1-424b-9868-57a2d4851a1d" />
    <TestEntry testId="45b400ec-0859-73b4-e300-ced49c987ba3" executionId="ea744d69-d748-4a74-be56-c5c440c3e277" testListId="8c84fa94-04c1-424b-9868-57a2d4851a1d" />
    <TestEntry testId="dcbde4c5-15b5-ed25-f8fa-4216d016a81a" executionId="0a8f69a0-c7d2-4653-b382-5e887dc5cf10" testListId="8c84fa94-04c1-424b-9868-57a2d4851a1d" />
    <TestEntry testId="0d8c50c7-530e-f448-79cd-76c8cdb13b4f" executionId="bd412821-ec4a-40d8-bcb5-e2ff19b75240" testListId="8c84fa94-04c1-424b-9868-57a2d4851a1d" />
    <TestEntry testId="9e0cf6e2-158a-bb89-60b2-72ab1472ed32" executionId="ee54144a-a16c-4f29-a661-a2c4859ff8a6" testListId="8c84fa94-04c1-424b-9868-57a2d4851a1d" />
    <TestEntry testId="47bbc975-c2ca-8539-1cff-29ad072e32df" executionId="59b63887-6c13-43b4-8d20-404f5c05ea5c" testListId="8c84fa94-04c1-424b-9868-57a2d4851a1d" />
    <TestEntry testId="24d51396-7124-1f29-d2ff-4001a5a20a00" executionId="048c4246-6a0e-4e68-bce9-20a31c5fea1f" testListId="8c84fa94-04c1-424b-9868-57a2d4851a1d" />
    <TestEntry testId="05e689e3-7c8e-9ea9-2d3d-03d22da1f294" executionId="4323a1e2-97ac-4b69-8470-05c93ee3c070" testListId="8c84fa94-04c1-424b-9868-57a2d4851a1d" />
    <TestEntry testId="16c790dc-7763-5fd1-a855-7c493ac55132" executionId="318f8972-dad3-47ad-8a59-7201ae3a4826" testListId="8c84fa94-04c1-424b-9868-57a2d4851a1d" />
    <TestEntry testId="2dd270b5-662c-ded7-5263-726675e216b0" executionId="84338106-b89f-448d-9d67-8d5b51f1848b" testListId="8c84fa94-04c1-424b-9868-57a2d4851a1d" />
    <TestEntry testId="c706dc1f-bc44-f4e5-fa43-93b94d1ca4e2" executionId="6ac803d9-91cb-4072-855f-d785f4355b83" testListId="8c84fa94-04c1-424b-9868-57a2d4851a1d" />
    <TestEntry testId="09ada19b-4389-5dd9-6e83-ae3d6f152106" executionId="9653bd73-916f-4bda-8fd5-3bd5a71efb59" testListId="8c84fa94-04c1-424b-9868-57a2d4851a1d" />
    <TestEntry testId="93f7bcf2-7bc8-2e45-7fde-21db875493bd" executionId="70f3b2fe-2ef0-46de-842e-8612609292a5" testListId="8c84fa94-04c1-424b-9868-57a2d4851a1d" />
  </TestEntries>
  <TestLists>
    <TestList name="Results Not in a List" id="8c84fa94-04c1-424b-9868-57a2d4851a1d" />
    <TestList name="All Loaded Results" id="19431567-8539-422a-85d7-44ee4e166bda" />
  </TestLists>
  <ResultSummary outcome="Completed">
    <Counters total="22" executed="22" passed="22" failed="0" error="0" timeout="0" aborted="0" inconclusive="0" passedButRunAborted="0" notRunnable="0" notExecuted="0" disconnected="0" warning="0" completed="0" inProgress="0" pending="0" />
    <Output>
      <StdOut>[xUnit.net 00:00:00.00] xUnit.net VSTest Adapter v3.1.5+1b188a7b0a (64-bit .NET 10.0.11)&#xD;
[xUnit.net 00:00:00.15]   Discovering: Erp.FiscalPT.Tests&#xD;
[xUnit.net 00:00:00.23]   Discovered:  Erp.FiscalPT.Tests&#xD;
[xUnit.net 00:00:00.27]   Starting:    Erp.FiscalPT.Tests&#xD;
[xUnit.net 00:00:00.46]   Finished:    Erp.FiscalPT.Tests&#xD;
</StdOut>
    </Output>
  </ResultSummary>
</TestRun>