<?xml version="1.0" encoding="utf-8"?>
<TestRun id="e7280f5a-3616-4c32-9522-8f8c450cea0a" name="Luis.Magalhaes@MS_A112 2026-09-06 21:35:47" runUser="PRIMAVERA\Luis.Magalhaes" xmlns="http://microsoft.com/schemas/VisualStudio/TeamTest/2010">
  <Times creation="2026-09-06T21:35:47.2585087+01:00" queuing="2026-09-06T21:35:47.2585092+01:00" start="2026-09-06T21:35:45.7168837+01:00" finish="2026-09-06T21:35:47.4262360+01:00" />
  <TestSettings name="default" id="c2374a2e-a570-4b19-9aac-677f6d15c8d7">
    <Deployment runDeploymentRoot="Luis.Magalhaes_MS_A112_2026-09-06_21_35_47" />
  </TestSettings>
  <Results>
    <UnitTestResult executionId="218dfab4-e74d-4e96-a4b6-e1aa4cc5470a" testId="fbae3f20-7e16-c4af-f073-b658d1a2d777" testName="Erp.Sales.Tests.ProductServiceTests.CreateAsync_stores_a_trimmed_active_product" computerName="MS_A112" duration="00:00:00.0090524" startTime="2026-09-06T21:35:47.2821727+01:00" endTime="2026-09-06T21:35:47.2912257+01:00" testType="13cdc9d9-ddb5-4fa4-a97d-d965ccfc6d4b" outcome="Passed" testListId="8c84fa94-04c1-424b-9868-57a2d4851a1d" relativeResultsDirectory="218dfab4-e74d-4e96-a4b6-e1aa4cc5470a" />
    <UnitTestResult executionId="18be3817-3a5d-4abd-b061-20b2d79e32c3" testId="710a8c4f-44da-a426-db79-97ee9fa7c49f" testName="Erp.Sales.Tests.SalesDocumentServiceTests.VoidAsync_returns_null_for_an_unknown_document" computerName="MS_A112" duration="00:00:00.0019593" startTime="2026-09-06T21:35:47.3125123+01:00" endTime="2026-09-06T21:35:47.3141091+01:00" testType="13cdc9d9-ddb5-4fa4-a97d-d965ccfc6d4b" outcome="Passed" testListId="8c84fa94-04c1-424b-9868-57a2d4851a1d" relativeResultsDirectory="18be3817-3a5d-4abd-b061-20b2d79e32c3" />
    <UnitTestResult executionId="deeeffbd-da7a-4a6c-923a-65855a016321" testId="852c277e-b833-2c85-98fe-2b89e56c3fe2" testName="Erp.Sales.Tests.SalesDocumentServiceTests.IssueAsync_commits_the_transaction_once_everything_succeeded" computerName="MS_A112" duration="00:00:00.0013504" startTime="2026-09-06T21:35:47.3338086+01:00" endTime="2026-09-06T21:35:47.3350198+01:00" testType="13cdc9d9-ddb5-4fa4-a97d-d965ccfc6d4b" outcome="Passed" testListId="8c84fa94-04c1-424b-9868-57a2d4851a1d" relativeResultsDirectory="deeeffbd-da7a-4a6c-923a-65855a016321" />
    <UnitTestResult executionId="c67f2bf6-253f-476a-8521-77929b366d5f" testId="4721bfb9-7cb7-a14f-2464-1869c35f4274" testName="Erp.Sales.Tests.ProductServiceTests.CreateAsync_rejects_a_negative_price" computerName="MS_A112" duration="00:00:00.0014777" startTime="2026-09-06T21:35:47.2914597+01:00" endTime="2026-09-06T21:35:47.2927767+01:00" testType="13cdc9d9-ddb5-4fa4-a97d-d965ccfc6d4b" outcome="Passed" testListId="8c84fa94-04c1-424b-9868-57a2d4851a1d" relativeResultsDirectory="c67f2bf6-253f-476a-8521-77929b366d5f" />
    <UnitTestResult executionId="b6af734a-e055-461c-abf4-3c7e92196e7d" testId="03467037-0c07-a80f-280a-155c0234ad2d" testName="Erp.Sales.Tests.SeriesServiceTests.CreateAsync_rejects_a_duplicate_series_for_the_same_document_type" computerName="MS_A112" duration="00:00:00.0022517" startTime="2026-09-06T21:35:47.2820114+01:00" endTime="2026-09-06T21:35:47.2841597+01:00" testType="13cdc9d9-ddb5-4fa4-a97d-d965ccfc6d4b" outcome="Passed" testListId="8c84fa94-04c1-424b-9868-57a2d4851a1d" relativeResultsDirectory="b6af734a-e055-461c-abf4-3c7e92196e7d" />
    <UnitTestResult executionId="836922e9-32fc-46ac-973e-8e209985279c" testId="87b61a66-4190-ae10-70fd-9e06ae1b3e68" testName="Erp.Sales.Tests.SeriesTests.Communicate_rejects_an_empty_validation_code" computerName="MS_A112" duration="00:00:00.0104735" startTime="2026-09-06T21:35:47.1486549+01:00" endTime="2026-09-06T21:35:47.1487048+01:00" testType="13cdc9d9-ddb5-4fa4-a97d-d965ccfc6d4b" outcome="Passed" testListId="8c84fa94-04c1-424b-9868-57a2d4851a1d" relativeResultsDirectory="836922e9-32fc-46ac-973e-8e209985279c" />
    <UnitTestResult executionId="57dc8258-1f34-4ca2-aa87-db9a29d10784" testId="09bfef10-3166-631f-8b2e-66c8aadd1926" testName="Erp.Sales.Tests.SalesDocumentServiceTests.VoidAsync_writes_a_status_change_without_touching_the_document_header" computerName="MS_A112" duration="00:00:00.0016697" startTime="2026-09-06T21:35:47.3401335+01:00" endTime="2026-09-06T21:35:47.3416725+01:00" testType="13cdc9d9-ddb5-4fa4-a97d-d965ccfc6d4b" outcome="Passed" testListId="8c84fa94-04c1-424b-9868-57a2d4851a1d" relativeResultsDirectory="57dc8258-1f34-4ca2-aa87-db9a29d10784" />
    <UnitTestResult executionId="39297f1e-707f-40c6-889f-a68b2d156758" testId="ca098ff0-a835-983d-4a0a-59934b28bc6c" testName="Erp.Sales.Tests.SalesDocumentServiceTests.IssueAsync_numbers_the_document_from_the_series" computerName="MS_A112" duration="00:00:00.0015862" startTime="2026-09-06T21:35:47.3303731+01:00" endTime="2026-09-06T21:35:47.3318501+01:00" testType="13cdc9d9-ddb5-4fa4-a97d-d965ccfc6d4b" outcome="Passed" testListId="8c84fa94-04c1-424b-9868-57a2d4851a1d" relativeResultsDirectory="39297f1e-707f-40c6-889f-a68b2d156758" />
    <UnitTestResult executionId="5e1bfb7a-f4c9-4a5b-9ad9-350e85583555" testId="b69d3461-d833-3aad-2481-3d6152e1ef57" testName="Erp.Sales.Tests.SeriesTests.Finalize_is_idempotent_and_keeps_the_first_timestamp" computerName="MS_A112" duration="00:00:00.0015933" startTime="2026-09-06T21:35:47.1484213+01:00" endTime="2026-09-06T21:35:47.1484931+01:00" testType="13cdc9d9-ddb5-4fa4-a97d-d965ccfc6d4b" outcome="Passed" testListId="8c84fa94-04c1-424b-9868-57a2d4851a1d" relativeResultsDirectory="5e1bfb7a-f4c9-4a5b-9ad9-350e85583555" />
    <UnitTestResult executionId="8c7b841c-e161-460c-be18-9007b6d63806" testId="6eeeed76-1b6e-ba53-9913-ffd4c076b93e" testName="Erp.Sales.Tests.ProductServiceTests.CreateAsync_rejects_values_outside_the_saft_tables(productType: &quot;P&quot;, taxCode: &quot;NOR&quot;, region: &quot;ES&quot;)" computerName="MS_A112" duration="00:00:00.1364225" startTime="2026-09-06T21:35:47.0930755+01:00" endTime="2026-09-06T21:35:47.2300835+01:00" testType="13cdc9d9-ddb5-4fa4-a97d-d965ccfc6d4b" outcome="Passed" testListId="8c84fa94-04c1-424b-9868-57a2d4851a1d" relativeResultsDirectory="8c7b841c-e161-460c-be18-9007b6d63806" />
    <UnitTestResult executionId="59b62fb7-06b2-49a0-bfae-8d38f1eb36f5" testId="23bdfd81-0d99-3737-75ac-93347f3cfdbd" testName="Erp.Sales.Tests.SalesDocumentServiceTests.IssueAsync_computes_totals_from_the_lines" computerName="MS_A112" duration="00:00:00.0013779" startTime="2026-09-06T21:35:47.3107647+01:00" endTime="2026-09-06T21:35:47.3122987+01:00" testType="13cdc9d9-ddb5-4fa4-a97d-d965ccfc6d4b" outcome="Passed" testListId="8c84fa94-04c1-424b-9868-57a2d4851a1d" relativeResultsDirectory="59b62fb7-06b2-49a0-bfae-8d38f1eb36f5" />
    <UnitTestResult executionId="10746509-d661-4a9e-9639-45113f71c688" testId="297dc6de-8c63-1c75-ea04-29ce8d658b85" testName="Erp.Sales.Tests.ProductServiceTests.UpdateAsync_returns_null_for_an_unknown_product" computerName="MS_A112" duration="00:00:00.0105869" startTime="2026-09-06T21:35:47.2457568+01:00" endTime="2026-09-06T21:35:47.2563357+01:00" testType="13cdc9d9-ddb5-4fa4-a97d-d965ccfc6d4b" outcome="Passed" testListId="8c84fa94-04c1-424b-9868-57a2d4851a1d" relativeResultsDirectory="10746509-d661-4a9e-9639-45113f71c688" />
    <UnitTestResult executionId="3d8421b1-e737-4a79-a918-29892523c72c" testId="969c9bb7-24a7-42fd-80b3-de3888ff05e1" testName="Erp.Sales.Tests.SalesDocumentServiceTests.IssueAsync_does_not_advance_the_series_when_the_document_is_rejected" computerName="MS_A112" duration="00:00:00.0017433" startTime="2026-09-06T21:35:47.3352310+01:00" endTime="2026-09-06T21:35:47.3368876+01:00" testType="13cdc9d9-ddb5-4fa4-a97d-d965ccfc6d4b" outcome="Passed" testListId="8c84fa94-04c1-424b-9868-57a2d4851a1d" relativeResultsDirectory="3d8421b1-e737-4a79-a918-29892523c72c" />
    <UnitTestResult executionId="d3b0610c-fd07-40c0-a921-51b52cbde1d0" testId="958f53fd-19b0-c441-3a59-bccbceb7c46f" testName="Erp.Sales.Tests.SalesDocumentServiceTests.IssueAsync_records_the_system_entry_date_with_second_precision" computerName="MS_A112" duration="00:00:00.2099617" startTime="2026-09-06T21:35:47.0905868+01:00" endTime="2026-09-06T21:35:47.3036630+01:00" testType="13cdc9d9-ddb5-4fa4-a97d-d965ccfc6d4b" outcome="Passed" testListId="8c84fa94-04c1-424b-9868-57a2d4851a1d" relativeResultsDirectory="d3b0610c-fd07-40c0-a921-51b52cbde1d0" />
    <UnitTestResult executionId="c8b9a884-b010-4f3d-a760-0f85d6cd392b" testId="ddc837cd-e574-5176-d5a5-61ff8cef2447" testName="Erp.Sales.Tests.ProductServiceTests.CreateAsync_rejects_a_duplicate_code_in_the_same_company" computerName="MS_A112" duration="00:00:00.0155320" startTime="2026-09-06T21:35:47.2666296+01:00" endTime="2026-09-06T21:35:47.2820619+01:00" testType="13cdc9d9-ddb5-4fa4-a97d-d965ccfc6d4b" outcome="Passed" testListId="8c84fa94-04c1-424b-9868-57a2d4851a1d" relativeResultsDirectory="c8b9a884-b010-4f3d-a760-0f85d6cd392b" />
    <UnitTestResult executionId="aa25105f-3384-44b6-8af1-2644cfc7ad1b" testId="545e7936-8b17-49e1-a63f-ba63ebd4e9af" testName="Erp.Sales.Tests.SeriesTests.TakeNextSequence_honours_the_initial_sequence" computerName="MS_A112" duration="00:00:00.0014226" startTime="2026-09-06T21:35:47.1490453+01:00" endTime="2026-09-06T21:35:47.1491097+01:00" testType="13cdc9d9-ddb5-4fa4-a97d-d965ccfc6d4b" outcome="Passed" testListId="8c84fa94-04c1-424b-9868-57a2d4851a1d" relativeResultsDirectory="aa25105f-3384-44b6-8af1-2644cfc7ad1b" />
    <UnitTestResult executionId="5f0bfce9-ae53-4e65-9249-8cb233e31882" testId="b34e6f78-34e1-16c8-79a5-852845bae77a" testName="Erp.Sales.Tests.SeriesTests.TakeNextSequence_produces_consecutive_numbers" computerName="MS_A112" duration="00:00:00.0287101" startTime="2026-09-06T21:35:47.0931116+01:00" endTime="2026-09-06T21:35:47.1306011+01:00" testType="13cdc9d9-ddb5-4fa4-a97d-d965ccfc6d4b" outcome="Passed" testListId="8c84fa94-04c1-424b-9868-57a2d4851a1d" relativeResultsDirectory="5f0bfce9-ae53-4e65-9249-8cb233e31882" />
    <UnitTestResult executionId="0967e048-e7e4-470b-8f49-b49efa7ccc24" testId="0790b5d9-18d7-9aa8-4ec9-6f6095a7fc03" testName="Erp.Sales.Tests.SalesDocumentServiceTests.IssueAsync_refuses_a_document_without_lines" computerName="MS_A112" duration="00:00:00.0017985" startTime="2026-09-06T21:35:47.3164522+01:00" endTime="2026-09-06T21:35:47.3181452+01:00" testType="13cdc9d9-ddb5-4fa4-a97d-d965ccfc6d4b" outcome="Passed" testListId="8c84fa94-04c1-424b-9868-57a2d4851a1d" relativeResultsDirectory="0967e048-e7e4-470b-8f49-b49efa7ccc24" />
    <UnitTestResult executionId="acc73a91-bbd4-4fc9-a8f6-b3b6472f6ca9" testId="1f1d8348-84cb-6dbc-72b3-2dc1d40b8e8f" testName="Erp.Sales.Tests.SalesDocumentServiceTests.IssueAsync_locks_the_series_row_instead_of_reading_it_normally" computerName="MS_A112" duration="00:00:00.0020082" startTime="2026-09-06T21:35:47.3143304+01:00" endTime="2026-09-06T21:35:47.3162427+01:00" testType="13cdc9d9-ddb5-4fa4-a97d-d965ccfc6d4b" outcome="Passed" testListId="8c84fa94-04c1-424b-9868-57a2d4851a1d" relativeResultsDirectory="acc73a91-bbd4-4fc9-a8f6-b3b6472f6ca9" />
    <UnitTestResult executionId="e67d7f6c-0654-4414-9168-f9a54d1b3bb5" testId="d749a5f1-5a19-9486-047d-3096466e180b" testName="Erp.Sales.Tests.ProductServiceTests.UpdateAsync_never_changes_the_product_code" computerName="MS_A112" duration="00:00:00.0010541" startTime="2026-09-06T21:35:47.2929613+01:00" endTime="2026-09-06T21:35:47.2939091+01:00" testType="13cdc9d9-ddb5-4fa4-a97d-d965ccfc6d4b" outcome="Passed" testListId="8c84fa94-04c1-424b-9868-57a2d4851a1d" relativeResultsDirectory="e67d7f6c-0654-4414-9168-f9a54d1b3bb5" />
    <UnitTestResult executionId="4e1833fb-fcf1-4ab6-b01f-3790d94deaee" testId="d7af8a15-7994-1a94-47ff-d30988135dd0" testName="Erp.Sales.Tests.ProductServiceTests.CreateAsync_rejects_values_outside_the_saft_tables(productType: &quot;P&quot;, taxCode: &quot;XXX&quot;, region: &quot;PT&quot;)" computerName="MS_A112" duration="00:00:00.0005305" startTime="2026-09-06T21:35:47.2448893+01:00" endTime="2026-09-06T21:35:47.2455651+01:00" testType="13cdc9d9-ddb5-4fa4-a97d-d965ccfc6d4b" outcome="Passed" testListId="8c84fa94-04c1-424b-9868-57a2d4851a1d" relativeResultsDirectory="4e1833fb-fcf1-4ab6-b01f-3790d94deaee" />
    <UnitTestResult executionId="d3554354-d918-4ee1-a7d5-8fb528ae9b2a" testId="2d50f6e7-8013-42ac-5735-c9e10516ff49" testName="Erp.Sales.Tests.SalesDocumentServiceTests.IssueAsync_refuses_a_line_without_a_positive_quantity" computerName="MS_A112" duration="00:00:00.0018621" startTime="2026-09-06T21:35:47.3242014+01:00" endTime="2026-09-06T21:35:47.3259498+01:00" testType="13cdc9d9-ddb5-4fa4-a97d-d965ccfc6d4b" outcome="Passed" testListId="8c84fa94-04c1-424b-9868-57a2d4851a1d" relativeResultsDirectory="d3554354-d918-4ee1-a7d5-8fb528ae9b2a" />
    <UnitTestResult executionId="c77d9d73-8175-47e1-b374-4f169a0de454" testId="b5369568-d026-4e86-5e71-ea2dd5cdc92d" testName="Erp.Sales.Tests.ProductServiceTests.CreateAsync_rejects_values_outside_the_saft_tables(productType: &quot;X&quot;, taxCode: &quot;NOR&quot;, region: &quot;PT&quot;)" computerName="MS_A112" duration="00:00:00.0138799" startTime="2026-09-06T21:35:47.2302638+01:00" endTime="2026-09-06T21:35:47.2440943+01:00" testType="13cdc9d9-ddb5-4fa4-a97d-d965ccfc6d4b" outcome="Passed" testListId="8c84fa94-04c1-424b-9868-57a2d4851a1d" relativeResultsDirectory="c77d9d73-8175-47e1-b374-4f169a0de454" />
    <UnitTestResult executionId="09587d25-1638-4ee1-9cad-3c74fd2f6f9b" testId="2b704b46-9a78-17c0-0a02-699297d7c10a" testName="Erp.Sales.Tests.SeriesServiceTests.CommunicateAsync_returns_null_for_an_unknown_series" computerName="MS_A112" duration="00:00:00.0007714" startTime="2026-09-06T21:35:47.2843908+01:00" endTime="2026-09-06T21:35:47.2849810+01:00" testType="13cdc9d9-ddb5-4fa4-a97d-d965ccfc6d4b" outcome="Passed" testListId="8c84fa94-04c1-424b-9868-57a2d4851a1d" relativeResultsDirectory="09587d25-1638-4ee1-9cad-3c74fd2f6f9b" />
    <UnitTestResult executionId="65ad6171-14e0-4481-b910-66586eb84250" testId="99cc6cf9-cfb2-87d8-52ff-c8a5285fe1b3" testName="Erp.Sales.Tests.SalesDocumentServiceTests.IssueAsync_refuses_a_series_from_another_company" computerName="MS_A112" duration="00:00:00.0019101" startTime="2026-09-06T21:35:47.3070508+01:00" endTime="2026-09-06T21:35:47.3088267+01:00" testType="13cdc9d9-ddb5-4fa4-a97d-d965ccfc6d4b" outcome="Passed" testListId="8c84fa94-04c1-424b-9868-57a2d4851a1d" relativeResultsDirectory="65ad6171-14e0-4481-b910-66586eb84250" />
    <UnitTestResult executionId="694f3c1b-7dc1-4b60-9cca-e4423cb2b628" testId="428e9b60-d472-6d9c-07d2-781f00ae3fe9" testName="Erp.Sales.Tests.SeriesTests.TakeNextSequence_fails_on_a_finalized_series" computerName="MS_A112" duration="00:00:00.0015229" startTime="2026-09-06T21:35:47.1488319+01:00" endTime="2026-09-06T21:35:47.1488973+01:00" testType="13cdc9d9-ddb5-4fa4-a97d-d965ccfc6d4b" outcome="Passed" testListId="8c84fa94-04c1-424b-9868-57a2d4851a1d" relativeResultsDirectory="694f3c1b-7dc1-4b60-9cca-e4423cb2b628" />
    <UnitTestResult executionId="0957858d-e23f-493b-b43d-cc1a55d8371c" testId="1a1acb16-0e91-c277-8655-878b3f491985" testName="Erp.Sales.Tests.SalesDocumentServiceTests.IssueAsync_groups_taxes_by_rate_for_the_qr_code" computerName="MS_A112" duration="00:00:00.0028881" startTime="2026-09-06T21:35:47.3371084+01:00" endTime="2026-09-06T21:35:47.3399141+01:00" testType="13cdc9d9-ddb5-4fa4-a97d-d965ccfc6d4b" outcome="Passed" testListId="8c84fa94-04c1-424b-9868-57a2d4851a1d" relativeResultsDirectory="0957858d-e23f-493b-b43d-cc1a55d8371c" />
    <UnitTestResult executionId="468b46aa-55c8-4832-9b39-97c1f273bbbc" testId="c9c08986-4c31-5628-b45b-6fa42782d046" testName="Erp.Sales.Tests.SeriesTests.TakeNextSequence_fails_before_the_series_is_communicated" computerName="MS_A112" duration="00:00:00.0007004" startTime="2026-09-06T21:35:47.2054602+01:00" endTime="2026-09-06T21:35:47.2055538+01:00" testType="13cdc9d9-ddb5-4fa4-a97d-d965ccfc6d4b" outcome="Passed" testListId="8c84fa94-04c1-424b-9868-57a2d4851a1d" relativeResultsDirectory="468b46aa-55c8-4832-9b39-97c1f273bbbc" />
    <UnitTestResult executionId="9b2becec-163a-4104-bbc1-20e4d9eddffa" testId="b3d7a788-dd39-1500-4f62-33b784f79f38" testName="Erp.Sales.Tests.SalesDocumentServiceTests.IssueAsync_refuses_an_exempt_line_without_a_reason" computerName="MS_A112" duration="00:00:00.0030810" startTime="2026-09-06T21:35:47.3048788+01:00" endTime="2026-09-06T21:35:47.3068328+01:00" testType="13cdc9d9-ddb5-4fa4-a97d-d965ccfc6d4b" outcome="Passed" testListId="8c84fa94-04c1-424b-9868-57a2d4851a1d" relativeResultsDirectory="9b2becec-163a-4104-bbc1-20e4d9eddffa" />
    <UnitTestResult executionId="9d6a00df-50a8-4ef8-8bfd-f0fa451c991d" testId="eeacc949-34bc-d98c-3f87-da4867e53e14" testName="Erp.Sales.Tests.SeriesServiceTests.CreateAsync_rejects_an_unsupported_document_type" computerName="MS_A112" duration="00:00:00.0016009" startTime="2026-09-06T21:35:47.2851611+01:00" endTime="2026-09-06T21:35:47.2867007+01:00" testType="13cdc9d9-ddb5-4fa4-a97d-d965ccfc6d4b" outcome="Passed" testListId="8c84fa94-04c1-424b-9868-57a2d4851a1d" relativeResultsDirectory="9d6a00df-50a8-4ef8-8bfd-f0fa451c991d" />
    <UnitTestResult executionId="45aeb295-8931-407e-8034-9ec409f9501e" testId="11871eed-bd84-6eb7-2392-9305b4768236" testName="Erp.Sales.Tests.SeriesTests.TakeNextSequence_moves_the_series_to_active" computerName="MS_A112" duration="00:00:00.0014166" startTime="2026-09-06T21:35:47.1474212+01:00" endTime="2026-09-06T21:35:47.1475125+01:00" testType="13cdc9d9-ddb5-4fa4-a97d-d965ccfc6d4b" outcome="Passed" testListId="8c84fa94-04c1-424b-9868-57a2d4851a1d" relativeResultsDirectory="45aeb295-8931-407e-8034-9ec409f9501e" />
    <UnitTestResult executionId="53d7f7c2-cfe8-45d5-bd3a-81e7dbdfe5dc" testId="3ccd2f78-eae3-32e6-91dd-a0bc84cb2169" testName="Erp.Sales.Tests.SalesDocumentServiceTests.IssueAsync_refuses_a_series_without_a_validation_code" computerName="MS_A112" duration="00:00:00.0040806" startTime="2026-09-06T21:35:47.3270423+01:00" endTime="2026-09-06T21:35:47.3301523+01:00" testType="13cdc9d9-ddb5-4fa4-a97d-d965ccfc6d4b" outcome="Passed" testListId="8c84fa94-04c1-424b-9868-57a2d4851a1d" relativeResultsDirectory="53d7f7c2-cfe8-45d5-bd3a-81e7dbdfe5dc" />
    <UnitTestResult executionId="6e534f03-eeca-496c-be47-622ad7336a21" testId="cae51c93-c200-1905-89cc-7e2dc368c867" testName="Erp.Sales.Tests.SalesDocumentServiceTests.IssueAsync_chains_the_document_to_the_previous_hash_of_the_series" computerName="MS_A112" duration="00:00:00.0016155" startTime="2026-09-06T21:35:47.3320689+01:00" endTime="2026-09-06T21:35:47.3335907+01:00" testType="13cdc9d9-ddb5-4fa4-a97d-d965ccfc6d4b" outcome="Passed" testListId="8c84fa94-04c1-424b-9868-57a2d4851a1d" relativeResultsDirectory="6e534f03-eeca-496c-be47-622ad7336a21" />
    <UnitTestResult executionId="83159cfb-cb9b-4177-9cad-25973f994ca5" testId="37b4b9f7-3996-2b14-e3c5-ecf898735bc8" testName="Erp.Sales.Tests.ProductServiceTests.UpdateAsync_changes_the_description_price_and_state" computerName="MS_A112" duration="00:00:00.0100433" startTime="2026-09-06T21:35:47.2565777+01:00" endTime="2026-09-06T21:35:47.2664325+01:00" testType="13cdc9d9-ddb5-4fa4-a97d-d965ccfc6d4b" outcome="Passed" testListId="8c84fa94-04c1-424b-9868-57a2d4851a1d" relativeResultsDirectory="83159cfb-cb9b-4177-9cad-25973f994ca5" />
    <UnitTestResult executionId="f134a3a1-c7e6-4f35-8a5a-441a23c72992" testId="c1658238-aed2-0003-e4db-b5002f57f055" testName="Erp.Sales.Tests.SeriesServiceTests.CommunicateAsync_refuses_a_finalized_series" computerName="MS_A112" duration="00:00:00.0099848" startTime="2026-09-06T21:35:47.2725183+01:00" endTime="2026-09-06T21:35:47.2817872+01:00" testType="13cdc9d9-ddb5-4fa4-a97d-d965ccfc6d4b" outcome="Passed" testListId="8c84fa94-04c1-424b-9868-57a2d4851a1d" relativeResultsDirectory="f134a3a1-c7e6-4f35-8a5a-441a23c72992" />
    <UnitTestResult executionId="7e4dab17-c465-4fee-b27b-7cc1ce11fde2" testId="19b5fce9-34f5-b107-aade-706b3bdb177c" testName="Erp.Sales.Tests.SeriesServiceTests.CommunicateAsync_stores_the_validation_code_and_unlocks_issuing" computerName="MS_A112" duration="00:00:00.1720419" startTime="2026-09-06T21:35:47.0929724+01:00" endTime="2026-09-06T21:35:47.2657459+01:00" testType="13cdc9d9-ddb5-4fa4-a97d-d965ccfc6d4b" outcome="Passed" testListId="8c84fa94-04c1-424b-9868-57a2d4851a1d" relativeResultsDirectory="7e4dab17-c465-4fee-b27b-7cc1ce11fde2" />
    <UnitTestResult executionId="28b8fd6c-556e-4757-81fa-4017ec6cd0c5" testId="8d75731a-c137-d1af-5ad3-f2cd1a38d96a" testName="Erp.Sales.Tests.SalesDocumentServiceTests.IssueAsync_signs_the_gross_total_that_is_persisted" computerName="MS_A112" duration="00:00:00.0016207" startTime="2026-09-06T21:35:47.3090195+01:00" endTime="2026-09-06T21:35:47.3105583+01:00" testType="13cdc9d9-ddb5-4fa4-a97d-d965ccfc6d4b" outcome="Passed" testListId="8c84fa94-04c1-424b-9868-57a2d4851a1d" relativeResultsDirectory="28b8fd6c-556e-4757-81fa-4017ec6cd0c5" />
    <UnitTestResult executionId="b3929c0a-27a8-49e2-a311-9734156031d0" testId="0f6e559b-df0e-fe2c-a2d9-8f66512f0539" testName="Erp.Sales.Tests.SeriesServiceTests.CreateAsync_starts_the_series_unable_to_issue" computerName="MS_A112" duration="00:00:00.0021287" startTime="2026-09-06T21:35:47.2722320+01:00" endTime="2026-09-06T21:35:47.2723155+01:00" testType="13cdc9d9-ddb5-4fa4-a97d-d965ccfc6d4b" outcome="Passed" testListId="8c84fa94-04c1-424b-9868-57a2d4851a1d" relativeResultsDirectory="b3929c0a-27a8-49e2-a311-9734156031d0" />
    <UnitTestResult executionId="f915733e-1a39-499d-ab8f-8b565ff119bf" testId="a6cd94a0-13b3-d895-e9c4-8a6f20ebf4fd" testName="Erp.Sales.Tests.SeriesServiceTests.CreateAsync_rejects_an_empty_series_code" computerName="MS_A112" duration="00:00:00.0036026" startTime="2026-09-06T21:35:47.2660093+01:00" endTime="2026-09-06T21:35:47.2695401+01:00" testType="13cdc9d9-ddb5-4fa4-a97d-d965ccfc6d4b" outcome="Passed" testListId="8c84fa94-04c1-424b-9868-57a2d4851a1d" relativeResultsDirectory="f915733e-1a39-499d-ab8f-8b565ff119bf" />
    <UnitTestResult executionId="b85fe835-bedc-449d-b9cd-38371a6987e1" testId="14dd732a-785d-acc0-3562-74dfacfffc61" testName="Erp.Sales.Tests.SalesDocumentServiceTests.VoidAsync_refuses_to_void_the_same_document_twice" computerName="MS_A112" duration="00:00:00.0057378" startTime="2026-09-06T21:35:47.3183528+01:00" endTime="2026-09-06T21:35:47.3239924+01:00" testType="13cdc9d9-ddb5-4fa4-a97d-d965ccfc6d4b" outcome="Passed" testListId="8c84fa94-04c1-424b-9868-57a2d4851a1d" relativeResultsDirectory="b85fe835-bedc-449d-b9cd-38371a6987e1" />
  </Results>
  <TestDefinitions>
    <UnitTest name="Erp.Sales.Tests.ProductServiceTests.UpdateAsync_returns_null_for_an_unknown_product" storage="c:\git\erp\tests\erp.sales.tests\bin\release\net10.0\erp.sales.tests.dll" id="297dc6de-8c63-1c75-ea04-29ce8d658b85">
      <Execution id="10746509-d661-4a9e-9639-45113f71c688" />
      <TestMethod codeBase="C:\Git\erp\tests\Erp.Sales.Tests\bin\Release\net10.0\Erp.Sales.Tests.dll" adapterTypeName="executor://xunit/VsTestRunner3/netcore/" className="Erp.Sales.Tests.ProductServiceTests" name="UpdateAsync_returns_null_for_an_unknown_product" />
    </UnitTest>
    <UnitTest name="Erp.Sales.Tests.ProductServiceTests.CreateAsync_rejects_a_negative_price" storage="c:\git\erp\tests\erp.sales.tests\bin\release\net10.0\erp.sales.tests.dll" id="4721bfb9-7cb7-a14f-2464-1869c35f4274">
      <Execution id="c67f2bf6-253f-476a-8521-77929b366d5f" />
      <TestMethod codeBase="C:\Git\erp\tests\Erp.Sales.Tests\bin\Release\net10.0\Erp.Sales.Tests.dll" adapterTypeName="executor://xunit/VsTestRunner3/netcore/" className="Erp.Sales.Tests.ProductServiceTests" name="CreateAsync_rejects_a_negative_price" />
    </UnitTest>
    <UnitTest name="Erp.Sales.Tests.ProductServiceTests.CreateAsync_stores_a_trimmed_active_product" storage="c:\git\erp\tests\erp.sales.tests\bin\release\net10.0\erp.sales.tests.dll" id="fbae3f20-7e16-c4af-f073-b658d1a2d777">
      <Execution id="218dfab4-e74d-4e96-a4b6-e1aa4cc5470a" />
      <TestMethod codeBase="C:\Git\erp\tests\Erp.Sales.Tests\bin\Release\net10.0\Erp.Sales.Tests.dll" adapterTypeName="executor://xunit/VsTestRunner3/netcore/" className="Erp.Sales.Tests.ProductServiceTests" name="CreateAsync_stores_a_trimmed_active_product" />
    </UnitTest>
    <UnitTest name="Erp.Sales.Tests.SalesDocumentServiceTests.VoidAsync_returns_null_for_an_unknown_document" storage="c:\git\erp\tests\erp.sales.tests\bin\release\net10.0\erp.sales.tests.dll" id="710a8c4f-44da-a426-db79-97ee9fa7c49f">
      <Execution id="18be3817-3a5d-4abd-b061-20b2d79e32c3" />
      <TestMethod codeBase="C:\Git\erp\tests\Erp.Sales.Tests\bin\Release\net10.0\Erp.Sales.Tests.dll" adapterTypeName="executor://xunit/VsTestRunner3/netcore/" className="Erp.Sales.Tests.SalesDocumentServiceTests" name="VoidAsync_returns_null_for_an_unknown_document" />
    </UnitTest>
    <UnitTest name="Erp.Sales.Tests.SalesDocumentServiceTests.VoidAsync_refuses_to_void_the_same_document_twice" storage="c:\git\erp\tests\erp.sales.tests\bin\release\net10.0\erp.sales.tests.dll" id="14dd732a-785d-acc0-3562-74dfacfffc61">
      <Execution id="b85fe835-bedc-449d-b9cd-38371a6987e1" />
      <TestMethod codeBase="C:\Git\erp\tests\Erp.Sales.Tests\bin\Release\net10.0\Erp.Sales.Tests.dll" adapterTypeName="executor://xunit/VsTestRunner3/netcore/" className="Erp.Sales.Tests.SalesDocumentServiceTests" name="VoidAsync_refuses_to_void_the_same_document_twice" />
    </UnitTest>
    <UnitTest name="Erp.Sales.Tests.ProductServiceTests.UpdateAsync_changes_the_description_price_and_state" storage="c:\git\erp\tests\erp.sales.tests\bin\release\net10.0\erp.sales.tests.dll" id="37b4b9f7-3996-2b14-e3c5-ecf898735bc8">
      <Execution id="83159cfb-cb9b-4177-9cad-25973f994ca5" />
      <TestMethod codeBase="C:\Git\erp\tests\Erp.Sales.Tests\bin\Release\net10.0\Erp.Sales.Tests.dll" adapterTypeName="executor://xunit/VsTestRunner3/netcore/" className="Erp.Sales.Tests.ProductServiceTests" name="UpdateAsync_changes_the_description_price_and_state" />
    </UnitTest>
    <UnitTest name="Erp.Sales.Tests.SeriesTests.TakeNextSequence_moves_the_series_to_active" storage="c:\git\erp\tests\erp.sales.tests\bin\release\net10.0\erp.sales.tests.dll" id="11871eed-bd84-6eb7-2392-9305b4768236">
      <Execution id="45aeb295-8931-407e-8034-9ec409f9501e" />
      <TestMethod codeBase="C:\Git\erp\tests\Erp.Sales.Tests\bin\Release\net10.0\Erp.Sales.Tests.dll" adapterTypeName="executor://xunit/VsTestRunner3/netcore/" className="Erp.Sales.Tests.SeriesTests" name="TakeNextSequence_moves_the_series_to_active" />
    </UnitTest>
    <UnitTest name="Erp.Sales.Tests.SalesDocumentServiceTests.IssueAsync_commits_the_transaction_once_everything_succeeded" storage="c:\git\erp\tests\erp.sales.tests\bin\release\net10.0\erp.sales.tests.dll" id="852c277e-b833-2c85-98fe-2b89e56c3fe2">
      <Execution id="deeeffbd-da7a-4a6c-923a-65855a016321" />
      <TestMethod codeBase="C:\Git\erp\tests\Erp.Sales.Tests\bin\Release\net10.0\Erp.Sales.Tests.dll" adapterTypeName="executor://xunit/VsTestRunner3/netcore/" className="Erp.Sales.Tests.SalesDocumentServiceTests" name="IssueAsync_commits_the_transaction_once_everything_succeeded" />
    </UnitTest>
    <UnitTest name="Erp.Sales.Tests.SalesDocumentServiceTests.IssueAsync_groups_taxes_by_rate_for_the_qr_code" storage="c:\git\erp\tests\erp.sales.tests\bin\release\net10.0\erp.sales.tests.dll" id="1a1acb16-0e91-c277-8655-878b3f491985">
      <Execution id="0957858d-e23f-493b-b43d-cc1a55d8371c" />
      <TestMethod codeBase="C:\Git\erp\tests\Erp.Sales.Tests\bin\Release\net10.0\Erp.Sales.Tests.dll" adapterTypeName="executor://xunit/VsTestRunner3/netcore/" className="Erp.Sales.Tests.SalesDocumentServiceTests" name="IssueAsync_groups_taxes_by_rate_for_the_qr_code" />
    </UnitTest>
    <UnitTest name="Erp.Sales.Tests.SalesDocumentServiceTests.IssueAsync_refuses_a_series_from_another_company" storage="c:\git\erp\tests\erp.sales.tests\bin\release\net10.0\erp.sales.tests.dll" id="99cc6cf9-cfb2-87d8-52ff-c8a5285fe1b3">
      <Execution id="65ad6171-14e0-4481-b910-66586eb84250" />
      <TestMethod codeBase="C:\Git\erp\tests\Erp.Sales.Tests\bin\Release\net10.0\Erp.Sales.Tests.dll" adapterTypeName="executor://xunit/VsTestRunner3/netcore/" className="Erp.Sales.Tests.SalesDocumentServiceTests" name="IssueAsync_refuses_a_series_from_another_company" />
    </UnitTest>
    <UnitTest name="Erp.Sales.Tests.SalesDocumentServiceTests.IssueAsync_computes_totals_from_the_lines" storage="c:\git\erp\tests\erp.sales.tests\bin\release\net10.0\erp.sales.tests.dll" id="23bdfd81-0d99-3737-75ac-93347f3cfdbd">
      <Execution id="59b62fb7-06b2-49a0-bfae-8d38f1eb36f5" />
      <TestMethod codeBase="C:\Git\erp\tests\Erp.Sales.Tests\bin\Release\net10.0\Erp.Sales.Tests.dll" adapterTypeName="executor://xunit/VsTestRunner3/netcore/" className="Erp.Sales.Tests.SalesDocumentServiceTests" name="IssueAsync_computes_totals_from_the_lines" />
    </UnitTest>
    <UnitTest name="Erp.Sales.Tests.SeriesServiceTests.CreateAsync_starts_the_series_unable_to_issue" storage="c:\git\erp\tests\erp.sales.tests\bin\release\net10.0\erp.sales.tests.dll" id="0f6e559b-df0e-fe2c-a2d9-8f66512f0539">
      <Execution id="b3929c0a-27a8-49e2-a311-9734156031d0" />
      <TestMethod codeBase="C:\Git\erp\tests\Erp.Sales.Tests\bin\Release\net10.0\Erp.Sales.Tests.dll" adapterTypeName="executor://xunit/VsTestRunner3/netcore/" className="Erp.Sales.Tests.SeriesServiceTests" name="CreateAsync_starts_the_series_unable_to_issue" />
    </UnitTest>
    <UnitTest name="Erp.Sales.Tests.SeriesServiceTests.CommunicateAsync_refuses_a_finalized_series" storage="c:\git\erp\tests\erp.sales.tests\bin\release\net10.0\erp.sales.tests.dll" id="c1658238-aed2-0003-e4db-b5002f57f055">
      <Execution id="f134a3a1-c7e6-4f35-8a5a-441a23c72992" />
      <TestMethod codeBase="C:\Git\erp\tests\Erp.Sales.Tests\bin\Release\net10.0\Erp.Sales.Tests.dll" adapterTypeName="executor://xunit/VsTestRunner3/netcore/" className="Erp.Sales.Tests.SeriesServiceTests" name="CommunicateAsync_refuses_a_finalized_series" />
    </UnitTest>
    <UnitTest name="Erp.Sales.Tests.SalesDocumentServiceTests.IssueAsync_refuses_a_document_without_lines" storage="c:\git\erp\tests\erp.sales.tests\bin\release\net10.0\erp.sales.tests.dll" id="0790b5d9-18d7-9aa8-4ec9-6f6095a7fc03">
      <Execution id="0967e048-e7e4-470b-8f49-b49efa7ccc24" />
      <TestMethod codeBase="C:\Git\erp\tests\Erp.Sales.Tests\bin\Release\net10.0\Erp.Sales.Tests.dll" adapterTypeName="executor://xunit/VsTestRunner3/netcore/" className="Erp.Sales.Tests.SalesDocumentServiceTests" name="IssueAsync_refuses_a_document_without_lines" />
    </UnitTest>
    <UnitTest name="Erp.Sales.Tests.SalesDocumentServiceTests.IssueAsync_does_not_advance_the_series_when_the_document_is_rejected" storage="c:\git\erp\tests\erp.sales.tests\bin\release\net10.0\erp.sales.tests.dll" id="969c9bb7-24a7-42fd-80b3-de3888ff05e1">
      <Execution id="3d8421b1-e737-4a79-a918-29892523c72c" />
      <TestMethod codeBase="C:\Git\erp\tests\Erp.Sales.Tests\bin\Release\net10.0\Erp.Sales.Tests.dll" adapterTypeName="executor://xunit/VsTestRunner3/netcore/" className="Erp.Sales.Tests.SalesDocumentServiceTests" name="IssueAsync_does_not_advance_the_series_when_the_document_is_rejected" />
    </UnitTest>
    <UnitTest name="Erp.Sales.Tests.SalesDocumentServiceTests.IssueAsync_refuses_an_exempt_line_without_a_reason" storage="c:\git\erp\tests\erp.sales.tests\bin\release\net10.0\erp.sales.tests.dll" id="b3d7a788-dd39-1500-4f62-33b784f79f38">
      <Execution id="9b2becec-163a-4104-bbc1-20e4d9eddffa" />
      <TestMethod codeBase="C:\Git\erp\tests\Erp.Sales.Tests\bin\Release\net10.0\Erp.Sales.Tests.dll" adapterTypeName="executor://xunit/VsTestRunner3/netcore/" className="Erp.Sales.Tests.SalesDocumentServiceTests" name="IssueAsync_refuses_an_exempt_line_without_a_reason" />
    </UnitTest>
    <UnitTest name="Erp.Sales.Tests.SalesDocumentServiceTests.IssueAsync_signs_the_gross_total_that_is_persisted" storage="c:\git\erp\tests\erp.sales.tests\bin\release\net10.0\erp.sales.tests.dll" id="8d75731a-c137-d1af-5ad3-f2cd1a38d96a">
      <Execution id="28b8fd6c-556e-4757-81fa-4017ec6cd0c5" />
      <TestMethod codeBase="C:\Git\erp\tests\Erp.Sales.Tests\bin\Release\net10.0\Erp.Sales.Tests.dll" adapterTypeName="executor://xunit/VsTestRunner3/netcore/" className="Erp.Sales.Tests.SalesDocumentServiceTests" name="IssueAsync_signs_the_gross_total_that_is_persisted" />
    </UnitTest>
    <UnitTest name="Erp.Sales.Tests.SeriesTests.TakeNextSequence_fails_before_the_series_is_communicated" storage="c:\git\erp\tests\erp.sales.tests\bin\release\net10.0\erp.sales.tests.dll" id="c9c08986-4c31-5628-b45b-6fa42782d046">
      <Execution id="468b46aa-55c8-4832-9b39-97c1f273bbbc" />
      <TestMethod codeBase="C:\Git\erp\tests\Erp.Sales.Tests\bin\Release\net10.0\Erp.Sales.Tests.dll" adapterTypeName="executor://xunit/VsTestRunner3/netcore/" className="Erp.Sales.Tests.SeriesTests" name="TakeNextSequence_fails_before_the_series_is_communicated" />
    </UnitTest>
    <UnitTest name="Erp.Sales.Tests.SeriesServiceTests.CommunicateAsync_returns_null_for_an_unknown_series" storage="c:\git\erp\tests\erp.sales.tests\bin\release\net10.0\erp.sales.tests.dll" id="2b704b46-9a78-17c0-0a02-699297d7c10a">
      <Execution id="09587d25-1638-4ee1-9cad-3c74fd2f6f9b" />
      <TestMethod codeBase="C:\Git\erp\tests\Erp.Sales.Tests\bin\Release\net10.0\Erp.Sales.Tests.dll" adapterTypeName="executor://xunit/VsTestRunner3/netcore/" className="Erp.Sales.Tests.SeriesServiceTests" name="CommunicateAsync_returns_null_for_an_unknown_series" />
    </UnitTest>
    <UnitTest name="Erp.Sales.Tests.SalesDocumentServiceTests.IssueAsync_refuses_a_series_without_a_validation_code" storage="c:\git\erp\tests\erp.sales.tests\bin\release\net10.0\erp.sales.tests.dll" id="3ccd2f78-eae3-32e6-91dd-a0bc84cb2169">
      <Execution id="53d7f7c2-cfe8-45d5-bd3a-81e7dbdfe5dc" />
      <TestMethod codeBase="C:\Git\erp\tests\Erp.Sales.Tests\bin\Release\net10.0\Erp.Sales.Tests.dll" adapterTypeName="executor://xunit/VsTestRunner3/netcore/" className="Erp.Sales.Tests.SalesDocumentServiceTests" name="IssueAsync_refuses_a_series_without_a_validation_code" />
    </UnitTest>
    <UnitTest name="Erp.Sales.Tests.ProductServiceTests.CreateAsync_rejects_a_duplicate_code_in_the_same_company" storage="c:\git\erp\tests\erp.sales.tests\bin\release\net10.0\erp.sales.tests.dll" id="ddc837cd-e574-5176-d5a5-61ff8cef2447">
      <Execution id="c8b9a884-b010-4f3d-a760-0f85d6cd392b" />
      <TestMethod codeBase="C:\Git\erp\tests\Erp.Sales.Tests\bin\Release\net10.0\Erp.Sales.Tests.dll" adapterTypeName="executor://xunit/VsTestRunner3/netcore/" className="Erp.Sales.Tests.ProductServiceTests" name="CreateAsync_rejects_a_duplicate_code_in_the_same_company" />
    </UnitTest>
    <UnitTest name="Erp.Sales.Tests.SeriesTests.TakeNextSequence_honours_the_initial_sequence" storage="c:\git\erp\tests\erp.sales.tests\bin\release\net10.0\erp.sales.tests.dll" id="545e7936-8b17-49e1-a63f-ba63ebd4e9af">
      <Execution id="aa25105f-3384-44b6-8af1-2644cfc7ad1b" />
      <TestMethod codeBase="C:\Git\erp\tests\Erp.Sales.Tests\bin\Release\net10.0\Erp.Sales.Tests.dll" adapterTypeName="executor://xunit/VsTestRunner3/netcore/" className="Erp.Sales.Tests.SeriesTests" name="TakeNextSequence_honours_the_initial_sequence" />
    </UnitTest>
    <UnitTest name="Erp.Sales.Tests.SeriesServiceTests.CreateAsync_rejects_a_duplicate_series_for_the_same_document_type" storage="c:\git\erp\tests\erp.sales.tests\bin\release\net10.0\erp.sales.tests.dll" id="03467037-0c07-a80f-280a-155c0234ad2d">
      <Execution id="b6af734a-e055-461c-abf4-3c7e92196e7d" />
      <TestMethod codeBase="C:\Git\erp\tests\Erp.Sales.Tests\bin\Release\net10.0\Erp.Sales.Tests.dll" adapterTypeName="executor://xunit/VsTestRunner3/netcore/" className="Erp.Sales.Tests.SeriesServiceTests" name="CreateAsync_rejects_a_duplicate_series_for_the_same_document_type" />
    </UnitTest>
    <UnitTest name="Erp.Sales.Tests.ProductServiceTests.CreateAsync_rejects_values_outside_the_saft_tables(productType: &quot;P&quot;, taxCode: &quot;NOR&quot;, region: &quot;ES&quot;)" storage="c:\git\erp\tests\erp.sales.tests\bin\release\net10.0\erp.sales.tests.dll" id="6eeeed76-1b6e-ba53-9913-ffd4c076b93e">
      <Execution id="8c7b841c-e161-460c-be18-9007b6d63806" />
      <TestMethod codeBase="C:\Git\erp\tests\Erp.Sales.Tests\bin\Release\net10.0\Erp.Sales.Tests.dll" adapterTypeName="executor://xunit/VsTestRunner3/netcore/" className="Erp.Sales.Tests.ProductServiceTests" name="CreateAsync_rejects_values_outside_the_saft_tables" />
    </UnitTest>
    <UnitTest name="Erp.Sales.Tests.SalesDocumentServiceTests.IssueAsync_records_the_system_entry_date_with_second_precision" storage="c:\git\erp\tests\erp.sales.tests\bin\release\net10.0\erp.sales.tests.dll" id="958f53fd-19b0-c441-3a59-bccbceb7c46f">
      <Execution id="d3b0610c-fd07-40c0-a921-51b52cbde1d0" />
      <TestMethod codeBase="C:\Git\erp\tests\Erp.Sales.Tests\bin\Release\net10.0\Erp.Sales.Tests.dll" adapterTypeName="executor://xunit/VsTestRunner3/netcore/" className="Erp.Sales.Tests.SalesDocumentServiceTests" name="IssueAsync_records_the_system_entry_date_with_second_precision" />
    </UnitTest>
    <UnitTest name="Erp.Sales.Tests.ProductServiceTests.CreateAsync_rejects_values_outside_the_saft_tables(productType: &quot;P&quot;, taxCode: &quot;XXX&quot;, region: &quot;PT&quot;)" storage="c:\git\erp\tests\erp.sales.tests\bin\release\net10.0\erp.sales.tests.dll" id="d7af8a15-7994-1a94-47ff-d30988135dd0">
      <Execution id="4e1833fb-fcf1-4ab6-b01f-3790d94deaee" />
      <TestMethod codeBase="C:\Git\erp\tests\Erp.Sales.Tests\bin\Release\net10.0\Erp.Sales.Tests.dll" adapterTypeName="executor://xunit/VsTestRunner3/netcore/" className="Erp.Sales.Tests.ProductServiceTests" name="CreateAsync_rejects_values_outside_the_saft_tables" />
    </UnitTest>
    <UnitTest name="Erp.Sales.Tests.SeriesTests.TakeNextSequence_produces_consecutive_numbers" storage="c:\git\erp\tests\erp.sales.tests\bin\release\net10.0\erp.sales.tests.dll" id="b34e6f78-34e1-16c8-79a5-852845bae77a">
      <Execution id="5f0bfce9-ae53-4e65-9249-8cb233e31882" />
      <TestMethod codeBase="C:\Git\erp\tests\Erp.Sales.Tests\bin\Release\net10.0\Erp.Sales.Tests.dll" adapterTypeName="executor://xunit/VsTestRunner3/netcore/" className="Erp.Sales.Tests.SeriesTests" name="TakeNextSequence_produces_consecutive_numbers" />
    </UnitTest>
    <UnitTest name="Erp.Sales.Tests.SeriesServiceTests.CommunicateAsync_stores_the_validation_code_and_unlocks_issuing" storage="c:\git\erp\tests\erp.sales.tests\bin\release\net10.0\erp.sales.tests.dll" id="19b5fce9-34f5-b107-aade-706b3bdb177c">
      <Execution id="7e4dab17-c465-4fee-b27b-7cc1ce11fde2" />
      <TestMethod codeBase="C:\Git\erp\tests\Erp.Sales.Tests\bin\Release\net10.0\Erp.Sales.Tests.dll" adapterTypeName="executor://xunit/VsTestRunner3/netcore/" className="Erp.Sales.Tests.SeriesServiceTests" name="CommunicateAsync_stores_the_validation_code_and_unlocks_issuing" />
    </UnitTest>
    <UnitTest name="Erp.Sales.Tests.ProductServiceTests.UpdateAsync_never_changes_the_product_code" storage="c:\git\erp\tests\erp.sales.tests\bin\release\net10.0\erp.sales.tests.dll" id="d749a5f1-5a19-9486-047d-3096466e180b">
      <Execution id="e67d7f6c-0654-4414-9168-f9a54d1b3bb5" />
      <TestMethod codeBase="C:\Git\erp\tests\Erp.Sales.Tests\bin\Release\net10.0\Erp.Sales.Tests.dll" adapterTypeName="executor://xunit/VsTestRunner3/netcore/" className="Erp.Sales.Tests.ProductServiceTests" name="UpdateAsync_never_changes_the_product_code" />
    </UnitTest>
    <UnitTest name="Erp.Sales.Tests.SeriesServiceTests.CreateAsync_rejects_an_empty_series_code" storage="c:\git\erp\tests\erp.sales.tests\bin\release\net10.0\erp.sales.tests.dll" id="a6cd94a0-13b3-d895-e9c4-8a6f20ebf4fd">
      <Execution id="f915733e-1a39-499d-ab8f-8b565ff119bf" />
      <TestMethod codeBase="C:\Git\erp\tests\Erp.Sales.Tests\bin\Release\net10.0\Erp.Sales.Tests.dll" adapterTypeName="executor://xunit/VsTestRunner3/netcore/" className="Erp.Sales.Tests.SeriesServiceTests" name="CreateAsync_rejects_an_empty_series_code" />
    </UnitTest>
    <UnitTest name="Erp.Sales.Tests.SeriesTests.Communicate_rejects_an_empty_validation_code" storage="c:\git\erp\tests\erp.sales.tests\bin\release\net10.0\erp.sales.tests.dll" id="87b61a66-4190-ae10-70fd-9e06ae1b3e68">
      <Execution id="836922e9-32fc-46ac-973e-8e209985279c" />
      <TestMethod codeBase="C:\Git\erp\tests\Erp.Sales.Tests\bin\Release\net10.0\Erp.Sales.Tests.dll" adapterTypeName="executor://xunit/VsTestRunner3/netcore/" className="Erp.Sales.Tests.SeriesTests" name="Communicate_rejects_an_empty_validation_code" />
    </UnitTest>
    <UnitTest name="Erp.Sales.Tests.SeriesTests.Finalize_is_idempotent_and_keeps_the_first_timestamp" storage="c:\git\erp\tests\erp.sales.tests\bin\release\net10.0\erp.sales.tests.dll" id="b69d3461-d833-3aad-2481-3d6152e1ef57">
      <Execution id="5e1bfb7a-f4c9-4a5b-9ad9-350e85583555" />
      <TestMethod codeBase="C:\Git\erp\tests\Erp.Sales.Tests\bin\Release\net10.0\Erp.Sales.Tests.dll" adapterTypeName="executor://xunit/VsTestRunner3/netcore/" className="Erp.Sales.Tests.SeriesTests" name="Finalize_is_idempotent_and_keeps_the_first_timestamp" />
    </UnitTest>
    <UnitTest name="Erp.Sales.Tests.SalesDocumentServiceTests.VoidAsync_writes_a_status_change_without_touching_the_document_header" storage="c:\git\erp\tests\erp.sales.tests\bin\release\net10.0\erp.sales.tests.dll" id="09bfef10-3166-631f-8b2e-66c8aadd1926">
      <Execution id="57dc8258-1f34-4ca2-aa87-db9a29d10784" />
      <TestMethod codeBase="C:\Git\erp\tests\Erp.Sales.Tests\bin\Release\net10.0\Erp.Sales.Tests.dll" adapterTypeName="executor://xunit/VsTestRunner3/netcore/" className="Erp.Sales.Tests.SalesDocumentServiceTests" name="VoidAsync_writes_a_status_change_without_touching_the_document_header" />
    </UnitTest>
    <UnitTest name="Erp.Sales.Tests.SalesDocumentServiceTests.IssueAsync_locks_the_series_row_instead_of_reading_it_normally" storage="c:\git\erp\tests\erp.sales.tests\bin\release\net10.0\erp.sales.tests.dll" id="1f1d8348-84cb-6dbc-72b3-2dc1d40b8e8f">
      <Execution id="acc73a91-bbd4-4fc9-a8f6-b3b6472f6ca9" />
      <TestMethod codeBase="C:\Git\erp\tests\Erp.Sales.Tests\bin\Release\net10.0\Erp.Sales.Tests.dll" adapterTypeName="executor://xunit/VsTestRunner3/netcore/" className="Erp.Sales.Tests.SalesDocumentServiceTests" name="IssueAsync_locks_the_series_row_instead_of_reading_it_normally" />
    </UnitTest>
    <UnitTest name="Erp.Sales.Tests.SalesDocumentServiceTests.IssueAsync_refuses_a_line_without_a_positive_quantity" storage="c:\git\erp\tests\erp.sales.tests\bin\release\net10.0\erp.sales.tests.dll" id="2d50f6e7-8013-42ac-5735-c9e10516ff49">
      <Execution id="d3554354-d918-4ee1-a7d5-8fb528ae9b2a" />
      <TestMethod codeBase="C:\Git\erp\tests\Erp.Sales.Tests\bin\Release\net10.0\Erp.Sales.Tests.dll" adapterTypeName="executor://xunit/VsTestRunner3/netcore/" className="Erp.Sales.Tests.SalesDocumentServiceTests" name="IssueAsync_refuses_a_line_without_a_positive_quantity" />
    </UnitTest>
    <UnitTest name="Erp.Sales.Tests.SalesDocumentServiceTests.IssueAsync_numbers_the_document_from_the_series" storage="c:\git\erp\tests\erp.sales.tests\bin\release\net10.0\erp.sales.tests.dll" id="ca098ff0-a835-983d-4a0a-59934b28bc6c">
      <Execution id="39297f1e-707f-40c6-889f-a68b2d156758" />
      <TestMethod codeBase="C:\Git\erp\tests\Erp.Sales.Tests\bin\Release\net10.0\Erp.Sales.Tests.dll" adapterTypeName="executor://xunit/VsTestRunner3/netcore/" className="Erp.Sales.Tests.SalesDocumentServiceTests" name="IssueAsync_numbers_the_document_from_the_series" />
    </UnitTest>
    <UnitTest name="Erp.Sales.Tests.SalesDocumentServiceTests.IssueAsync_chains_the_document_to_the_previous_hash_of_the_series" storage="c:\git\erp\tests\erp.sales.tests\bin\release\net10.0\erp.sales.tests.dll" id="cae51c93-c200-1905-89cc-7e2dc368c867">
      <Execution id="6e534f03-eeca-496c-be47-622ad7336a21" />
      <TestMethod codeBase="C:\Git\erp\tests\Erp.Sales.Tests\bin\Release\net10.0\Erp.Sales.Tests.dll" adapterTypeName="executor://xunit/VsTestRunner3/netcore/" className="Erp.Sales.Tests.SalesDocumentServiceTests" name="IssueAsync_chains_the_document_to_the_previous_hash_of_the_series" />
    </UnitTest>
    <UnitTest name="Erp.Sales.Tests.ProductServiceTests.CreateAsync_rejects_values_outside_the_saft_tables(productType: &quot;X&quot;, taxCode: &quot;NOR&quot;, region: &quot;PT&quot;)" storage="c:\git\erp\tests\erp.sales.tests\bin\release\net10.0\erp.sales.tests.dll" id="b5369568-d026-4e86-5e71-ea2dd5cdc92d">
      <Execution id="c77d9d73-8175-47e1-b374-4f169a0de454" />
      <TestMethod codeBase="C:\Git\erp\tests\Erp.Sales.Tests\bin\Release\net10.0\Erp.Sales.Tests.dll" adapterTypeName="executor://xunit/VsTestRunner3/netcore/" className="Erp.Sales.Tests.ProductServiceTests" name="CreateAsync_rejects_values_outside_the_saft_tables" />
    </UnitTest>
    <UnitTest name="Erp.Sales.Tests.SeriesServiceTests.CreateAsync_rejects_an_unsupported_document_type" storage="c:\git\erp\tests\erp.sales.tests\bin\release\net10.0\erp.sales.tests.dll" id="eeacc949-34bc-d98c-3f87-da4867e53e14">
      <Execution id="9d6a00df-50a8-4ef8-8bfd-f0fa451c991d" />
      <TestMethod codeBase="C:\Git\erp\tests\Erp.Sales.Tests\bin\Release\net10.0\Erp.Sales.Tests.dll" adapterTypeName="executor://xunit/VsTestRunner3/netcore/" className="Erp.Sales.Tests.SeriesServiceTests" name="CreateAsync_rejects_an_unsupported_document_type" />
    </UnitTest>
    <UnitTest name="Erp.Sales.Tests.SeriesTests.TakeNextSequence_fails_on_a_finalized_series" storage="c:\git\erp\tests\erp.sales.tests\bin\release\net10.0\erp.sales.tests.dll" id="428e9b60-d472-6d9c-07d2-781f00ae3fe9">
      <Execution id="694f3c1b-7dc1-4b60-9cca-e4423cb2b628" />
      <TestMethod codeBase="C:\Git\erp\tests\Erp.Sales.Tests\bin\Release\net10.0\Erp.Sales.Tests.dll" adapterTypeName="executor://xunit/VsTestRunner3/netcore/" className="Erp.Sales.Tests.SeriesTests" name="TakeNextSequence_fails_on_a_finalized_series" />
    </UnitTest>
  </TestDefinitions>
  <TestEntries>
    <TestEntry testId="fbae3f20-7e16-c4af-f073-b658d1a2d777" executionId="218dfab4-e74d-4e96-a4b6-e1aa4cc5470a" testListId="8c84fa94-04c1-424b-9868-57a2d4851a1d" />
    <TestEntry testId="710a8c4f-44da-a426-db79-97ee9fa7c49f" executionId="18be3817-3a5d-4abd-b061-20b2d79e32c3" testListId="8c84fa94-04c1-424b-9868-57a2d4851a1d" />
    <TestEntry testId="852c277e-b833-2c85-98fe-2b89e56c3fe2" executionId="deeeffbd-da7a-4a6c-923a-65855a016321" testListId="8c84fa94-04c1-424b-9868-57a2d4851a1d" />
    <TestEntry testId="4721bfb9-7cb7-a14f-2464-1869c35f4274" executionId="c67f2bf6-253f-476a-8521-77929b366d5f" testListId="8c84fa94-04c1-424b-9868-57a2d4851a1d" />
    <TestEntry testId="03467037-0c07-a80f-280a-155c0234ad2d" executionId="b6af734a-e055-461c-abf4-3c7e92196e7d" testListId="8c84fa94-04c1-424b-9868-57a2d4851a1d" />
    <TestEntry testId="87b61a66-4190-ae10-70fd-9e06ae1b3e68" executionId="836922e9-32fc-46ac-973e-8e209985279c" testListId="8c84fa94-04c1-424b-9868-57a2d4851a1d" />
    <TestEntry testId="09bfef10-3166-631f-8b2e-66c8aadd1926" executionId="57dc8258-1f34-4ca2-aa87-db9a29d10784" testListId="8c84fa94-04c1-424b-9868-57a2d4851a1d" />
    <TestEntry testId="ca098ff0-a835-983d-4a0a-59934b28bc6c" executionId="39297f1e-707f-40c6-889f-a68b2d156758" testListId="8c84fa94-04c1-424b-9868-57a2d4851a1d" />
    <TestEntry testId="b69d3461-d833-3aad-2481-3d6152e1ef57" executionId="5e1bfb7a-f4c9-4a5b-9ad9-350e85583555" testListId="8c84fa94-04c1-424b-9868-57a2d4851a1d" />
    <TestEntry testId="6eeeed76-1b6e-ba53-9913-ffd4c076b93e" executionId="8c7b841c-e161-460c-be18-9007b6d63806" testListId="8c84fa94-04c1-424b-9868-57a2d4851a1d" />
    <TestEntry testId="23bdfd81-0d99-3737-75ac-93347f3cfdbd" executionId="59b62fb7-06b2-49a0-bfae-8d38f1eb36f5" testListId="8c84fa94-04c1-424b-9868-57a2d4851a1d" />
    <TestEntry testId="297dc6de-8c63-1c75-ea04-29ce8d658b85" executionId="10746509-d661-4a9e-9639-45113f71c688" testListId="8c84fa94-04c1-424b-9868-57a2d4851a1d" />
    <TestEntry testId="969c9bb7-24a7-42fd-80b3-de3888ff05e1" executionId="3d8421b1-e737-4a79-a918-29892523c72c" testListId="8c84fa94-04c1-424b-9868-57a2d4851a1d" />
    <TestEntry testId="958f53fd-19b0-c441-3a59-bccbceb7c46f" executionId="d3b0610c-fd07-40c0-a921-51b52cbde1d0" testListId="8c84fa94-04c1-424b-9868-57a2d4851a1d" />
    <TestEntry testId="ddc837cd-e574-5176-d5a5-61ff8cef2447" executionId="c8b9a884-b010-4f3d-a760-0f85d6cd392b" testListId="8c84fa94-04c1-424b-9868-57a2d4851a1d" />
    <TestEntry testId="545e7936-8b17-49e1-a63f-ba63ebd4e9af" executionId="aa25105f-3384-44b6-8af1-2644cfc7ad1b" testListId="8c84fa94-04c1-424b-9868-57a2d4851a1d" />
    <TestEntry testId="b34e6f78-34e1-16c8-79a5-852845bae77a" executionId="5f0bfce9-ae53-4e65-9249-8cb233e31882" testListId="8c84fa94-04c1-424b-9868-57a2d4851a1d" />
    <TestEntry testId="0790b5d9-18d7-9aa8-4ec9-6f6095a7fc03" executionId="0967e048-e7e4-470b-8f49-b49efa7ccc24" testListId="8c84fa94-04c1-424b-9868-57a2d4851a1d" />
    <TestEntry testId="1f1d8348-84cb-6dbc-72b3-2dc1d40b8e8f" executionId="acc73a91-bbd4-4fc9-a8f6-b3b6472f6ca9" testListId="8c84fa94-04c1-424b-9868-57a2d4851a1d" />
    <TestEntry testId="d749a5f1-5a19-9486-047d-3096466e180b" executionId="e67d7f6c-0654-4414-9168-f9a54d1b3bb5" testListId="8c84fa94-04c1-424b-9868-57a2d4851a1d" />
    <TestEntry testId="d7af8a15-7994-1a94-47ff-d30988135dd0" executionId="4e1833fb-fcf1-4ab6-b01f-3790d94deaee" testListId="8c84fa94-04c1-424b-9868-57a2d4851a1d" />
    <TestEntry testId="2d50f6e7-8013-42ac-5735-c9e10516ff49" executionId="d3554354-d918-4ee1-a7d5-8fb528ae9b2a" testListId="8c84fa94-04c1-424b-9868-57a2d4851a1d" />
    <TestEntry testId="b5369568-d026-4e86-5e71-ea2dd5cdc92d" executionId="c77d9d73-8175-47e1-b374-4f169a0de454" testListId="8c84fa94-04c1-424b-9868-57a2d4851a1d" />
    <TestEntry testId="2b704b46-9a78-17c0-0a02-699297d7c10a" executionId="09587d25-1638-4ee1-9cad-3c74fd2f6f9b" testListId="8c84fa94-04c1-424b-9868-57a2d4851a1d" />
    <TestEntry testId="99cc6cf9-cfb2-87d8-52ff-c8a5285fe1b3" executionId="65ad6171-14e0-4481-b910-66586eb84250" testListId="8c84fa94-04c1-424b-9868-57a2d4851a1d" />
    <TestEntry testId="428e9b60-d472-6d9c-07d2-781f00ae3fe9" executionId="694f3c1b-7dc1-4b60-9cca-e4423cb2b628" testListId="8c84fa94-04c1-424b-9868-57a2d4851a1d" />
    <TestEntry testId="1a1acb16-0e91-c277-8655-878b3f491985" executionId="0957858d-e23f-493b-b43d-cc1a55d8371c" testListId="8c84fa94-04c1-424b-9868-57a2d4851a1d" />
    <TestEntry testId="c9c08986-4c31-5628-b45b-6fa42782d046" executionId="468b46aa-55c8-4832-9b39-97c1f273bbbc" testListId="8c84fa94-04c1-424b-9868-57a2d4851a1d" />
    <TestEntry testId="b3d7a788-dd39-1500-4f62-33b784f79f38" executionId="9b2becec-163a-4104-bbc1-20e4d9eddffa" testListId="8c84fa94-04c1-424b-9868-57a2d4851a1d" />
    <TestEntry testId="eeacc949-34bc-d98c-3f87-da4867e53e14" executionId="9d6a00df-50a8-4ef8-8bfd-f0fa451c991d" testListId="8c84fa94-04c1-424b-9868-57a2d4851a1d" />
    <TestEntry testId="11871eed-bd84-6eb7-2392-9305b4768236" executionId="45aeb295-8931-407e-8034-9ec409f9501e" testListId="8c84fa94-04c1-424b-9868-57a2d4851a1d" />
    <TestEntry testId="3ccd2f78-eae3-32e6-91dd-a0bc84cb2169" executionId="53d7f7c2-cfe8-45d5-bd3a-81e7dbdfe5dc" testListId="8c84fa94-04c1-424b-9868-57a2d4851a1d" />
    <TestEntry testId="cae51c93-c200-1905-89cc-7e2dc368c867" executionId="6e534f03-eeca-496c-be47-622ad7336a21" testListId="8c84fa94-04c1-424b-9868-57a2d4851a1d" />
    <TestEntry testId="37b4b9f7-3996-2b14-e3c5-ecf898735bc8" executionId="83159cfb-cb9b-4177-9cad-25973f994ca5" testListId="8c84fa94-04c1-424b-9868-57a2d4851a1d" />
    <TestEntry testId="c1658238-aed2-0003-e4db-b5002f57f055" executionId="f134a3a1-c7e6-4f35-8a5a-441a23c72992" testListId="8c84fa94-04c1-424b-9868-57a2d4851a1d" />
    <TestEntry testId="19b5fce9-34f5-b107-aade-706b3bdb177c" executionId="7e4dab17-c465-4fee-b27b-7cc1ce11fde2" testListId="8c84fa94-04c1-424b-9868-57a2d4851a1d" />
    <TestEntry testId="8d75731a-c137-d1af-5ad3-f2cd1a38d96a" executionId="28b8fd6c-556e-4757-81fa-4017ec6cd0c5" testListId="8c84fa94-04c1-424b-9868-57a2d4851a1d" />
    <TestEntry testId="0f6e559b-df0e-fe2c-a2d9-8f66512f0539" executionId="b3929c0a-27a8-49e2-a311-9734156031d0" testListId="8c84fa94-04c1-424b-9868-57a2d4851a1d" />
    <TestEntry testId="a6cd94a0-13b3-d895-e9c4-8a6f20ebf4fd" executionId="f915733e-1a39-499d-ab8f-8b565ff119bf" testListId="8c84fa94-04c1-424b-9868-57a2d4851a1d" />
    <TestEntry testId="14dd732a-785d-acc0-3562-74dfacfffc61" executionId="b85fe835-bedc-449d-b9cd-38371a6987e1" testListId="8c84fa94-04c1-424b-9868-57a2d4851a1d" />
  </TestEntries>
  <TestLists>
    <TestList name="Results Not in a List" id="8c84fa94-04c1-424b-9868-57a2d4851a1d" />
    <TestList name="All Loaded Results" id="19431567-8539-422a-85d7-44ee4e166bda" />
  </TestLists>
  <ResultSummary outcome="Completed">
    <Counters total="40" executed="40" passed="40" failed="0" error="0" timeout="0" aborted="0" inconclusive="0" passedButRunAborted="0" notRunnable="0" notExecuted="0" disconnected="0" warning="0" completed="0" inProgress="0" pending="0" />
    <Output>
      <StdOut>[xUnit.net 00:00:00.00] xUnit.net VSTest Adapter v3.1.5+1b188a7b0a (64-bit .NET 10.0.11)&#xD;
[xUnit.net 00:00:00.17]   Discovering: Erp.Sales.Tests&#xD;
[xUnit.net 00:00:00.26]   Discovered:  Erp.Sales.Tests&#xD;
[xUnit.net 00:00:00.30]   Starting:    Erp.Sales.Tests&#xD;
[xUnit.net 00:00:00.59]   Finished:    Erp.Sales.Tests&#xD;
</StdOut>
    </Output>
  </ResultSummary>
</TestRun>