<?xml version="1.0" encoding="utf-8"?>
<TestRun id="fdd285bd-8143-4bc5-84ab-a586aa5f02be" name="Luis.Magalhaes@MS_A112 2026-09-06 21:35:47" runUser="PRIMAVERA\Luis.Magalhaes" xmlns="http://microsoft.com/schemas/VisualStudio/TeamTest/2010">
  <Times creation="2026-09-06T21:35:47.3292924+01:00" queuing="2026-09-06T21:35:47.3292930+01:00" start="2026-09-06T21:35:45.6972462+01:00" finish="2026-09-06T21:35:47.3789115+01:00" />
  <TestSettings name="default" id="d9bb8ec6-1aa5-4271-abba-6aa7edd78176">
    <Deployment runDeploymentRoot="Luis.Magalhaes_MS_A112_2026-09-06_21_35_47" />
  </TestSettings>
  <Results>
    <UnitTestResult executionId="4cfd3c8e-002f-4a8d-a14e-d1a035d3b0c4" testId="6ca88b63-4fbf-5cd7-6e3f-312d93db472b" testName="Erp.Notification.Tests.EmailHistoryServiceTests.GetHistoryAsync_returns_what_the_storage_gives" computerName="MS_A112" duration="00:00:00.1322566" startTime="2026-09-06T21:35:47.0678279+01:00" endTime="2026-09-06T21:35:47.2158421+01:00" testType="13cdc9d9-ddb5-4fa4-a97d-d965ccfc6d4b" outcome="Passed" testListId="8c84fa94-04c1-424b-9868-57a2d4851a1d" relativeResultsDirectory="4cfd3c8e-002f-4a8d-a14e-d1a035d3b0c4" />
    <UnitTestResult executionId="c22e8686-5d1f-46c0-9245-fb2dd7fab7a7" testId="baecdbe9-2acd-a6af-3511-fabd1551facf" testName="Erp.Notification.Tests.NotificationProcessingServiceTests.ProcessPendingAsync_keeps_going_after_one_email_fails" computerName="MS_A112" duration="00:00:00.0011340" startTime="2026-09-06T21:35:47.2793899+01:00" endTime="2026-09-06T21:35:47.2809405+01:00" testType="13cdc9d9-ddb5-4fa4-a97d-d965ccfc6d4b" outcome="Passed" testListId="8c84fa94-04c1-424b-9868-57a2d4851a1d" relativeResultsDirectory="c22e8686-5d1f-46c0-9245-fb2dd7fab7a7" />
    <UnitTestResult executionId="d1eb7d9b-f540-412b-8653-b3440cf2944b" testId="fcb1a1fe-a5f0-0474-cf32-750452798ed8" testName="Erp.Notification.Tests.NotificationProcessingServiceTests.ProcessPendingAsync_counts_retries_across_cycles" computerName="MS_A112" duration="00:00:00.0010828" startTime="2026-09-06T21:35:47.2770958+01:00" endTime="2026-09-06T21:35:47.2775395+01:00" testType="13cdc9d9-ddb5-4fa4-a97d-d965ccfc6d4b" outcome="Passed" testListId="8c84fa94-04c1-424b-9868-57a2d4851a1d" relativeResultsDirectory="d1eb7d9b-f540-412b-8653-b3440cf2944b" />
    <UnitTestResult executionId="b46fca44-9a1f-420d-a730-12ea296d1151" testId="51a3073d-6e63-fba1-cc53-c8d22a37edc3" testName="Erp.Notification.Tests.EmailHistoryServiceTests.RequeueFailedAsync_keeps_the_retry_count_so_the_history_stays_honest" computerName="MS_A112" duration="00:00:00.0007996" startTime="2026-09-06T21:35:47.2814062+01:00" endTime="2026-09-06T21:35:47.2814739+01:00" testType="13cdc9d9-ddb5-4fa4-a97d-d965ccfc6d4b" outcome="Passed" testListId="8c84fa94-04c1-424b-9868-57a2d4851a1d" relativeResultsDirectory="b46fca44-9a1f-420d-a730-12ea296d1151" />
    <UnitTestResult executionId="7ab6b52f-39fb-402e-9d58-6a94c0fdcfb8" testId="2c03f9c8-3030-293c-5963-11565d4f5588" testName="Erp.Notification.Tests.EmailHistoryServiceTests.RequeueFailedAsync_refuses_anything_that_did_not_fail(status: Pending)" computerName="MS_A112" duration="00:00:00.0049416" startTime="2026-09-06T21:35:47.2347053+01:00" endTime="2026-09-06T21:35:47.2359074+01:00" testType="13cdc9d9-ddb5-4fa4-a97d-d965ccfc6d4b" outcome="Passed" testListId="8c84fa94-04c1-424b-9868-57a2d4851a1d" relativeResultsDirectory="7ab6b52f-39fb-402e-9d58-6a94c0fdcfb8" />
    <UnitTestResult executionId="3e7c8f06-e94e-4137-8b7e-757700c79c62" testId="5b01a7b3-5d2f-4c55-bd31-af045a9bcfa2" testName="Erp.Notification.Tests.EmailNotificationServiceTests.EnqueueAsync_gives_every_email_its_own_identifier" computerName="MS_A112" duration="00:00:00.0019960" startTime="2026-09-06T21:35:47.2346687+01:00" endTime="2026-09-06T21:35:47.2353855+01:00" testType="13cdc9d9-ddb5-4fa4-a97d-d965ccfc6d4b" outcome="Passed" testListId="8c84fa94-04c1-424b-9868-57a2d4851a1d" relativeResultsDirectory="3e7c8f06-e94e-4137-8b7e-757700c79c62" />
    <UnitTestResult executionId="3eef926d-94e3-4f4e-9539-2ec695d79c9c" testId="1b037dae-7e74-79dc-abe3-4b909df9734d" testName="Erp.Notification.Tests.NotificationProcessingServiceTests.ProcessPendingAsync_asks_the_storage_for_the_requested_batch_size" computerName="MS_A112" duration="00:00:00.0012091" startTime="2026-09-06T21:35:47.2349739+01:00" endTime="2026-09-06T21:35:47.2350331+01:00" testType="13cdc9d9-ddb5-4fa4-a97d-d965ccfc6d4b" outcome="Passed" testListId="8c84fa94-04c1-424b-9868-57a2d4851a1d" relativeResultsDirectory="3eef926d-94e3-4f4e-9539-2ec695d79c9c" />
    <UnitTestResult executionId="dc951076-7c24-4bff-8788-b7b888595333" testId="dd21d6e7-c83a-0d30-dd08-b4d4c8729d70" testName="Erp.Notification.Tests.NotificationProcessingServiceTests.ProcessPendingAsync_marks_delivered_emails_as_sent" computerName="MS_A112" duration="00:00:00.0017581" startTime="2026-09-06T21:35:47.2777011+01:00" endTime="2026-09-06T21:35:47.2791807+01:00" testType="13cdc9d9-ddb5-4fa4-a97d-d965ccfc6d4b" outcome="Passed" testListId="8c84fa94-04c1-424b-9868-57a2d4851a1d" relativeResultsDirectory="dc951076-7c24-4bff-8788-b7b888595333" />
    <UnitTestResult executionId="5bc04854-b70e-4544-af82-d76e19bd06e7" testId="6f44139c-baa6-77e8-28ea-8cccad0a70d3" testName="Erp.Notification.Tests.NotificationProcessingServiceTests.ProcessPendingAsync_records_the_failure_instead_of_throwing" computerName="MS_A112" duration="00:00:00.1387075" startTime="2026-09-06T21:35:47.0701780+01:00" endTime="2026-09-06T21:35:47.2231199+01:00" testType="13cdc9d9-ddb5-4fa4-a97d-d965ccfc6d4b" outcome="Passed" testListId="8c84fa94-04c1-424b-9868-57a2d4851a1d" relativeResultsDirectory="5bc04854-b70e-4544-af82-d76e19bd06e7" />
    <UnitTestResult executionId="c2ba2891-ab11-4042-a4e9-02f600212b61" testId="91abedbf-c273-f7b3-e28e-fae3127541f5" testName="Erp.Notification.Tests.EmailNotificationServiceTests.EnqueueAsync_trims_the_address_and_the_subject" computerName="MS_A112" duration="00:00:00.0019940" startTime="2026-09-06T21:35:47.2358321+01:00" endTime="2026-09-06T21:35:47.2771313+01:00" testType="13cdc9d9-ddb5-4fa4-a97d-d965ccfc6d4b" outcome="Passed" testListId="8c84fa94-04c1-424b-9868-57a2d4851a1d" relativeResultsDirectory="c2ba2891-ab11-4042-a4e9-02f600212b61" />
    <UnitTestResult executionId="de1a5ab7-6635-476a-b303-f768f02ab084" testId="b55e38f6-57c7-3763-6e17-f6caa00b75a2" testName="Erp.Notification.Tests.EmailHistoryServiceTests.RequeueFailedAsync_is_false_for_an_unknown_email" computerName="MS_A112" duration="00:00:00.0007974" startTime="2026-09-06T21:35:47.2828175+01:00" endTime="2026-09-06T21:35:47.2828967+01:00" testType="13cdc9d9-ddb5-4fa4-a97d-d965ccfc6d4b" outcome="Passed" testListId="8c84fa94-04c1-424b-9868-57a2d4851a1d" relativeResultsDirectory="de1a5ab7-6635-476a-b303-f768f02ab084" />
    <UnitTestResult executionId="84cfbc30-bf4a-4109-abb5-7877b054ed73" testId="1b32ae42-0f75-4bee-886b-4a491d2eb30d" testName="Erp.Notification.Tests.EmailNotificationServiceTests.EnqueueAsync_stores_the_email_as_pending" computerName="MS_A112" duration="00:00:00.1431055" startTime="2026-09-06T21:35:47.0700830+01:00" endTime="2026-09-06T21:35:47.2229981+01:00" testType="13cdc9d9-ddb5-4fa4-a97d-d965ccfc6d4b" outcome="Passed" testListId="8c84fa94-04c1-424b-9868-57a2d4851a1d" relativeResultsDirectory="84cfbc30-bf4a-4109-abb5-7877b054ed73" />
    <UnitTestResult executionId="eff31250-2a38-4125-89cd-9266d77ae012" testId="37272fe3-049c-aac7-997d-decce1b35714" testName="Erp.Notification.Tests.EmailNotificationServiceTests.EnqueueAsync_keeps_the_body_untouched" computerName="MS_A112" duration="00:00:00.0009466" startTime="2026-09-06T21:35:47.2356095+01:00" endTime="2026-09-06T21:35:47.2356682+01:00" testType="13cdc9d9-ddb5-4fa4-a97d-d965ccfc6d4b" outcome="Passed" testListId="8c84fa94-04c1-424b-9868-57a2d4851a1d" relativeResultsDirectory="eff31250-2a38-4125-89cd-9266d77ae012" />
    <UnitTestResult executionId="30eb61d7-59fe-4f29-ada4-d75012bbfe00" testId="fa14f98f-ee9a-fcf1-1870-f23ea84b1815" testName="Erp.Notification.Tests.EmailHistoryServiceTests.RequeueFailedAsync_refuses_anything_that_did_not_fail(status: Sent)" computerName="MS_A112" duration="00:00:00.0007580" startTime="2026-09-06T21:35:47.2769589+01:00" endTime="2026-09-06T21:35:47.2772747+01:00" testType="13cdc9d9-ddb5-4fa4-a97d-d965ccfc6d4b" outcome="Passed" testListId="8c84fa94-04c1-424b-9868-57a2d4851a1d" relativeResultsDirectory="30eb61d7-59fe-4f29-ada4-d75012bbfe00" />
    <UnitTestResult executionId="eb94060a-0825-42dc-a1f7-419a36b04676" testId="72fa96b4-3231-51ff-f20a-5480d3e7f73c" testName="Erp.Notification.Tests.NotificationProcessingServiceTests.ProcessPendingAsync_saves_nothing_new_when_the_queue_is_empty" computerName="MS_A112" duration="00:00:00.0032469" startTime="2026-09-06T21:35:47.2352915+01:00" endTime="2026-09-06T21:35:47.2765467+01:00" testType="13cdc9d9-ddb5-4fa4-a97d-d965ccfc6d4b" outcome="Passed" testListId="8c84fa94-04c1-424b-9868-57a2d4851a1d" relativeResultsDirectory="eb94060a-0825-42dc-a1f7-419a36b04676" />
    <UnitTestResult executionId="3aa1246b-cadd-4bb4-9390-e7d144b123c5" testId="b3132427-198a-95f4-200e-c26c31236e88" testName="Erp.Notification.Tests.EmailHistoryServiceTests.RequeueFailedAsync_puts_a_failed_email_back_as_pending" computerName="MS_A112" duration="00:00:00.0040771" startTime="2026-09-06T21:35:47.2773906+01:00" endTime="2026-09-06T21:35:47.2812126+01:00" testType="13cdc9d9-ddb5-4fa4-a97d-d965ccfc6d4b" outcome="Passed" testListId="8c84fa94-04c1-424b-9868-57a2d4851a1d" relativeResultsDirectory="3aa1246b-cadd-4bb4-9390-e7d144b123c5" />
  </Results>
  <TestDefinitions>
    <UnitTest name="Erp.Notification.Tests.EmailHistoryServiceTests.GetHistoryAsync_returns_what_the_storage_gives" storage="c:\git\erp\tests\erp.notification.tests\bin\release\net10.0\erp.notification.tests.dll" id="6ca88b63-4fbf-5cd7-6e3f-312d93db472b">
      <Execution id="4cfd3c8e-002f-4a8d-a14e-d1a035d3b0c4" />
      <TestMethod codeBase="C:\Git\erp\tests\Erp.Notification.Tests\bin\Release\net10.0\Erp.Notification.Tests.dll" adapterTypeName="executor://xunit/VsTestRunner3/netcore/" className="Erp.Notification.Tests.EmailHistoryServiceTests" name="GetHistoryAsync_returns_what_the_storage_gives" />
    </UnitTest>
    <UnitTest name="Erp.Notification.Tests.EmailNotificationServiceTests.EnqueueAsync_trims_the_address_and_the_subject" storage="c:\git\erp\tests\erp.notification.tests\bin\release\net10.0\erp.notification.tests.dll" id="91abedbf-c273-f7b3-e28e-fae3127541f5">
      <Execution id="c2ba2891-ab11-4042-a4e9-02f600212b61" />
      <TestMethod codeBase="C:\Git\erp\tests\Erp.Notification.Tests\bin\Release\net10.0\Erp.Notification.Tests.dll" adapterTypeName="executor://xunit/VsTestRunner3/netcore/" className="Erp.Notification.Tests.EmailNotificationServiceTests" name="EnqueueAsync_trims_the_address_and_the_subject" />
    </UnitTest>
    <UnitTest name="Erp.Notification.Tests.EmailNotificationServiceTests.EnqueueAsync_gives_every_email_its_own_identifier" storage="c:\git\erp\tests\erp.notification.tests\bin\release\net10.0\erp.notification.tests.dll" id="5b01a7b3-5d2f-4c55-bd31-af045a9bcfa2">
      <Execution id="3e7c8f06-e94e-4137-8b7e-757700c79c62" />
      <TestMethod codeBase="C:\Git\erp\tests\Erp.Notification.Tests\bin\Release\net10.0\Erp.Notification.Tests.dll" adapterTypeName="executor://xunit/VsTestRunner3/netcore/" className="Erp.Notification.Tests.EmailNotificationServiceTests" name="EnqueueAsync_gives_every_email_its_own_identifier" />
    </UnitTest>
    <UnitTest name="Erp.Notification.Tests.NotificationProcessingServiceTests.ProcessPendingAsync_keeps_going_after_one_email_fails" storage="c:\git\erp\tests\erp.notification.tests\bin\release\net10.0\erp.notification.tests.dll" id="baecdbe9-2acd-a6af-3511-fabd1551facf">
      <Execution id="c22e8686-5d1f-46c0-9245-fb2dd7fab7a7" />
      <TestMethod codeBase="C:\Git\erp\tests\Erp.Notification.Tests\bin\Release\net10.0\Erp.Notification.Tests.dll" adapterTypeName="executor://xunit/VsTestRunner3/netcore/" className="Erp.Notification.Tests.NotificationProcessingServiceTests" name="ProcessPendingAsync_keeps_going_after_one_email_fails" />
    </UnitTest>
    <UnitTest name="Erp.Notification.Tests.NotificationProcessingServiceTests.ProcessPendingAsync_records_the_failure_instead_of_throwing" storage="c:\git\erp\tests\erp.notification.tests\bin\release\net10.0\erp.notification.tests.dll" id="6f44139c-baa6-77e8-28ea-8cccad0a70d3">
      <Execution id="5bc04854-b70e-4544-af82-d76e19bd06e7" />
      <TestMethod codeBase="C:\Git\erp\tests\Erp.Notification.Tests\bin\Release\net10.0\Erp.Notification.Tests.dll" adapterTypeName="executor://xunit/VsTestRunner3/netcore/" className="Erp.Notification.Tests.NotificationProcessingServiceTests" name="ProcessPendingAsync_records_the_failure_instead_of_throwing" />
    </UnitTest>
    <UnitTest name="Erp.Notification.Tests.NotificationProcessingServiceTests.ProcessPendingAsync_asks_the_storage_for_the_requested_batch_size" storage="c:\git\erp\tests\erp.notification.tests\bin\release\net10.0\erp.notification.tests.dll" id="1b037dae-7e74-79dc-abe3-4b909df9734d">
      <Execution id="3eef926d-94e3-4f4e-9539-2ec695d79c9c" />
      <TestMethod codeBase="C:\Git\erp\tests\Erp.Notification.Tests\bin\Release\net10.0\Erp.Notification.Tests.dll" adapterTypeName="executor://xunit/VsTestRunner3/netcore/" className="Erp.Notification.Tests.NotificationProcessingServiceTests" name="ProcessPendingAsync_asks_the_storage_for_the_requested_batch_size" />
    </UnitTest>
    <UnitTest name="Erp.Notification.Tests.NotificationProcessingServiceTests.ProcessPendingAsync_marks_delivered_emails_as_sent" storage="c:\git\erp\tests\erp.notification.tests\bin\release\net10.0\erp.notification.tests.dll" id="dd21d6e7-c83a-0d30-dd08-b4d4c8729d70">
      <Execution id="dc951076-7c24-4bff-8788-b7b888595333" />
      <TestMethod codeBase="C:\Git\erp\tests\Erp.Notification.Tests\bin\Release\net10.0\Erp.Notification.Tests.dll" adapterTypeName="executor://xunit/VsTestRunner3/netcore/" className="Erp.Notification.Tests.NotificationProcessingServiceTests" name="ProcessPendingAsync_marks_delivered_emails_as_sent" />
    </UnitTest>
    <UnitTest name="Erp.Notification.Tests.EmailHistoryServiceTests.RequeueFailedAsync_is_false_for_an_unknown_email" storage="c:\git\erp\tests\erp.notification.tests\bin\release\net10.0\erp.notification.tests.dll" id="b55e38f6-57c7-3763-6e17-f6caa00b75a2">
      <Execution id="de1a5ab7-6635-476a-b303-f768f02ab084" />
      <TestMethod codeBase="C:\Git\erp\tests\Erp.Notification.Tests\bin\Release\net10.0\Erp.Notification.Tests.dll" adapterTypeName="executor://xunit/VsTestRunner3/netcore/" className="Erp.Notification.Tests.EmailHistoryServiceTests" name="RequeueFailedAsync_is_false_for_an_unknown_email" />
    </UnitTest>
    <UnitTest name="Erp.Notification.Tests.EmailHistoryServiceTests.RequeueFailedAsync_refuses_anything_that_did_not_fail(status: Pending)" storage="c:\git\erp\tests\erp.notification.tests\bin\release\net10.0\erp.notification.tests.dll" id="2c03f9c8-3030-293c-5963-11565d4f5588">
      <Execution id="7ab6b52f-39fb-402e-9d58-6a94c0fdcfb8" />
      <TestMethod codeBase="C:\Git\erp\tests\Erp.Notification.Tests\bin\Release\net10.0\Erp.Notification.Tests.dll" adapterTypeName="executor://xunit/VsTestRunner3/netcore/" className="Erp.Notification.Tests.EmailHistoryServiceTests" name="RequeueFailedAsync_refuses_anything_that_did_not_fail" />
    </UnitTest>
    <UnitTest name="Erp.Notification.Tests.EmailNotificationServiceTests.EnqueueAsync_keeps_the_body_untouched" storage="c:\git\erp\tests\erp.notification.tests\bin\release\net10.0\erp.notification.tests.dll" id="37272fe3-049c-aac7-997d-decce1b35714">
      <Execution id="eff31250-2a38-4125-89cd-9266d77ae012" />
      <TestMethod codeBase="C:\Git\erp\tests\Erp.Notification.Tests\bin\Release\net10.0\Erp.Notification.Tests.dll" adapterTypeName="executor://xunit/VsTestRunner3/netcore/" className="Erp.Notification.Tests.EmailNotificationServiceTests" name="EnqueueAsync_keeps_the_body_untouched" />
    </UnitTest>
    <UnitTest name="Erp.Notification.Tests.NotificationProcessingServiceTests.ProcessPendingAsync_saves_nothing_new_when_the_queue_is_empty" storage="c:\git\erp\tests\erp.notification.tests\bin\release\net10.0\erp.notification.tests.dll" id="72fa96b4-3231-51ff-f20a-5480d3e7f73c">
      <Execution id="eb94060a-0825-42dc-a1f7-419a36b04676" />
      <TestMethod codeBase="C:\Git\erp\tests\Erp.Notification.Tests\bin\Release\net10.0\Erp.Notification.Tests.dll" adapterTypeName="executor://xunit/VsTestRunner3/netcore/" className="Erp.Notification.Tests.NotificationProcessingServiceTests" name="ProcessPendingAsync_saves_nothing_new_when_the_queue_is_empty" />
    </UnitTest>
    <UnitTest name="Erp.Notification.Tests.NotificationProcessingServiceTests.ProcessPendingAsync_counts_retries_across_cycles" storage="c:\git\erp\tests\erp.notification.tests\bin\release\net10.0\erp.notification.tests.dll" id="fcb1a1fe-a5f0-0474-cf32-750452798ed8">
      <Execution id="d1eb7d9b-f540-412b-8653-b3440cf2944b" />
      <TestMethod codeBase="C:\Git\erp\tests\Erp.Notification.Tests\bin\Release\net10.0\Erp.Notification.Tests.dll" adapterTypeName="executor://xunit/VsTestRunner3/netcore/" className="Erp.Notification.Tests.NotificationProcessingServiceTests" name="ProcessPendingAsync_counts_retries_across_cycles" />
    </UnitTest>
    <UnitTest name="Erp.Notification.Tests.EmailHistoryServiceTests.RequeueFailedAsync_puts_a_failed_email_back_as_pending" storage="c:\git\erp\tests\erp.notification.tests\bin\release\net10.0\erp.notification.tests.dll" id="b3132427-198a-95f4-200e-c26c31236e88">
      <Execution id="3aa1246b-cadd-4bb4-9390-e7d144b123c5" />
      <TestMethod codeBase="C:\Git\erp\tests\Erp.Notification.Tests\bin\Release\net10.0\Erp.Notification.Tests.dll" adapterTypeName="executor://xunit/VsTestRunner3/netcore/" className="Erp.Notification.Tests.EmailHistoryServiceTests" name="RequeueFailedAsync_puts_a_failed_email_back_as_pending" />
    </UnitTest>
    <UnitTest name="Erp.Notification.Tests.EmailHistoryServiceTests.RequeueFailedAsync_refuses_anything_that_did_not_fail(status: Sent)" storage="c:\git\erp\tests\erp.notification.tests\bin\release\net10.0\erp.notification.tests.dll" id="fa14f98f-ee9a-fcf1-1870-f23ea84b1815">
      <Execution id="30eb61d7-59fe-4f29-ada4-d75012bbfe00" />
      <TestMethod codeBase="C:\Git\erp\tests\Erp.Notification.Tests\bin\Release\net10.0\Erp.Notification.Tests.dll" adapterTypeName="executor://xunit/VsTestRunner3/netcore/" className="Erp.Notification.Tests.EmailHistoryServiceTests" name="RequeueFailedAsync_refuses_anything_that_did_not_fail" />
    </UnitTest>
    <UnitTest name="Erp.Notification.Tests.EmailNotificationServiceTests.EnqueueAsync_stores_the_email_as_pending" storage="c:\git\erp\tests\erp.notification.tests\bin\release\net10.0\erp.notification.tests.dll" id="1b32ae42-0f75-4bee-886b-4a491d2eb30d">
      <Execution id="84cfbc30-bf4a-4109-abb5-7877b054ed73" />
      <TestMethod codeBase="C:\Git\erp\tests\Erp.Notification.Tests\bin\Release\net10.0\Erp.Notification.Tests.dll" adapterTypeName="executor://xunit/VsTestRunner3/netcore/" className="Erp.Notification.Tests.EmailNotificationServiceTests" name="EnqueueAsync_stores_the_email_as_pending" />
    </UnitTest>
    <UnitTest name="Erp.Notification.Tests.EmailHistoryServiceTests.RequeueFailedAsync_keeps_the_retry_count_so_the_history_stays_honest" storage="c:\git\erp\tests\erp.notification.tests\bin\release\net10.0\erp.notification.tests.dll" id="51a3073d-6e63-fba1-cc53-c8d22a37edc3">
      <Execution id="b46fca44-9a1f-420d-a730-12ea296d1151" />
      <TestMethod codeBase="C:\Git\erp\tests\Erp.Notification.Tests\bin\Release\net10.0\Erp.Notification.Tests.dll" adapterTypeName="executor://xunit/VsTestRunner3/netcore/" className="Erp.Notification.Tests.EmailHistoryServiceTests" name="RequeueFailedAsync_keeps_the_retry_count_so_the_history_stays_honest" />
    </UnitTest>
  </TestDefinitions>
  <TestEntries>
    <TestEntry testId="6ca88b63-4fbf-5cd7-6e3f-312d93db472b" executionId="4cfd3c8e-002f-4a8d-a14e-d1a035d3b0c4" testListId="8c84fa94-04c1-424b-9868-57a2d4851a1d" />
    <TestEntry testId="baecdbe9-2acd-a6af-3511-fabd1551facf" executionId="c22e8686-5d1f-46c0-9245-fb2dd7fab7a7" testListId="8c84fa94-04c1-424b-9868-57a2d4851a1d" />
    <TestEntry testId="fcb1a1fe-a5f0-0474-cf32-750452798ed8" executionId="d1eb7d9b-f540-412b-8653-b3440cf2944b" testListId="8c84fa94-04c1-424b-9868-57a2d4851a1d" />
    <TestEntry testId="51a3073d-6e63-fba1-cc53-c8d22a37edc3" executionId="b46fca44-9a1f-420d-a730-12ea296d1151" testListId="8c84fa94-04c1-424b-9868-57a2d4851a1d" />
    <TestEntry testId="2c03f9c8-3030-293c-5963-11565d4f5588" executionId="7ab6b52f-39fb-402e-9d58-6a94c0fdcfb8" testListId="8c84fa94-04c1-424b-9868-57a2d4851a1d" />
    <TestEntry testId="5b01a7b3-5d2f-4c55-bd31-af045a9bcfa2" executionId="3e7c8f06-e94e-4137-8b7e-757700c79c62" testListId="8c84fa94-04c1-424b-9868-57a2d4851a1d" />
    <TestEntry testId="1b037dae-7e74-79dc-abe3-4b909df9734d" executionId="3eef926d-94e3-4f4e-9539-2ec695d79c9c" testListId="8c84fa94-04c1-424b-9868-57a2d4851a1d" />
    <TestEntry testId="dd21d6e7-c83a-0d30-dd08-b4d4c8729d70" executionId="dc951076-7c24-4bff-8788-b7b888595333" testListId="8c84fa94-04c1-424b-9868-57a2d4851a1d" />
    <TestEntry testId="6f44139c-baa6-77e8-28ea-8cccad0a70d3" executionId="5bc04854-b70e-4544-af82-d76e19bd06e7" testListId="8c84fa94-04c1-424b-9868-57a2d4851a1d" />
    <TestEntry testId="91abedbf-c273-f7b3-e28e-fae3127541f5" executionId="c2ba2891-ab11-4042-a4e9-02f600212b61" testListId="8c84fa94-04c1-424b-9868-57a2d4851a1d" />
    <TestEntry testId="b55e38f6-57c7-3763-6e17-f6caa00b75a2" executionId="de1a5ab7-6635-476a-b303-f768f02ab084" testListId="8c84fa94-04c1-424b-9868-57a2d4851a1d" />
    <TestEntry testId="1b32ae42-0f75-4bee-886b-4a491d2eb30d" executionId="84cfbc30-bf4a-4109-abb5-7877b054ed73" testListId="8c84fa94-04c1-424b-9868-57a2d4851a1d" />
    <TestEntry testId="37272fe3-049c-aac7-997d-decce1b35714" executionId="eff31250-2a38-4125-89cd-9266d77ae012" testListId="8c84fa94-04c1-424b-9868-57a2d4851a1d" />
    <TestEntry testId="fa14f98f-ee9a-fcf1-1870-f23ea84b1815" executionId="30eb61d7-59fe-4f29-ada4-d75012bbfe00" testListId="8c84fa94-04c1-424b-9868-57a2d4851a1d" />
    <TestEntry testId="72fa96b4-3231-51ff-f20a-5480d3e7f73c" executionId="eb94060a-0825-42dc-a1f7-419a36b04676" testListId="8c84fa94-04c1-424b-9868-57a2d4851a1d" />
    <TestEntry testId="b3132427-198a-95f4-200e-c26c31236e88" executionId="3aa1246b-cadd-4bb4-9390-e7d144b123c5" testListId="8c84fa94-04c1-424b-9868-57a2d4851a1d" />
  </TestEntries>
  <TestLists>
    <TestList name="Results Not in a List" id="8c84fa94-04c1-424b-9868-57a2d4851a1d" />
    <TestList name="All Loaded Results" id="19431567-8539-422a-85d7-44ee4e166bda" />
  </TestLists>
  <ResultSummary outcome="Completed">
    <Counters total="16" executed="16" passed="16" failed="0" error="0" timeout="0" aborted="0" inconclusive="0" passedButRunAborted="0" notRunnable="0" notExecuted="0" disconnected="0" warning="0" completed="0" inProgress="0" pending="0" />
    <Output>
      <StdOut>[xUnit.net 00:00:00.01] xUnit.net VSTest Adapter v3.1.5+1b188a7b0a (64-bit .NET 10.0.11)&#xD;
[xUnit.net 00:00:00.17]   Discovering: Erp.Notification.Tests&#xD;
[xUnit.net 00:00:00.25]   Discovered:  Erp.Notification.Tests&#xD;
[xUnit.net 00:00:00.29]   Starting:    Erp.Notification.Tests&#xD;
[xUnit.net 00:00:00.54]   Finished:    Erp.Notification.Tests&#xD;
</StdOut>
    </Output>
  </ResultSummary>
</TestRun>